2024-05-13 20:47:45,647 [INFO] Activator:176 - 


2024-05-13 20:47:45,653 [INFO] Activator:177 - !SESSION log4j initialized
2024-05-13 20:47:48,160 [INFO] LogOutputStream:77 - [STDOUT_REDIRECT] 
2024-05-13 20:47:50,527 [INFO] ApplicationProperties:184 - Using Application install path: C:\ST\STM32CubeIDE_1.15.0\STM32CubeIDE\plugins\com.st.stm32cube.common.mx_6.11.1.202404110753
2024-05-13 20:47:50,547 [INFO] DbMcusXml:78 - Set database path to: C:\ST\STM32CubeIDE_1.15.0\STM32CubeIDE\plugins\com.st.stm32cube.common.mx_6.11.1.202404110753\\db\/mcu/
2024-05-13 20:47:50,548 [INFO] ApiDb:274 - Set plugin database path to: C:\ST\STM32CubeIDE_1.15.0\STM32CubeIDE\plugins\com.st.stm32cube.common.mx_6.11.1.202404110753\\db\/plugins/boardmanager/
2024-05-13 20:47:50,548 [WARN] ApiDb:259 - Overriding images path with different value:  => C:\ST\STM32CubeIDE_1.15.0\STM32CubeIDE\plugins\com.st.stm32cube.common.mx_6.11.1.202404110753\\db\/plugins/mcufinder/images/
2024-05-13 20:47:50,553 [INFO] ApiDb:250 - Set database path to: C:\Users\chris\.stmcufinder\plugins\mcufinder//mcu/
2024-05-13 20:47:50,554 [INFO] DbMcusAds:125 - Set database path to: C:\Users\chris\.stmcufinder\plugins\mcufinder//mcu/
2024-05-13 20:47:50,556 [INFO] CrossReferenceDbSqlite:203 - Set database path to: C:\Users\chris\.stmcufinder\plugins\mcufinder//mcu/cs/
2024-05-13 20:47:50,654 [INFO] RulesReader:64 - Compatibility file has been processed (297 Rules)
2024-05-13 20:47:50,757 [INFO] DbMcusXml:78 - Set database path to: C:\ST\STM32CubeIDE_1.15.0\STM32CubeIDE\plugins\com.st.stm32cube.common.mx_6.11.1.202404110753\\db\/mcu/
2024-05-13 20:47:50,757 [INFO] ApiDb:274 - Set plugin database path to: C:\ST\STM32CubeIDE_1.15.0\STM32CubeIDE\plugins\com.st.stm32cube.common.mx_6.11.1.202404110753\\db\/plugins/boardmanager/
2024-05-13 20:47:50,758 [INFO] ApiDb:261 - Set plugin images path to: C:\ST\STM32CubeIDE_1.15.0\STM32CubeIDE\plugins\com.st.stm32cube.common.mx_6.11.1.202404110753\\db\/plugins/mcufinder/images/
2024-05-13 20:47:50,758 [WARN] DbFile:41 - Overriding database path with different value: C:\Users\chris\.stmcufinder\plugins\mcufinder/ => C:\Users\chris\.stmcufinder\plugins\mcufinder
2024-05-13 20:47:50,758 [INFO] ApiDb:250 - Set database path to: C:\Users\chris\.stmcufinder\plugins\mcufinder//mcu/
2024-05-13 20:47:50,758 [WARN] DbFile:41 - Overriding database path with different value: C:\Users\chris\.stmcufinder\plugins\mcufinder/ => C:\Users\chris\.stmcufinder\plugins\mcufinder
2024-05-13 20:47:50,759 [INFO] DbMcusAds:125 - Set database path to: C:\Users\chris\.stmcufinder\plugins\mcufinder//mcu/
2024-05-13 20:47:50,759 [WARN] DbFile:41 - Overriding database path with different value: C:\Users\chris\.stmcufinder\plugins\mcufinder/ => C:\Users\chris\.stmcufinder\plugins\mcufinder
2024-05-13 20:47:50,759 [WARN] DbFile:41 - Overriding database path with different value: C:\Users\chris\.stmcufinder\plugins\mcufinder/ => C:\Users\chris\.stmcufinder\plugins\mcufinder
2024-05-13 20:47:50,759 [INFO] CrossReferenceDbSqlite:203 - Set database path to: C:\Users\chris\.stmcufinder\plugins\mcufinder//mcu/cs/
2024-05-13 20:47:50,826 [INFO] MainPanel:264 - HeapMemory: 268435456
2024-05-13 20:47:50,892 [INFO] DbMcusXml:78 - Set database path to: C:\ST\STM32CubeIDE_1.15.0\STM32CubeIDE\plugins\com.st.stm32cube.common.mx_6.11.1.202404110753\\db\/mcu/
2024-05-13 20:47:50,892 [INFO] ApiDb:274 - Set plugin database path to: C:\ST\STM32CubeIDE_1.15.0\STM32CubeIDE\plugins\com.st.stm32cube.common.mx_6.11.1.202404110753\\db\/plugins/boardmanager/
2024-05-13 20:47:50,892 [INFO] ApiDb:261 - Set plugin images path to: C:\ST\STM32CubeIDE_1.15.0\STM32CubeIDE\plugins\com.st.stm32cube.common.mx_6.11.1.202404110753\\db\/plugins/mcufinder/images/
2024-05-13 20:47:50,892 [WARN] DbFile:41 - Overriding database path with different value: C:\Users\chris\.stmcufinder\plugins\mcufinder/ => C:\Users\chris\.stmcufinder\plugins\mcufinder
2024-05-13 20:47:50,892 [INFO] ApiDb:250 - Set database path to: C:\Users\chris\.stmcufinder\plugins\mcufinder//mcu/
2024-05-13 20:47:50,892 [WARN] DbFile:41 - Overriding database path with different value: C:\Users\chris\.stmcufinder\plugins\mcufinder/ => C:\Users\chris\.stmcufinder\plugins\mcufinder
2024-05-13 20:47:50,893 [INFO] DbMcusAds:125 - Set database path to: C:\Users\chris\.stmcufinder\plugins\mcufinder//mcu/
2024-05-13 20:47:50,893 [WARN] DbFile:41 - Overriding database path with different value: C:\Users\chris\.stmcufinder\plugins\mcufinder/ => C:\Users\chris\.stmcufinder\plugins\mcufinder
2024-05-13 20:47:50,893 [WARN] DbFile:41 - Overriding database path with different value: C:\Users\chris\.stmcufinder\plugins\mcufinder/ => C:\Users\chris\.stmcufinder\plugins\mcufinder
2024-05-13 20:47:50,893 [INFO] CrossReferenceDbSqlite:203 - Set database path to: C:\Users\chris\.stmcufinder\plugins\mcufinder//mcu/cs/
2024-05-13 20:47:50,909 [INFO] ApplicationProperties:184 - Using Application install path: C:\ST\STM32CubeIDE_1.15.0\STM32CubeIDE\plugins\com.st.stm32cube.common.mx_6.11.1.202404110753
2024-05-13 20:47:50,910 [INFO] PluginManage:196 - Search for loadable plugins [exclusion list=, ]
2024-05-13 20:47:50,911 [INFO] PluginManage:310 - Check plugin analytics
2024-05-13 20:47:51,090 [INFO] AnalyticsPlugin:253 - Accepted Software Licenses: STM32CubeMX.6.11.0,STM32CubeMX.6.11.1,STM32CubeMX.6.9.2,STM32CubeMX.6.2.0
2024-05-13 20:47:51,090 [INFO] AnalyticsPlugin:255 - Accepted CMSIS Pack Licenses: STMicroelectronics.X-CUBE-EEPRMA1.4.1.0
2024-05-13 20:47:51,091 [INFO] AnalyticsPlugin:257 - Accepted Firmware Licenses: FW.F4.1.27.0,FW.F4.1.28.0
2024-05-13 20:47:51,093 [INFO] PluginManage:359 - Loaded plugin analytics (category:tool,tabindex:-1)
2024-05-13 20:47:51,093 [INFO] PluginManage:310 - Check plugin cadmodel
2024-05-13 20:47:51,115 [INFO] CADModel:105 - Init CAD model plugin
2024-05-13 20:47:51,116 [INFO] PluginManage:359 - Loaded plugin cadmodel (category:power,tabindex:5)
2024-05-13 20:47:51,116 [INFO] PluginManage:310 - Check plugin clock
2024-05-13 20:47:51,125 [INFO] PluginManage:359 - Loaded plugin clock (category:base,tabindex:2)
2024-05-13 20:47:51,125 [INFO] PluginManage:310 - Check plugin ddr
2024-05-13 20:47:51,127 [INFO] PluginManage:359 - Loaded plugin ddr (category:tool,tabindex:6)
2024-05-13 20:47:51,128 [INFO] PluginManage:310 - Check plugin filemanager
2024-05-13 20:47:51,276 [INFO] PluginManage:359 - Loaded plugin filemanager (category:base,tabindex:10)
2024-05-13 20:47:51,277 [INFO] PluginManage:310 - Check plugin ipmanager
2024-05-13 20:47:51,285 [INFO] PluginManage:359 - Loaded plugin ipmanager (category:base,tabindex:5)
2024-05-13 20:47:51,285 [INFO] PluginManage:310 - Check plugin lpbam
2024-05-13 20:47:51,300 [INFO] PluginManage:359 - Loaded plugin lpbam (category:base,tabindex:0)
2024-05-13 20:47:51,300 [INFO] PluginManage:310 - Check plugin memorymap
2024-05-13 20:47:51,315 [INFO] PluginManage:359 - Loaded plugin memorymap (category:base,tabindex:4)
2024-05-13 20:47:51,315 [INFO] PluginManage:310 - Check plugin pinoutandconfiguration
2024-05-13 20:47:51,326 [INFO] PluginManage:359 - Loaded plugin pinoutandconfiguration (category:base,tabindex:1)
2024-05-13 20:47:51,326 [INFO] PluginManage:310 - Check plugin pinoutconfig
2024-05-13 20:47:51,424 [WARN] SupportedApi:132 - Cannot load RTOS API schema: s4s-elt-must-match.1: The content of 'definitions' must match (annotation?, (simpleType | complexType)?, (unique | key | keyref)*)). A problem was found starting at: attribute.
2024-05-13 20:47:51,563 [INFO] PluginManage:359 - Loaded plugin pinoutconfig (category:base,tabindex:0)
2024-05-13 20:47:51,564 [INFO] PluginManage:310 - Check plugin power
2024-05-13 20:47:51,574 [INFO] PluginManage:359 - Loaded plugin power (category:power,tabindex:4)
2024-05-13 20:47:51,574 [INFO] PluginManage:310 - Check plugin projectmanager
2024-05-13 20:47:51,590 [INFO] PluginManage:359 - Loaded plugin projectmanager (category:projectmanager,tabindex:3)
2024-05-13 20:47:51,590 [INFO] PluginManage:310 - Check plugin thirdparty
2024-05-13 20:47:51,711 [INFO] PluginManage:359 - Loaded plugin thirdparty (category:base,tabindex:-1)
2024-05-13 20:47:51,711 [INFO] PluginManage:310 - Check plugin tools
2024-05-13 20:47:51,711 [WARN] IntegrityCheckThread:84 - waiting for thirdparty lock release [integrity check]
2024-05-13 20:47:51,711 [INFO] IntegrityCheckThread:86 - entering critical section [integrity check]
2024-05-13 20:47:51,712 [INFO] ThirdPartyUpdaterWithRetryManager:70 - Updater plugin not ready yet. [1/15]
2024-05-13 20:47:51,714 [INFO] PluginManage:359 - Loaded plugin tools (category:base,tabindex:7)
2024-05-13 20:47:51,714 [INFO] PluginManage:310 - Check plugin tutovideos
2024-05-13 20:47:51,878 [INFO] PluginManage:359 - Loaded plugin tutovideos (category:base,tabindex:-1)
2024-05-13 20:47:51,879 [INFO] PluginManage:310 - Check plugin updater
2024-05-13 20:47:51,888 [INFO] PluginManage:359 - Loaded plugin updater (category:base,tabindex:12)
2024-05-13 20:47:51,888 [INFO] PluginManage:310 - Check plugin userauth
2024-05-13 20:47:51,893 [INFO] UserAuth:114 - Init User Auth plugin
2024-05-13 20:47:51,893 [INFO] PluginManage:359 - Loaded plugin userauth (category:base,tabindex:14)
2024-05-13 20:47:51,893 [INFO] PluginManage:283 - PluginManage : Loaded plugins [17]
2024-05-13 20:47:52,086 [INFO] PinOutPanel:1561 - setPackage(No Configuration,No Configuration)
2024-05-13 20:47:52,171 [INFO] CADModel:165 - CPN selected for project level
2024-05-13 20:47:52,171 [INFO] CADModel:114 - Register for checkConnection events
2024-05-13 20:47:52,190 [INFO] IPUIPlugin:80 - create IPUIPlugin
2024-05-13 20:47:52,190 [INFO] PluginManager:220 - loadIPPluginJar : add adc
2024-05-13 20:47:52,193 [INFO] IPUIPlugin:80 - create IPUIPlugin
2024-05-13 20:47:52,193 [INFO] PluginManager:220 - loadIPPluginJar : add aes
2024-05-13 20:47:52,196 [INFO] IPUIPlugin:80 - create IPUIPlugin
2024-05-13 20:47:52,196 [INFO] PluginManager:220 - loadIPPluginJar : add can
2024-05-13 20:47:52,197 [INFO] IPUIPlugin:80 - create IPUIPlugin
2024-05-13 20:47:52,198 [INFO] PluginManager:220 - loadIPPluginJar : add comp
2024-05-13 20:47:52,200 [INFO] IPUIPlugin:80 - create IPUIPlugin
2024-05-13 20:47:52,200 [INFO] PluginManager:220 - loadIPPluginJar : add cryp
2024-05-13 20:47:52,202 [INFO] IPUIPlugin:80 - create IPUIPlugin
2024-05-13 20:47:52,202 [INFO] PluginManager:220 - loadIPPluginJar : add dfsdm
2024-05-13 20:47:52,208 [INFO] IPUIPlugin:80 - create IPUIPlugin
2024-05-13 20:47:52,208 [INFO] PluginManager:220 - loadIPPluginJar : add dma
2024-05-13 20:47:52,210 [INFO] IPUIPlugin:80 - create IPUIPlugin
2024-05-13 20:47:52,211 [INFO] PluginManager:220 - loadIPPluginJar : add dma3
2024-05-13 20:47:52,213 [INFO] IPUIPlugin:80 - create IPUIPlugin
2024-05-13 20:47:52,213 [INFO] PluginManager:220 - loadIPPluginJar : add extmemmanager
2024-05-13 20:47:52,214 [INFO] IPUIPlugin:80 - create IPUIPlugin
2024-05-13 20:47:52,214 [INFO] PluginManager:220 - loadIPPluginJar : add fatfs
2024-05-13 20:47:52,218 [INFO] IPUIPlugin:80 - create IPUIPlugin
2024-05-13 20:47:52,218 [INFO] PluginManager:220 - loadIPPluginJar : add fmc
2024-05-13 20:47:52,223 [INFO] IPUIPlugin:80 - create IPUIPlugin
2024-05-13 20:47:52,223 [INFO] PluginManager:220 - loadIPPluginJar : add freertos
2024-05-13 20:47:52,225 [INFO] IPUIPlugin:80 - create IPUIPlugin
2024-05-13 20:47:52,225 [INFO] PluginManager:220 - loadIPPluginJar : add genericplugin
2024-05-13 20:47:52,227 [INFO] IPUIPlugin:80 - create IPUIPlugin
2024-05-13 20:47:52,227 [INFO] PluginManager:220 - loadIPPluginJar : add gfxmmu
2024-05-13 20:47:52,231 [INFO] IPUIPlugin:80 - create IPUIPlugin
2024-05-13 20:47:52,231 [INFO] PluginManager:220 - loadIPPluginJar : add gic
2024-05-13 20:47:52,234 [INFO] IPUIPlugin:80 - create IPUIPlugin
2024-05-13 20:47:52,235 [INFO] PluginManager:220 - loadIPPluginJar : add gpio
2024-05-13 20:47:52,238 [INFO] IPUIPlugin:80 - create IPUIPlugin
2024-05-13 20:47:52,238 [INFO] PluginManager:220 - loadIPPluginJar : add gtzc
2024-05-13 20:47:52,240 [INFO] IPUIPlugin:80 - create IPUIPlugin
2024-05-13 20:47:52,240 [INFO] PluginManager:220 - loadIPPluginJar : add hash
2024-05-13 20:47:52,243 [INFO] IPUIPlugin:80 - create IPUIPlugin
2024-05-13 20:47:52,243 [INFO] PluginManager:220 - loadIPPluginJar : add i2c
2024-05-13 20:47:52,245 [INFO] IPUIPlugin:80 - create IPUIPlugin
2024-05-13 20:47:52,245 [INFO] PluginManager:220 - loadIPPluginJar : add i2s
2024-05-13 20:47:52,248 [INFO] IPUIPlugin:80 - create IPUIPlugin
2024-05-13 20:47:52,248 [INFO] PluginManager:220 - loadIPPluginJar : add i3c
2024-05-13 20:47:52,252 [INFO] IPUIPlugin:80 - create IPUIPlugin
2024-05-13 20:47:52,252 [INFO] PluginManager:220 - loadIPPluginJar : add ipddr
2024-05-13 20:47:52,260 [INFO] IPUIPlugin:80 - create IPUIPlugin
2024-05-13 20:47:52,261 [INFO] PluginManager:220 - loadIPPluginJar : add linkedlist
2024-05-13 20:47:52,263 [INFO] IPUIPlugin:80 - create IPUIPlugin
2024-05-13 20:47:52,264 [INFO] PluginManager:220 - loadIPPluginJar : add lorawan
2024-05-13 20:47:52,265 [INFO] IPUIPlugin:80 - create IPUIPlugin
2024-05-13 20:47:52,265 [INFO] PluginManager:220 - loadIPPluginJar : add ltdc
2024-05-13 20:47:52,271 [INFO] IPUIPlugin:80 - create IPUIPlugin
2024-05-13 20:47:52,272 [INFO] PluginManager:220 - loadIPPluginJar : add mdma
2024-05-13 20:47:52,275 [INFO] IPUIPlugin:80 - create IPUIPlugin
2024-05-13 20:47:52,275 [INFO] PluginManager:220 - loadIPPluginJar : add nvic
2024-05-13 20:47:52,278 [INFO] IPUIPlugin:80 - create IPUIPlugin
2024-05-13 20:47:52,278 [INFO] PluginManager:220 - loadIPPluginJar : add opamp
2024-05-13 20:47:52,281 [INFO] IPUIPlugin:80 - create IPUIPlugin
2024-05-13 20:47:52,282 [INFO] PluginManager:220 - loadIPPluginJar : add openamp
2024-05-13 20:47:52,285 [INFO] IPUIPlugin:80 - create IPUIPlugin
2024-05-13 20:47:52,285 [INFO] PluginManager:220 - loadIPPluginJar : add pdm2pcm
2024-05-13 20:47:52,292 [INFO] IPUIPlugin:80 - create IPUIPlugin
2024-05-13 20:47:52,294 [INFO] PluginManager:220 - loadIPPluginJar : add plateformsettings
2024-05-13 20:47:52,296 [INFO] IPUIPlugin:80 - create IPUIPlugin
2024-05-13 20:47:52,296 [INFO] PluginManager:220 - loadIPPluginJar : add quadspi
2024-05-13 20:47:52,301 [INFO] IPUIPlugin:80 - create IPUIPlugin
2024-05-13 20:47:52,301 [INFO] PluginManager:220 - loadIPPluginJar : add resmgrutility
2024-05-13 20:47:52,305 [INFO] IPUIPlugin:80 - create IPUIPlugin
2024-05-13 20:47:52,305 [INFO] PluginManager:220 - loadIPPluginJar : add sai
2024-05-13 20:47:52,309 [INFO] IPUIPlugin:80 - create IPUIPlugin
2024-05-13 20:47:52,309 [INFO] PluginManager:220 - loadIPPluginJar : add spi
2024-05-13 20:47:52,314 [INFO] IPUIPlugin:80 - create IPUIPlugin
2024-05-13 20:47:52,314 [INFO] PluginManager:220 - loadIPPluginJar : add stm32_wpan
2024-05-13 20:47:52,317 [INFO] IPUIPlugin:80 - create IPUIPlugin
2024-05-13 20:47:52,317 [INFO] PluginManager:220 - loadIPPluginJar : add tim
2024-05-13 20:47:52,322 [INFO] IPUIPlugin:80 - create IPUIPlugin
2024-05-13 20:47:52,322 [INFO] PluginManager:220 - loadIPPluginJar : add touchsensing
2024-05-13 20:47:52,324 [INFO] IPUIPlugin:80 - create IPUIPlugin
2024-05-13 20:47:52,324 [INFO] PluginManager:220 - loadIPPluginJar : add tracer_emb
2024-05-13 20:47:52,327 [INFO] IPUIPlugin:80 - create IPUIPlugin
2024-05-13 20:47:52,327 [INFO] PluginManager:220 - loadIPPluginJar : add ts
2024-05-13 20:47:52,329 [INFO] IPUIPlugin:80 - create IPUIPlugin
2024-05-13 20:47:52,329 [INFO] PluginManager:220 - loadIPPluginJar : add tsc
2024-05-13 20:47:52,332 [INFO] IPUIPlugin:80 - create IPUIPlugin
2024-05-13 20:47:52,332 [INFO] PluginManager:220 - loadIPPluginJar : add ucpd
2024-05-13 20:47:52,336 [INFO] IPUIPlugin:80 - create IPUIPlugin
2024-05-13 20:47:52,336 [INFO] PluginManager:220 - loadIPPluginJar : add usart
2024-05-13 20:47:52,342 [INFO] IPUIPlugin:80 - create IPUIPlugin
2024-05-13 20:47:52,342 [INFO] PluginManager:220 - loadIPPluginJar : add usbx
2024-05-13 20:47:52,480 [INFO] CADModel:165 - CPN selected for project level
2024-05-13 20:47:52,480 [INFO] CADModel:114 - Register for checkConnection events
2024-05-13 20:47:52,480 [FATAL] Updater:308 - Updater called before beeing initialized
2024-05-13 20:47:52,480 [ERROR] CADModel:125 - Updater not yet initialized, retry later 
2024-05-13 20:47:52,603 [INFO] CADModel:165 - CPN selected for project level
2024-05-13 20:47:52,603 [INFO] CADModel:114 - Register for checkConnection events
2024-05-13 20:47:52,603 [FATAL] Updater:308 - Updater called before beeing initialized
2024-05-13 20:47:52,603 [ERROR] CADModel:125 - Updater not yet initialized, retry later 
2024-05-13 20:47:52,606 [FATAL] Updater:308 - Updater called before beeing initialized
2024-05-13 20:47:52,718 [FATAL] Updater:308 - Updater called before beeing initialized
2024-05-13 20:47:52,722 [INFO] DbMcusAds:53 - JSON generation date=Thu May 02 10:37:29 CEST 2024 (1714639049318)
2024-05-13 20:47:52,722 [FATAL] Updater:308 - Updater called before beeing initialized
2024-05-13 20:47:52,755 [WARN] DetailPanel:346 - Failed to get advertising image, set to default
2024-05-13 20:47:52,847 [FATAL] Updater:308 - Updater called before beeing initialized
2024-05-13 20:47:52,849 [FATAL] Updater:308 - Updater called before beeing initialized
2024-05-13 20:47:52,849 [FATAL] Updater:308 - Updater called before beeing initialized
2024-05-13 20:47:52,849 [WARN] DetailPanel:346 - Failed to get advertising image, set to default
2024-05-13 20:47:52,850 [FATAL] Updater:308 - Updater called before beeing initialized
2024-05-13 20:47:52,891 [ERROR] Updater:1120 - MainUpdater not yet initialized. External WinMGr cannot be set.
2024-05-13 20:47:52,893 [INFO] Updater:1056 - Updater Version found : 6.11.1
2024-05-13 20:47:52,910 [INFO] ApplicationProperties:184 - Using Application install path: C:\ST\STM32CubeIDE_1.15.0\STM32CubeIDE\plugins\com.st.stm32cube.common.mx_6.11.1.202404110753
2024-05-13 20:47:53,468 [INFO] MainUpdater:2873 - connection check result : 10
2024-05-13 20:47:53,469 [INFO] MainUpdater:290 - Updater Check For Update Now.
2024-05-13 20:47:53,469 [INFO] MicroXplorer:498 - Change Database Version : DB.6.0.111
2024-05-13 20:47:53,476 [INFO] McuFinderGlobals:63 - Set McuFinder mode to 2 (CubeIDE integrated)
2024-05-13 20:47:53,483 [INFO] UserAuth:415 - Internet connection configuration mode: 1
2024-05-13 20:47:53,501 [INFO] JxBrowserEngine:152 - Initiate JxBrowser Engine with user profile folder
2024-05-13 20:47:53,663 [INFO] CheckServerUpdateThread:120 - End of CheckServer Thread
2024-05-13 20:47:54,242 [INFO] WebApp:161 - Instantiating new browser for Auth
