2024-05-25 19:38:47,512 [INFO] Activator:176 - 


2024-05-25 19:38:47,517 [INFO] Activator:177 - !SESSION log4j initialized
2024-05-25 19:38:49,231 [INFO] LogOutputStream:77 - [STDOUT_REDIRECT] 
2024-05-25 19:38:51,354 [INFO] ApplicationProperties:184 - Using Application install path: C:\ST\STM32CubeIDE_1.15.0\STM32CubeIDE\plugins\com.st.stm32cube.common.mx_6.11.1.202404110753
2024-05-25 19:38:51,376 [INFO] DbMcusXml:78 - Set database path to: C:\ST\STM32CubeIDE_1.15.0\STM32CubeIDE\plugins\com.st.stm32cube.common.mx_6.11.1.202404110753\\db\/mcu/
2024-05-25 19:38:51,377 [INFO] ApiDb:274 - Set plugin database path to: C:\ST\STM32CubeIDE_1.15.0\STM32CubeIDE\plugins\com.st.stm32cube.common.mx_6.11.1.202404110753\\db\/plugins/boardmanager/
2024-05-25 19:38:51,377 [WARN] ApiDb:259 - Overriding images path with different value:  => C:\ST\STM32CubeIDE_1.15.0\STM32CubeIDE\plugins\com.st.stm32cube.common.mx_6.11.1.202404110753\\db\/plugins/mcufinder/images/
2024-05-25 19:38:51,391 [INFO] ApiDb:250 - Set database path to: C:\Users\chris\.stmcufinder\plugins\mcufinder//mcu/
2024-05-25 19:38:51,393 [INFO] DbMcusAds:125 - Set database path to: C:\Users\chris\.stmcufinder\plugins\mcufinder//mcu/
2024-05-25 19:38:51,394 [INFO] CrossReferenceDbSqlite:203 - Set database path to: C:\Users\chris\.stmcufinder\plugins\mcufinder//mcu/cs/
2024-05-25 19:38:51,511 [INFO] RulesReader:64 - Compatibility file has been processed (297 Rules)
2024-05-25 19:38:51,595 [INFO] DbMcusXml:78 - Set database path to: C:\ST\STM32CubeIDE_1.15.0\STM32CubeIDE\plugins\com.st.stm32cube.common.mx_6.11.1.202404110753\\db\/mcu/
2024-05-25 19:38:51,595 [INFO] ApiDb:274 - Set plugin database path to: C:\ST\STM32CubeIDE_1.15.0\STM32CubeIDE\plugins\com.st.stm32cube.common.mx_6.11.1.202404110753\\db\/plugins/boardmanager/
2024-05-25 19:38:51,595 [INFO] ApiDb:261 - Set plugin images path to: C:\ST\STM32CubeIDE_1.15.0\STM32CubeIDE\plugins\com.st.stm32cube.common.mx_6.11.1.202404110753\\db\/plugins/mcufinder/images/
2024-05-25 19:38:51,595 [WARN] DbFile:41 - Overriding database path with different value: C:\Users\chris\.stmcufinder\plugins\mcufinder/ => C:\Users\chris\.stmcufinder\plugins\mcufinder
2024-05-25 19:38:51,595 [INFO] ApiDb:250 - Set database path to: C:\Users\chris\.stmcufinder\plugins\mcufinder//mcu/
2024-05-25 19:38:51,595 [WARN] DbFile:41 - Overriding database path with different value: C:\Users\chris\.stmcufinder\plugins\mcufinder/ => C:\Users\chris\.stmcufinder\plugins\mcufinder
2024-05-25 19:38:51,595 [INFO] DbMcusAds:125 - Set database path to: C:\Users\chris\.stmcufinder\plugins\mcufinder//mcu/
2024-05-25 19:38:51,595 [WARN] DbFile:41 - Overriding database path with different value: C:\Users\chris\.stmcufinder\plugins\mcufinder/ => C:\Users\chris\.stmcufinder\plugins\mcufinder
2024-05-25 19:38:51,596 [WARN] DbFile:41 - Overriding database path with different value: C:\Users\chris\.stmcufinder\plugins\mcufinder/ => C:\Users\chris\.stmcufinder\plugins\mcufinder
2024-05-25 19:38:51,596 [INFO] CrossReferenceDbSqlite:203 - Set database path to: C:\Users\chris\.stmcufinder\plugins\mcufinder//mcu/cs/
2024-05-25 19:38:51,679 [INFO] MainPanel:264 - HeapMemory: 268435456
2024-05-25 19:38:51,769 [INFO] DbMcusXml:78 - Set database path to: C:\ST\STM32CubeIDE_1.15.0\STM32CubeIDE\plugins\com.st.stm32cube.common.mx_6.11.1.202404110753\\db\/mcu/
2024-05-25 19:38:51,769 [INFO] ApiDb:274 - Set plugin database path to: C:\ST\STM32CubeIDE_1.15.0\STM32CubeIDE\plugins\com.st.stm32cube.common.mx_6.11.1.202404110753\\db\/plugins/boardmanager/
2024-05-25 19:38:51,769 [INFO] ApiDb:261 - Set plugin images path to: C:\ST\STM32CubeIDE_1.15.0\STM32CubeIDE\plugins\com.st.stm32cube.common.mx_6.11.1.202404110753\\db\/plugins/mcufinder/images/
2024-05-25 19:38:51,770 [WARN] DbFile:41 - Overriding database path with different value: C:\Users\chris\.stmcufinder\plugins\mcufinder/ => C:\Users\chris\.stmcufinder\plugins\mcufinder
2024-05-25 19:38:51,770 [INFO] ApiDb:250 - Set database path to: C:\Users\chris\.stmcufinder\plugins\mcufinder//mcu/
2024-05-25 19:38:51,770 [WARN] DbFile:41 - Overriding database path with different value: C:\Users\chris\.stmcufinder\plugins\mcufinder/ => C:\Users\chris\.stmcufinder\plugins\mcufinder
2024-05-25 19:38:51,770 [INFO] DbMcusAds:125 - Set database path to: C:\Users\chris\.stmcufinder\plugins\mcufinder//mcu/
2024-05-25 19:38:51,770 [WARN] DbFile:41 - Overriding database path with different value: C:\Users\chris\.stmcufinder\plugins\mcufinder/ => C:\Users\chris\.stmcufinder\plugins\mcufinder
2024-05-25 19:38:51,770 [WARN] DbFile:41 - Overriding database path with different value: C:\Users\chris\.stmcufinder\plugins\mcufinder/ => C:\Users\chris\.stmcufinder\plugins\mcufinder
2024-05-25 19:38:51,770 [INFO] CrossReferenceDbSqlite:203 - Set database path to: C:\Users\chris\.stmcufinder\plugins\mcufinder//mcu/cs/
2024-05-25 19:38:51,790 [INFO] ApplicationProperties:184 - Using Application install path: C:\ST\STM32CubeIDE_1.15.0\STM32CubeIDE\plugins\com.st.stm32cube.common.mx_6.11.1.202404110753
2024-05-25 19:38:51,792 [INFO] PluginManage:196 - Search for loadable plugins [exclusion list=, ]
2024-05-25 19:38:51,794 [INFO] PluginManage:310 - Check plugin analytics
2024-05-25 19:38:51,994 [INFO] AnalyticsPlugin:253 - Accepted Software Licenses: STM32CubeMX.6.11.0,STM32CubeMX.6.11.1,STM32CubeMX.6.9.2,STM32CubeMX.6.2.0
2024-05-25 19:38:51,994 [INFO] AnalyticsPlugin:255 - Accepted CMSIS Pack Licenses: STMicroelectronics.X-CUBE-EEPRMA1.4.1.0
2024-05-25 19:38:51,994 [INFO] AnalyticsPlugin:257 - Accepted Firmware Licenses: FW.F4.1.27.0,FW.F4.1.28.0
2024-05-25 19:38:51,997 [INFO] PluginManage:359 - Loaded plugin analytics (category:tool,tabindex:-1)
2024-05-25 19:38:51,997 [INFO] PluginManage:310 - Check plugin cadmodel
2024-05-25 19:38:52,045 [INFO] CADModel:105 - Init CAD model plugin
2024-05-25 19:38:52,045 [INFO] PluginManage:359 - Loaded plugin cadmodel (category:power,tabindex:5)
2024-05-25 19:38:52,045 [INFO] PluginManage:310 - Check plugin clock
2024-05-25 19:38:52,065 [INFO] PluginManage:359 - Loaded plugin clock (category:base,tabindex:2)
2024-05-25 19:38:52,066 [INFO] PluginManage:310 - Check plugin ddr
2024-05-25 19:38:52,068 [INFO] PluginManage:359 - Loaded plugin ddr (category:tool,tabindex:6)
2024-05-25 19:38:52,068 [INFO] PluginManage:310 - Check plugin filemanager
2024-05-25 19:38:52,259 [INFO] PluginManage:359 - Loaded plugin filemanager (category:base,tabindex:10)
2024-05-25 19:38:52,259 [INFO] PluginManage:310 - Check plugin ipmanager
2024-05-25 19:38:52,266 [INFO] PluginManage:359 - Loaded plugin ipmanager (category:base,tabindex:5)
2024-05-25 19:38:52,266 [INFO] PluginManage:310 - Check plugin lpbam
2024-05-25 19:38:52,284 [INFO] PluginManage:359 - Loaded plugin lpbam (category:base,tabindex:0)
2024-05-25 19:38:52,284 [INFO] PluginManage:310 - Check plugin memorymap
2024-05-25 19:38:52,307 [INFO] PluginManage:359 - Loaded plugin memorymap (category:base,tabindex:4)
2024-05-25 19:38:52,307 [INFO] PluginManage:310 - Check plugin pinoutandconfiguration
2024-05-25 19:38:52,323 [INFO] PluginManage:359 - Loaded plugin pinoutandconfiguration (category:base,tabindex:1)
2024-05-25 19:38:52,323 [INFO] PluginManage:310 - Check plugin pinoutconfig
2024-05-25 19:38:52,416 [WARN] SupportedApi:132 - Cannot load RTOS API schema: s4s-elt-must-match.1: The content of 'definitions' must match (annotation?, (simpleType | complexType)?, (unique | key | keyref)*)). A problem was found starting at: attribute.
2024-05-25 19:38:52,544 [INFO] PluginManage:359 - Loaded plugin pinoutconfig (category:base,tabindex:0)
2024-05-25 19:38:52,544 [INFO] PluginManage:310 - Check plugin power
2024-05-25 19:38:52,563 [INFO] PluginManage:359 - Loaded plugin power (category:power,tabindex:4)
2024-05-25 19:38:52,563 [INFO] PluginManage:310 - Check plugin projectmanager
2024-05-25 19:38:52,580 [INFO] PluginManage:359 - Loaded plugin projectmanager (category:projectmanager,tabindex:3)
2024-05-25 19:38:52,580 [INFO] PluginManage:310 - Check plugin thirdparty
2024-05-25 19:38:52,839 [INFO] PluginManage:359 - Loaded plugin thirdparty (category:base,tabindex:-1)
2024-05-25 19:38:52,839 [WARN] IntegrityCheckThread:84 - waiting for thirdparty lock release [integrity check]
2024-05-25 19:38:52,839 [INFO] PluginManage:310 - Check plugin tools
2024-05-25 19:38:52,839 [INFO] IntegrityCheckThread:86 - entering critical section [integrity check]
2024-05-25 19:38:52,840 [INFO] ThirdPartyUpdaterWithRetryManager:70 - Updater plugin not ready yet. [1/15]
2024-05-25 19:38:52,878 [INFO] PluginManage:359 - Loaded plugin tools (category:base,tabindex:7)
2024-05-25 19:38:52,879 [INFO] PluginManage:310 - Check plugin tutovideos
2024-05-25 19:38:53,060 [INFO] PluginManage:359 - Loaded plugin tutovideos (category:base,tabindex:-1)
2024-05-25 19:38:53,060 [INFO] PluginManage:310 - Check plugin updater
2024-05-25 19:38:53,071 [INFO] PluginManage:359 - Loaded plugin updater (category:base,tabindex:12)
2024-05-25 19:38:53,071 [INFO] PluginManage:310 - Check plugin userauth
2024-05-25 19:38:53,077 [INFO] UserAuth:114 - Init User Auth plugin
2024-05-25 19:38:53,077 [INFO] PluginManage:359 - Loaded plugin userauth (category:base,tabindex:14)
2024-05-25 19:38:53,077 [INFO] PluginManage:283 - PluginManage : Loaded plugins [17]
2024-05-25 19:38:53,282 [INFO] PinOutPanel:1561 - setPackage(No Configuration,No Configuration)
2024-05-25 19:38:53,366 [INFO] CADModel:165 - CPN selected for project level
2024-05-25 19:38:53,366 [INFO] CADModel:114 - Register for checkConnection events
2024-05-25 19:38:53,397 [INFO] IPUIPlugin:80 - create IPUIPlugin
2024-05-25 19:38:53,397 [INFO] PluginManager:220 - loadIPPluginJar : add adc
2024-05-25 19:38:53,433 [INFO] IPUIPlugin:80 - create IPUIPlugin
2024-05-25 19:38:53,433 [INFO] PluginManager:220 - loadIPPluginJar : add aes
2024-05-25 19:38:53,472 [INFO] IPUIPlugin:80 - create IPUIPlugin
2024-05-25 19:38:53,472 [INFO] PluginManager:220 - loadIPPluginJar : add can
2024-05-25 19:38:53,493 [INFO] IPUIPlugin:80 - create IPUIPlugin
2024-05-25 19:38:53,493 [INFO] PluginManager:220 - loadIPPluginJar : add comp
2024-05-25 19:38:53,523 [INFO] IPUIPlugin:80 - create IPUIPlugin
2024-05-25 19:38:53,524 [INFO] PluginManager:220 - loadIPPluginJar : add cryp
2024-05-25 19:38:53,552 [INFO] IPUIPlugin:80 - create IPUIPlugin
2024-05-25 19:38:53,552 [INFO] PluginManager:220 - loadIPPluginJar : add dfsdm
2024-05-25 19:38:53,565 [INFO] IPUIPlugin:80 - create IPUIPlugin
2024-05-25 19:38:53,566 [INFO] PluginManager:220 - loadIPPluginJar : add dma
2024-05-25 19:38:53,605 [INFO] IPUIPlugin:80 - create IPUIPlugin
2024-05-25 19:38:53,606 [INFO] PluginManager:220 - loadIPPluginJar : add dma3
2024-05-25 19:38:53,647 [INFO] IPUIPlugin:80 - create IPUIPlugin
2024-05-25 19:38:53,647 [INFO] PluginManager:220 - loadIPPluginJar : add extmemmanager
2024-05-25 19:38:53,665 [INFO] IPUIPlugin:80 - create IPUIPlugin
2024-05-25 19:38:53,665 [INFO] PluginManager:220 - loadIPPluginJar : add fatfs
2024-05-25 19:38:53,712 [INFO] IPUIPlugin:80 - create IPUIPlugin
2024-05-25 19:38:53,712 [INFO] PluginManager:220 - loadIPPluginJar : add fmc
2024-05-25 19:38:53,726 [INFO] IPUIPlugin:80 - create IPUIPlugin
2024-05-25 19:38:53,726 [INFO] PluginManager:220 - loadIPPluginJar : add freertos
2024-05-25 19:38:53,746 [INFO] IPUIPlugin:80 - create IPUIPlugin
2024-05-25 19:38:53,746 [INFO] PluginManager:220 - loadIPPluginJar : add genericplugin
2024-05-25 19:38:53,839 [INFO] IPUIPlugin:80 - create IPUIPlugin
2024-05-25 19:38:53,839 [INFO] PluginManager:220 - loadIPPluginJar : add gfxmmu
2024-05-25 19:38:53,956 [INFO] IPUIPlugin:80 - create IPUIPlugin
2024-05-25 19:38:53,957 [INFO] PluginManager:220 - loadIPPluginJar : add gic
2024-05-25 19:38:53,968 [INFO] IPUIPlugin:80 - create IPUIPlugin
2024-05-25 19:38:53,968 [INFO] PluginManager:220 - loadIPPluginJar : add gpio
2024-05-25 19:38:54,050 [INFO] IPUIPlugin:80 - create IPUIPlugin
2024-05-25 19:38:54,050 [INFO] PluginManager:220 - loadIPPluginJar : add gtzc
2024-05-25 19:38:54,078 [INFO] IPUIPlugin:80 - create IPUIPlugin
2024-05-25 19:38:54,078 [INFO] PluginManager:220 - loadIPPluginJar : add hash
2024-05-25 19:38:54,124 [INFO] IPUIPlugin:80 - create IPUIPlugin
2024-05-25 19:38:54,124 [INFO] PluginManager:220 - loadIPPluginJar : add i2c
2024-05-25 19:38:54,158 [INFO] IPUIPlugin:80 - create IPUIPlugin
2024-05-25 19:38:54,158 [INFO] PluginManager:220 - loadIPPluginJar : add i2s
2024-05-25 19:38:54,194 [INFO] IPUIPlugin:80 - create IPUIPlugin
2024-05-25 19:38:54,195 [INFO] PluginManager:220 - loadIPPluginJar : add i3c
2024-05-25 19:38:54,288 [INFO] IPUIPlugin:80 - create IPUIPlugin
2024-05-25 19:38:54,288 [INFO] PluginManager:220 - loadIPPluginJar : add ipddr
2024-05-25 19:38:54,374 [INFO] IPUIPlugin:80 - create IPUIPlugin
2024-05-25 19:38:54,374 [INFO] PluginManager:220 - loadIPPluginJar : add linkedlist
2024-05-25 19:38:54,410 [INFO] IPUIPlugin:80 - create IPUIPlugin
2024-05-25 19:38:54,410 [INFO] PluginManager:220 - loadIPPluginJar : add lorawan
2024-05-25 19:38:54,446 [INFO] IPUIPlugin:80 - create IPUIPlugin
2024-05-25 19:38:54,446 [INFO] PluginManager:220 - loadIPPluginJar : add ltdc
2024-05-25 19:38:54,459 [INFO] IPUIPlugin:80 - create IPUIPlugin
2024-05-25 19:38:54,460 [INFO] PluginManager:220 - loadIPPluginJar : add mdma
2024-05-25 19:38:54,470 [INFO] IPUIPlugin:80 - create IPUIPlugin
2024-05-25 19:38:54,470 [INFO] PluginManager:220 - loadIPPluginJar : add nvic
2024-05-25 19:38:54,502 [INFO] IPUIPlugin:80 - create IPUIPlugin
2024-05-25 19:38:54,503 [INFO] PluginManager:220 - loadIPPluginJar : add opamp
2024-05-25 19:38:54,556 [INFO] IPUIPlugin:80 - create IPUIPlugin
2024-05-25 19:38:54,556 [INFO] PluginManager:220 - loadIPPluginJar : add openamp
2024-05-25 19:38:54,594 [INFO] IPUIPlugin:80 - create IPUIPlugin
2024-05-25 19:38:54,594 [INFO] PluginManager:220 - loadIPPluginJar : add pdm2pcm
2024-05-25 19:38:54,607 [INFO] IPUIPlugin:80 - create IPUIPlugin
2024-05-25 19:38:54,609 [INFO] PluginManager:220 - loadIPPluginJar : add plateformsettings
2024-05-25 19:38:54,628 [INFO] IPUIPlugin:80 - create IPUIPlugin
2024-05-25 19:38:54,628 [INFO] PluginManager:220 - loadIPPluginJar : add quadspi
2024-05-25 19:38:54,639 [INFO] IPUIPlugin:80 - create IPUIPlugin
2024-05-25 19:38:54,640 [INFO] PluginManager:220 - loadIPPluginJar : add resmgrutility
2024-05-25 19:38:54,682 [INFO] IPUIPlugin:80 - create IPUIPlugin
2024-05-25 19:38:54,682 [INFO] PluginManager:220 - loadIPPluginJar : add sai
2024-05-25 19:38:54,714 [INFO] IPUIPlugin:80 - create IPUIPlugin
2024-05-25 19:38:54,715 [INFO] PluginManager:220 - loadIPPluginJar : add spi
2024-05-25 19:38:54,775 [INFO] IPUIPlugin:80 - create IPUIPlugin
2024-05-25 19:38:54,776 [INFO] PluginManager:220 - loadIPPluginJar : add stm32_wpan
2024-05-25 19:38:54,816 [INFO] IPUIPlugin:80 - create IPUIPlugin
2024-05-25 19:38:54,816 [INFO] PluginManager:220 - loadIPPluginJar : add tim
2024-05-25 19:38:54,871 [INFO] IPUIPlugin:80 - create IPUIPlugin
2024-05-25 19:38:54,871 [INFO] PluginManager:220 - loadIPPluginJar : add touchsensing
2024-05-25 19:38:54,893 [INFO] IPUIPlugin:80 - create IPUIPlugin
2024-05-25 19:38:54,893 [INFO] PluginManager:220 - loadIPPluginJar : add tracer_emb
2024-05-25 19:38:54,914 [INFO] IPUIPlugin:80 - create IPUIPlugin
2024-05-25 19:38:54,914 [INFO] PluginManager:220 - loadIPPluginJar : add ts
2024-05-25 19:38:54,935 [INFO] IPUIPlugin:80 - create IPUIPlugin
2024-05-25 19:38:54,935 [INFO] PluginManager:220 - loadIPPluginJar : add tsc
2024-05-25 19:38:54,955 [INFO] IPUIPlugin:80 - create IPUIPlugin
2024-05-25 19:38:54,956 [INFO] PluginManager:220 - loadIPPluginJar : add ucpd
2024-05-25 19:38:54,997 [INFO] IPUIPlugin:80 - create IPUIPlugin
2024-05-25 19:38:54,997 [INFO] PluginManager:220 - loadIPPluginJar : add usart
2024-05-25 19:38:55,039 [INFO] IPUIPlugin:80 - create IPUIPlugin
2024-05-25 19:38:55,039 [INFO] PluginManager:220 - loadIPPluginJar : add usbx
2024-05-25 19:38:55,169 [INFO] CADModel:165 - CPN selected for project level
2024-05-25 19:38:55,169 [INFO] CADModel:114 - Register for checkConnection events
2024-05-25 19:38:55,169 [FATAL] Updater:308 - Updater called before beeing initialized
2024-05-25 19:38:55,169 [ERROR] CADModel:125 - Updater not yet initialized, retry later 
2024-05-25 19:38:55,309 [INFO] CADModel:165 - CPN selected for project level
2024-05-25 19:38:55,309 [INFO] CADModel:114 - Register for checkConnection events
2024-05-25 19:38:55,309 [FATAL] Updater:308 - Updater called before beeing initialized
2024-05-25 19:38:55,309 [ERROR] CADModel:125 - Updater not yet initialized, retry later 
2024-05-25 19:38:55,312 [FATAL] Updater:308 - Updater called before beeing initialized
2024-05-25 19:38:55,414 [FATAL] Updater:308 - Updater called before beeing initialized
2024-05-25 19:38:55,424 [INFO] DbMcusAds:53 - JSON generation date=Thu May 16 11:22:00 CEST 2024 (1715851320852)
2024-05-25 19:38:55,424 [FATAL] Updater:308 - Updater called before beeing initialized
2024-05-25 19:38:55,460 [WARN] DetailPanel:346 - Failed to get advertising image, set to default
2024-05-25 19:38:55,572 [FATAL] Updater:308 - Updater called before beeing initialized
2024-05-25 19:38:55,574 [FATAL] Updater:308 - Updater called before beeing initialized
2024-05-25 19:38:55,574 [FATAL] Updater:308 - Updater called before beeing initialized
2024-05-25 19:38:55,574 [WARN] DetailPanel:346 - Failed to get advertising image, set to default
2024-05-25 19:38:55,575 [FATAL] Updater:308 - Updater called before beeing initialized
2024-05-25 19:38:55,630 [ERROR] Updater:1120 - MainUpdater not yet initialized. External WinMGr cannot be set.
2024-05-25 19:38:55,640 [INFO] Updater:1056 - Updater Version found : 6.11.1
2024-05-25 19:38:55,659 [INFO] ApplicationProperties:184 - Using Application install path: C:\ST\STM32CubeIDE_1.15.0\STM32CubeIDE\plugins\com.st.stm32cube.common.mx_6.11.1.202404110753
2024-05-25 19:38:55,841 [INFO] ThirdPartyUpdaterWithRetryManager:70 - Updater plugin not ready yet. [2/15]
2024-05-25 19:38:56,120 [INFO] MainUpdater:2873 - connection check result : 10
2024-05-25 19:38:56,121 [INFO] MainUpdater:290 - Updater Check For Update Now.
2024-05-25 19:38:56,121 [INFO] MicroXplorer:498 - Change Database Version : DB.6.0.111
2024-05-25 19:38:56,138 [INFO] McuFinderGlobals:63 - Set McuFinder mode to 2 (CubeIDE integrated)
2024-05-25 19:38:56,149 [INFO] UserAuth:415 - Internet connection configuration mode: 1
2024-05-25 19:38:56,175 [INFO] JxBrowserEngine:152 - Initiate JxBrowser Engine with user profile folder
2024-05-25 19:38:56,326 [INFO] CheckServerUpdateThread:120 - End of CheckServer Thread
2024-05-25 19:38:59,015 [WARN] PackLoader:240 - Cannot read IP mode file for STMicroelectronics.FP-SNS-MOTENVWB1.1.4.0
2024-05-25 19:38:59,031 [WARN] PackLoader:240 - Cannot read IP mode file for STMicroelectronics.X-CUBE-SMBUS.2.1.0
2024-05-25 19:38:59,043 [WARN] PackLoader:240 - Cannot read IP mode file for STMicroelectronics.X-CUBE-TOUCHGFX.4.23.2
2024-05-25 19:38:59,083 [WARN] PackLoader:240 - Cannot read IP mode file for STMicroelectronics.X-CUBE-AZRTOS-F7.1.1.0
2024-05-25 19:38:59,100 [WARN] PackLoader:240 - Cannot read IP mode file for STMicroelectronics.FP-SNS-FLIGHT1.5.0.2
2024-05-25 19:38:59,117 [WARN] PackLoader:240 - Cannot read IP mode file for STMicroelectronics.X-CUBE-DISPLAY.3.0.0
2024-05-25 19:38:59,138 [WARN] PackLoader:240 - Cannot read IP mode file for STMicroelectronics.X-CUBE-BLE1.7.0.0
2024-05-25 19:38:59,152 [WARN] PackLoader:240 - Cannot read IP mode file for emotas.I-CUBE-CANOPEN.1.3.0
2024-05-25 19:38:59,171 [WARN] PackLoader:240 - Cannot read IP mode file for STMicroelectronics.X-CUBE-BLEMGR.3.1.0
2024-05-25 19:38:59,187 [WARN] PackLoader:240 - Cannot read IP mode file for STMicroelectronics.FP-SNS-SMARTAG2.1.2.0
2024-05-25 19:38:59,208 [INFO] LogOutputStream:77 - [STDOUT_REDIRECT] 1 : Invalid condition id : UX_CORESTACK_Condition cause : null
2024-05-25 19:38:59,209 [INFO] LogOutputStream:77 - [STDOUT_REDIRECT] 1 : Invalid condition id : UX_CORESTACK_Condition cause : null
2024-05-25 19:38:59,210 [INFO] LogOutputStream:77 - [STDOUT_REDIRECT] 1 : Invalid condition id : UX_CORESTACK_Condition cause : null
2024-05-25 19:38:59,211 [INFO] LogOutputStream:77 - [STDOUT_REDIRECT] 1 : Invalid condition id : UX_CORESTACK_Condition cause : null
2024-05-25 19:38:59,212 [INFO] LogOutputStream:77 - [STDOUT_REDIRECT] 1 : Invalid condition id : UX_CORESTACK_Condition cause : null
2024-05-25 19:38:59,216 [WARN] PackLoader:240 - Cannot read IP mode file for STMicroelectronics.X-CUBE-AZRTOS-WL.2.0.0
2024-05-25 19:38:59,232 [WARN] PackLoader:240 - Cannot read IP mode file for STMicroelectronics.FP-SNS-MOTENV1.5.0.0
2024-05-25 19:38:59,250 [WARN] PackLoader:240 - Cannot read IP mode file for WES.I-CUBE-Cesium.1.3.0
2024-05-25 19:38:59,262 [WARN] PackLoader:240 - Cannot read IP mode file for STMicroelectronics.X-CUBE-BLE2.3.3.0
2024-05-25 19:38:59,275 [WARN] PackLoader:240 - Cannot read IP mode file for STMicroelectronics.X-CUBE-TCPP.4.1.0
2024-05-25 19:38:59,289 [WARN] PackLoader:240 - Cannot read IP mode file for STMicroelectronics.X-CUBE-ALGOBUILD.1.3.0
2024-05-25 19:38:59,316 [WARN] PackLoader:240 - Cannot read IP mode file for STMicroelectronics.X-CUBE-AZRTOS-G0.1.1.0
2024-05-25 19:38:59,340 [WARN] PackLoader:240 - Cannot read IP mode file for STMicroelectronics.X-CUBE-SAFEA1.1.2.2
2024-05-25 19:38:59,356 [WARN] PackLoader:240 - Cannot read IP mode file for STMicroelectronics.X-CUBE-NFC4.3.0.0
2024-05-25 19:38:59,369 [WARN] PackLoader:240 - Cannot read IP mode file for wolfSSL.I-CUBE-wolfSSL.5.7.0
2024-05-25 19:38:59,382 [WARN] PackLoader:240 - Cannot read IP mode file for STMicroelectronics.FP-ATR-SIGFOX1.3.2.0
2024-05-25 19:38:59,398 [WARN] PackLoader:240 - Cannot read IP mode file for STMicroelectronics.X-CUBE-EEPRMA1.5.1.0
2024-05-25 19:38:59,432 [WARN] PackLoader:240 - Cannot read IP mode file for ITTIA_DB.I-CUBE-ITTIADB.8.9.0
2024-05-25 19:38:59,472 [WARN] PackLoader:240 - Cannot read IP mode file for SEGGER.I-CUBE-embOS.1.3.1
2024-05-25 19:38:59,519 [WARN] PackLoader:240 - Cannot read IP mode file for STMicroelectronics.X-CUBE-ALGOBUILD.1.4.0
2024-05-25 19:38:59,533 [WARN] PackLoader:240 - Cannot read IP mode file for STMicroelectronics.X-CUBE-GNSS1.6.0.0
2024-05-25 19:38:59,560 [WARN] PackLoader:240 - Cannot read IP mode file for STMicroelectronics.X-CUBE-AZRTOS-F4.1.1.0
2024-05-25 19:38:59,576 [WARN] PackLoader:240 - Cannot read IP mode file for STMicroelectronics.X-CUBE-FREERTOS.1.2.0
2024-05-25 19:38:59,602 [WARN] PackLoader:240 - Cannot read IP mode file for STMicroelectronics.X-CUBE-AZRTOS-L5.2.0.0
2024-05-25 19:38:59,619 [WARN] PackLoader:240 - Cannot read IP mode file for STMicroelectronics.X-CUBE-NFC6.3.1.0
2024-05-25 19:38:59,634 [WARN] PackLoader:240 - Cannot read IP mode file for STMicroelectronics.X-CUBE-AI.9.0.0
2024-05-25 19:38:59,649 [WARN] PackLoader:240 - Cannot read IP mode file for STMicroelectronics.X-CUBE-NFC7.1.0.1
2024-05-25 19:38:59,664 [WARN] PackLoader:240 - Cannot read IP mode file for STMicroelectronics.X-CUBE-EEPRMA1.4.1.0
2024-05-25 19:38:59,771 [WARN] ConditionMgr:438 - getConditionDescription Invalid condition id : LAN8742 Phy interface Condition cause : null
2024-05-25 19:38:59,772 [WARN] PackLoader:240 - Cannot read IP mode file for STMicroelectronics.X-CUBE-AZRTOS-L4.2.0.0
2024-05-25 19:38:59,773 [WARN] ConditionMgr:1039 - genDependencies : Invalid condition id : LAN8742 Phy interface Condition cause : null
2024-05-25 19:38:59,773 [WARN] ConditionMgr:1039 - genDependencies : Invalid condition id : LAN8742 Phy interface Condition cause : null
2024-05-25 19:38:59,774 [WARN] ConditionMgr:1039 - genDependencies : Invalid condition id : LAN8742 Phy interface Condition cause : null
2024-05-25 19:38:59,788 [WARN] PackLoader:240 - Cannot read IP mode file for STMicroelectronics.X-CUBE-SFXS2LP1.4.0.0
2024-05-25 19:38:59,818 [WARN] ConditionMgr:438 - getConditionDescription Invalid condition id : UX DEVICE CLASS RTOS Condition cause : null
2024-05-25 19:38:59,818 [WARN] ConditionMgr:438 - getConditionDescription Invalid condition id : UX DEVICE CLASS RTOS Condition cause : null
2024-05-25 19:38:59,826 [WARN] PackLoader:240 - Cannot read IP mode file for STMicroelectronics.X-CUBE-AZRTOS-WB.2.0.0
2024-05-25 19:38:59,827 [WARN] ConditionMgr:1039 - genDependencies : Invalid condition id : UX DEVICE CLASS RTOS Condition cause : null
2024-05-25 19:38:59,827 [WARN] ConditionMgr:1039 - genDependencies : Invalid condition id : UX DEVICE CLASS RTOS Condition cause : null
2024-05-25 19:38:59,827 [WARN] ConditionMgr:1039 - genDependencies : Invalid condition id : UX DEVICE CLASS RTOS Condition cause : null
2024-05-25 19:38:59,827 [WARN] ConditionMgr:1039 - genDependencies : Invalid condition id : UX DEVICE CLASS RTOS Condition cause : null
2024-05-25 19:38:59,827 [WARN] ConditionMgr:1039 - genDependencies : Invalid condition id : UX DEVICE CLASS RTOS Condition cause : null
2024-05-25 19:38:59,847 [WARN] PackLoader:240 - Cannot read IP mode file for STMicroelectronics.X-CUBE-SUBG2.5.0.0
2024-05-25 19:38:59,873 [WARN] PackLoader:240 - Cannot read IP mode file for STMicroelectronics.X-CUBE-AZRTOS-G4.2.0.0
2024-05-25 19:38:59,886 [WARN] PackLoader:240 - Cannot read IP mode file for STMicroelectronics.X-CUBE-ISPU.2.0.0
2024-05-25 19:38:59,898 [WARN] PackLoader:240 - Cannot read IP mode file for STMicroelectronics.X-CUBE-ALS.1.0.2
2024-05-25 19:38:59,944 [WARN] PackLoader:240 - Cannot read IP mode file for STMicroelectronics.X-CUBE-MEMS1.10.0.0
2024-05-25 19:39:00,033 [WARN] PackLoader:240 - Cannot read IP mode file for STMicroelectronics.X-CUBE-FREERTOS.1.1.0
2024-05-25 19:39:00,045 [WARN] PackLoader:240 - Cannot read IP mode file for portGmbH.I-Cube-SoM-uGOAL.1.1.0
2024-05-25 19:39:00,055 [WARN] PackLoader:240 - Cannot read IP mode file for STMicroelectronics.X-CUBE-ALS.1.0.1
2024-05-25 19:39:00,091 [WARN] PackLoader:240 - Cannot read IP mode file for STMicroelectronics.X-CUBE-AZRTOS-H7RS.1.0.0
2024-05-25 19:39:00,106 [WARN] PackLoader:240 - Cannot read IP mode file for STMicroelectronics.FP-ATR-ASTRA1.2.0.0
2024-05-25 19:39:00,127 [WARN] PackLoader:240 - Cannot read IP mode file for STMicroelectronics.X-CUBE-TOF1.3.4.1
2024-05-25 19:39:00,181 [WARN] PackLoader:240 - Cannot read IP mode file for STMicroelectronics.X-CUBE-AZRTOS-H7.3.2.0
2024-05-25 19:39:00,204 [WARN] PackLoader:240 - Cannot read IP mode file for Infineon.AIROC-Wi-Fi-Bluetooth-STM32.1.6.0
2024-05-25 19:39:00,207 [INFO] ThirdParty:978 - Integrity check success = true
2024-05-25 19:39:00,207 [INFO] IntegrityCheckThread:100 - exiting critical section [integrity check]
2024-05-25 19:39:00,207 [INFO] IntegrityCheckThread:103 - End integrity checks thread
2024-05-25 19:39:01,040 [INFO] WebApp:161 - Instantiating new browser for Auth
2024-05-25 19:39:01,620 [INFO] WebApp:779 - Register for checkConnection events
2024-05-25 19:39:01,620 [INFO] WebApp:414 - Apply proxy settings
2024-05-25 19:39:01,620 [INFO] WebApp:499 - Chromium requires no authentication
2024-05-25 19:39:01,627 [INFO] WebApp:442 - Direct internet connection detected
2024-05-25 19:39:01,786 [INFO] WebApp:192 - Starting web application
2024-05-25 19:39:01,786 [INFO] WebApp:544 - Web application path used C:\ST\STM32CubeIDE_1.15.0\STM32CubeIDE\plugins\com.st.stm32cube.common.mx_6.11.1.202404110753\db\plugins\mcufinder\reactClient1\index.html
2024-05-25 20:00:44,123 [INFO] WebApp:354 - JxBrowser engine has been closed 
2024-05-25 20:00:50,982 [ERROR] LogOutputStream:75 - [STDERR_REDIRECT] [Fatal Error] :1:1: Premature end of file.
2024-05-25 20:00:50,982 [ERROR] LogOutputStream:75 - [STDERR_REDIRECT] 
2024-05-25 20:00:51,978 [ERROR] LogOutputStream:75 - [STDERR_REDIRECT] [Fatal Error] :1:1: Premature end of file.
2024-05-25 20:00:51,978 [ERROR] LogOutputStream:75 - [STDERR_REDIRECT] 
2024-05-25 20:00:52,978 [ERROR] LogOutputStream:75 - [STDERR_REDIRECT] [Fatal Error] :1:1: Premature end of file.
2024-05-25 20:00:52,978 [ERROR] LogOutputStream:75 - [STDERR_REDIRECT] 
2024-05-25 20:00:53,983 [ERROR] LogOutputStream:75 - [STDERR_REDIRECT] [Fatal Error] :1:1: Premature end of file.
2024-05-25 20:00:53,983 [ERROR] LogOutputStream:75 - [STDERR_REDIRECT] 
2024-05-25 21:00:56,315 [INFO] Activator:176 - 


2024-05-25 21:00:56,317 [INFO] Activator:177 - !SESSION log4j initialized
2024-05-25 21:01:01,544 [INFO] LogOutputStream:77 - [STDOUT_REDIRECT] 
2024-05-25 21:01:03,530 [INFO] ApplicationProperties:184 - Using Application install path: C:\ST\STM32CubeIDE_1.15.0\STM32CubeIDE\plugins\com.st.stm32cube.common.mx_6.11.1.202404110753
2024-05-25 21:01:03,544 [INFO] DbMcusXml:78 - Set database path to: C:\ST\STM32CubeIDE_1.15.0\STM32CubeIDE\plugins\com.st.stm32cube.common.mx_6.11.1.202404110753\\db\/mcu/
2024-05-25 21:01:03,545 [INFO] ApiDb:274 - Set plugin database path to: C:\ST\STM32CubeIDE_1.15.0\STM32CubeIDE\plugins\com.st.stm32cube.common.mx_6.11.1.202404110753\\db\/plugins/boardmanager/
2024-05-25 21:01:03,545 [WARN] ApiDb:259 - Overriding images path with different value:  => C:\ST\STM32CubeIDE_1.15.0\STM32CubeIDE\plugins\com.st.stm32cube.common.mx_6.11.1.202404110753\\db\/plugins/mcufinder/images/
2024-05-25 21:01:03,558 [INFO] ApiDb:250 - Set database path to: C:\Users\chris\.stmcufinder\plugins\mcufinder//mcu/
2024-05-25 21:01:03,559 [INFO] DbMcusAds:125 - Set database path to: C:\Users\chris\.stmcufinder\plugins\mcufinder//mcu/
2024-05-25 21:01:03,561 [INFO] CrossReferenceDbSqlite:203 - Set database path to: C:\Users\chris\.stmcufinder\plugins\mcufinder//mcu/cs/
2024-05-25 21:01:03,665 [INFO] RulesReader:64 - Compatibility file has been processed (297 Rules)
2024-05-25 21:01:03,740 [INFO] DbMcusXml:78 - Set database path to: C:\ST\STM32CubeIDE_1.15.0\STM32CubeIDE\plugins\com.st.stm32cube.common.mx_6.11.1.202404110753\\db\/mcu/
2024-05-25 21:01:03,741 [INFO] ApiDb:274 - Set plugin database path to: C:\ST\STM32CubeIDE_1.15.0\STM32CubeIDE\plugins\com.st.stm32cube.common.mx_6.11.1.202404110753\\db\/plugins/boardmanager/
2024-05-25 21:01:03,741 [INFO] ApiDb:261 - Set plugin images path to: C:\ST\STM32CubeIDE_1.15.0\STM32CubeIDE\plugins\com.st.stm32cube.common.mx_6.11.1.202404110753\\db\/plugins/mcufinder/images/
2024-05-25 21:01:03,741 [WARN] DbFile:41 - Overriding database path with different value: C:\Users\chris\.stmcufinder\plugins\mcufinder/ => C:\Users\chris\.stmcufinder\plugins\mcufinder
2024-05-25 21:01:03,741 [INFO] ApiDb:250 - Set database path to: C:\Users\chris\.stmcufinder\plugins\mcufinder//mcu/
2024-05-25 21:01:03,741 [WARN] DbFile:41 - Overriding database path with different value: C:\Users\chris\.stmcufinder\plugins\mcufinder/ => C:\Users\chris\.stmcufinder\plugins\mcufinder
2024-05-25 21:01:03,741 [INFO] DbMcusAds:125 - Set database path to: C:\Users\chris\.stmcufinder\plugins\mcufinder//mcu/
2024-05-25 21:01:03,741 [WARN] DbFile:41 - Overriding database path with different value: C:\Users\chris\.stmcufinder\plugins\mcufinder/ => C:\Users\chris\.stmcufinder\plugins\mcufinder
2024-05-25 21:01:03,741 [WARN] DbFile:41 - Overriding database path with different value: C:\Users\chris\.stmcufinder\plugins\mcufinder/ => C:\Users\chris\.stmcufinder\plugins\mcufinder
2024-05-25 21:01:03,741 [INFO] CrossReferenceDbSqlite:203 - Set database path to: C:\Users\chris\.stmcufinder\plugins\mcufinder//mcu/cs/
2024-05-25 21:01:03,812 [INFO] MainPanel:264 - HeapMemory: 268435456
2024-05-25 21:01:03,892 [INFO] DbMcusXml:78 - Set database path to: C:\ST\STM32CubeIDE_1.15.0\STM32CubeIDE\plugins\com.st.stm32cube.common.mx_6.11.1.202404110753\\db\/mcu/
2024-05-25 21:01:03,892 [INFO] ApiDb:274 - Set plugin database path to: C:\ST\STM32CubeIDE_1.15.0\STM32CubeIDE\plugins\com.st.stm32cube.common.mx_6.11.1.202404110753\\db\/plugins/boardmanager/
2024-05-25 21:01:03,893 [INFO] ApiDb:261 - Set plugin images path to: C:\ST\STM32CubeIDE_1.15.0\STM32CubeIDE\plugins\com.st.stm32cube.common.mx_6.11.1.202404110753\\db\/plugins/mcufinder/images/
2024-05-25 21:01:03,893 [WARN] DbFile:41 - Overriding database path with different value: C:\Users\chris\.stmcufinder\plugins\mcufinder/ => C:\Users\chris\.stmcufinder\plugins\mcufinder
2024-05-25 21:01:03,893 [INFO] ApiDb:250 - Set database path to: C:\Users\chris\.stmcufinder\plugins\mcufinder//mcu/
2024-05-25 21:01:03,893 [WARN] DbFile:41 - Overriding database path with different value: C:\Users\chris\.stmcufinder\plugins\mcufinder/ => C:\Users\chris\.stmcufinder\plugins\mcufinder
2024-05-25 21:01:03,893 [INFO] DbMcusAds:125 - Set database path to: C:\Users\chris\.stmcufinder\plugins\mcufinder//mcu/
2024-05-25 21:01:03,893 [WARN] DbFile:41 - Overriding database path with different value: C:\Users\chris\.stmcufinder\plugins\mcufinder/ => C:\Users\chris\.stmcufinder\plugins\mcufinder
2024-05-25 21:01:03,893 [WARN] DbFile:41 - Overriding database path with different value: C:\Users\chris\.stmcufinder\plugins\mcufinder/ => C:\Users\chris\.stmcufinder\plugins\mcufinder
2024-05-25 21:01:03,893 [INFO] CrossReferenceDbSqlite:203 - Set database path to: C:\Users\chris\.stmcufinder\plugins\mcufinder//mcu/cs/
2024-05-25 21:01:03,910 [INFO] ApplicationProperties:184 - Using Application install path: C:\ST\STM32CubeIDE_1.15.0\STM32CubeIDE\plugins\com.st.stm32cube.common.mx_6.11.1.202404110753
2024-05-25 21:01:03,912 [INFO] PluginManage:196 - Search for loadable plugins [exclusion list=, ]
2024-05-25 21:01:03,913 [INFO] PluginManage:310 - Check plugin analytics
2024-05-25 21:01:04,078 [INFO] AnalyticsPlugin:253 - Accepted Software Licenses: STM32CubeMX.6.11.0,STM32CubeMX.6.11.1,STM32CubeMX.6.9.2,STM32CubeMX.6.2.0
2024-05-25 21:01:04,078 [INFO] AnalyticsPlugin:255 - Accepted CMSIS Pack Licenses: STMicroelectronics.X-CUBE-EEPRMA1.4.1.0
2024-05-25 21:01:04,078 [INFO] AnalyticsPlugin:257 - Accepted Firmware Licenses: FW.F4.1.27.0,FW.F4.1.28.0
2024-05-25 21:01:04,080 [INFO] PluginManage:359 - Loaded plugin analytics (category:tool,tabindex:-1)
2024-05-25 21:01:04,081 [INFO] PluginManage:310 - Check plugin cadmodel
2024-05-25 21:01:04,124 [INFO] CADModel:105 - Init CAD model plugin
2024-05-25 21:01:04,124 [INFO] PluginManage:359 - Loaded plugin cadmodel (category:power,tabindex:5)
2024-05-25 21:01:04,124 [INFO] PluginManage:310 - Check plugin clock
2024-05-25 21:01:04,142 [INFO] PluginManage:359 - Loaded plugin clock (category:base,tabindex:2)
2024-05-25 21:01:04,142 [INFO] PluginManage:310 - Check plugin ddr
2024-05-25 21:01:04,144 [INFO] PluginManage:359 - Loaded plugin ddr (category:tool,tabindex:6)
2024-05-25 21:01:04,144 [INFO] PluginManage:310 - Check plugin filemanager
2024-05-25 21:01:04,339 [INFO] PluginManage:359 - Loaded plugin filemanager (category:base,tabindex:10)
2024-05-25 21:01:04,339 [INFO] PluginManage:310 - Check plugin ipmanager
2024-05-25 21:01:04,346 [INFO] PluginManage:359 - Loaded plugin ipmanager (category:base,tabindex:5)
2024-05-25 21:01:04,347 [INFO] PluginManage:310 - Check plugin lpbam
2024-05-25 21:01:04,362 [INFO] PluginManage:359 - Loaded plugin lpbam (category:base,tabindex:0)
2024-05-25 21:01:04,362 [INFO] PluginManage:310 - Check plugin memorymap
2024-05-25 21:01:04,387 [INFO] PluginManage:359 - Loaded plugin memorymap (category:base,tabindex:4)
2024-05-25 21:01:04,387 [INFO] PluginManage:310 - Check plugin pinoutandconfiguration
2024-05-25 21:01:04,405 [INFO] PluginManage:359 - Loaded plugin pinoutandconfiguration (category:base,tabindex:1)
2024-05-25 21:01:04,405 [INFO] PluginManage:310 - Check plugin pinoutconfig
2024-05-25 21:01:04,489 [WARN] SupportedApi:132 - Cannot load RTOS API schema: s4s-elt-must-match.1: The content of 'definitions' must match (annotation?, (simpleType | complexType)?, (unique | key | keyref)*)). A problem was found starting at: attribute.
2024-05-25 21:01:04,619 [INFO] PluginManage:359 - Loaded plugin pinoutconfig (category:base,tabindex:0)
2024-05-25 21:01:04,619 [INFO] PluginManage:310 - Check plugin power
2024-05-25 21:01:04,637 [INFO] PluginManage:359 - Loaded plugin power (category:power,tabindex:4)
2024-05-25 21:01:04,638 [INFO] PluginManage:310 - Check plugin projectmanager
2024-05-25 21:01:04,654 [INFO] PluginManage:359 - Loaded plugin projectmanager (category:projectmanager,tabindex:3)
2024-05-25 21:01:04,654 [INFO] PluginManage:310 - Check plugin thirdparty
2024-05-25 21:01:04,948 [INFO] PluginManage:359 - Loaded plugin thirdparty (category:base,tabindex:-1)
2024-05-25 21:01:04,948 [INFO] PluginManage:310 - Check plugin tools
2024-05-25 21:01:04,948 [WARN] IntegrityCheckThread:84 - waiting for thirdparty lock release [integrity check]
2024-05-25 21:01:04,948 [INFO] IntegrityCheckThread:86 - entering critical section [integrity check]
2024-05-25 21:01:04,949 [INFO] ThirdPartyUpdaterWithRetryManager:70 - Updater plugin not ready yet. [1/15]
2024-05-25 21:01:04,986 [INFO] PluginManage:359 - Loaded plugin tools (category:base,tabindex:7)
2024-05-25 21:01:04,986 [INFO] PluginManage:310 - Check plugin tutovideos
2024-05-25 21:01:05,172 [INFO] PluginManage:359 - Loaded plugin tutovideos (category:base,tabindex:-1)
2024-05-25 21:01:05,172 [INFO] PluginManage:310 - Check plugin updater
2024-05-25 21:01:05,183 [INFO] PluginManage:359 - Loaded plugin updater (category:base,tabindex:12)
2024-05-25 21:01:05,183 [INFO] PluginManage:310 - Check plugin userauth
2024-05-25 21:01:05,188 [INFO] UserAuth:114 - Init User Auth plugin
2024-05-25 21:01:05,189 [INFO] PluginManage:359 - Loaded plugin userauth (category:base,tabindex:14)
2024-05-25 21:01:05,189 [INFO] PluginManage:283 - PluginManage : Loaded plugins [17]
2024-05-25 21:01:05,398 [INFO] PinOutPanel:1561 - setPackage(No Configuration,No Configuration)
2024-05-25 21:01:05,475 [INFO] CADModel:165 - CPN selected for project level
2024-05-25 21:01:05,475 [INFO] CADModel:114 - Register for checkConnection events
2024-05-25 21:01:05,503 [INFO] IPUIPlugin:80 - create IPUIPlugin
2024-05-25 21:01:05,503 [INFO] PluginManager:220 - loadIPPluginJar : add adc
2024-05-25 21:01:05,542 [INFO] IPUIPlugin:80 - create IPUIPlugin
2024-05-25 21:01:05,542 [INFO] PluginManager:220 - loadIPPluginJar : add aes
2024-05-25 21:01:05,586 [INFO] IPUIPlugin:80 - create IPUIPlugin
2024-05-25 21:01:05,586 [INFO] PluginManager:220 - loadIPPluginJar : add can
2024-05-25 21:01:05,613 [INFO] IPUIPlugin:80 - create IPUIPlugin
2024-05-25 21:01:05,613 [INFO] PluginManager:220 - loadIPPluginJar : add comp
2024-05-25 21:01:05,652 [INFO] IPUIPlugin:80 - create IPUIPlugin
2024-05-25 21:01:05,652 [INFO] PluginManager:220 - loadIPPluginJar : add cryp
2024-05-25 21:01:05,689 [INFO] IPUIPlugin:80 - create IPUIPlugin
2024-05-25 21:01:05,689 [INFO] PluginManager:220 - loadIPPluginJar : add dfsdm
2024-05-25 21:01:05,703 [INFO] IPUIPlugin:80 - create IPUIPlugin
2024-05-25 21:01:05,704 [INFO] PluginManager:220 - loadIPPluginJar : add dma
2024-05-25 21:01:05,744 [INFO] IPUIPlugin:80 - create IPUIPlugin
2024-05-25 21:01:05,744 [INFO] PluginManager:220 - loadIPPluginJar : add dma3
2024-05-25 21:01:05,784 [INFO] IPUIPlugin:80 - create IPUIPlugin
2024-05-25 21:01:05,784 [INFO] PluginManager:220 - loadIPPluginJar : add extmemmanager
2024-05-25 21:01:05,802 [INFO] IPUIPlugin:80 - create IPUIPlugin
2024-05-25 21:01:05,802 [INFO] PluginManager:220 - loadIPPluginJar : add fatfs
2024-05-25 21:01:05,847 [INFO] IPUIPlugin:80 - create IPUIPlugin
2024-05-25 21:01:05,848 [INFO] PluginManager:220 - loadIPPluginJar : add fmc
2024-05-25 21:01:05,861 [INFO] IPUIPlugin:80 - create IPUIPlugin
2024-05-25 21:01:05,861 [INFO] PluginManager:220 - loadIPPluginJar : add freertos
2024-05-25 21:01:05,881 [INFO] IPUIPlugin:80 - create IPUIPlugin
2024-05-25 21:01:05,881 [INFO] PluginManager:220 - loadIPPluginJar : add genericplugin
2024-05-25 21:01:05,966 [INFO] IPUIPlugin:80 - create IPUIPlugin
2024-05-25 21:01:05,966 [INFO] PluginManager:220 - loadIPPluginJar : add gfxmmu
2024-05-25 21:01:06,087 [INFO] IPUIPlugin:80 - create IPUIPlugin
2024-05-25 21:01:06,087 [INFO] PluginManager:220 - loadIPPluginJar : add gic
2024-05-25 21:01:06,099 [INFO] IPUIPlugin:80 - create IPUIPlugin
2024-05-25 21:01:06,100 [INFO] PluginManager:220 - loadIPPluginJar : add gpio
2024-05-25 21:01:06,188 [INFO] IPUIPlugin:80 - create IPUIPlugin
2024-05-25 21:01:06,188 [INFO] PluginManager:220 - loadIPPluginJar : add gtzc
2024-05-25 21:01:06,221 [INFO] IPUIPlugin:80 - create IPUIPlugin
2024-05-25 21:01:06,221 [INFO] PluginManager:220 - loadIPPluginJar : add hash
2024-05-25 21:01:06,272 [INFO] IPUIPlugin:80 - create IPUIPlugin
2024-05-25 21:01:06,272 [INFO] PluginManager:220 - loadIPPluginJar : add i2c
2024-05-25 21:01:06,309 [INFO] IPUIPlugin:80 - create IPUIPlugin
2024-05-25 21:01:06,309 [INFO] PluginManager:220 - loadIPPluginJar : add i2s
2024-05-25 21:01:06,348 [INFO] IPUIPlugin:80 - create IPUIPlugin
2024-05-25 21:01:06,348 [INFO] PluginManager:220 - loadIPPluginJar : add i3c
2024-05-25 21:01:06,447 [INFO] IPUIPlugin:80 - create IPUIPlugin
2024-05-25 21:01:06,447 [INFO] PluginManager:220 - loadIPPluginJar : add ipddr
2024-05-25 21:01:06,526 [INFO] IPUIPlugin:80 - create IPUIPlugin
2024-05-25 21:01:06,527 [INFO] PluginManager:220 - loadIPPluginJar : add linkedlist
2024-05-25 21:01:06,557 [INFO] IPUIPlugin:80 - create IPUIPlugin
2024-05-25 21:01:06,557 [INFO] PluginManager:220 - loadIPPluginJar : add lorawan
2024-05-25 21:01:06,589 [INFO] IPUIPlugin:80 - create IPUIPlugin
2024-05-25 21:01:06,589 [INFO] PluginManager:220 - loadIPPluginJar : add ltdc
2024-05-25 21:01:06,603 [INFO] IPUIPlugin:80 - create IPUIPlugin
2024-05-25 21:01:06,603 [INFO] PluginManager:220 - loadIPPluginJar : add mdma
2024-05-25 21:01:06,613 [INFO] IPUIPlugin:80 - create IPUIPlugin
2024-05-25 21:01:06,613 [INFO] PluginManager:220 - loadIPPluginJar : add nvic
2024-05-25 21:01:06,645 [INFO] IPUIPlugin:80 - create IPUIPlugin
2024-05-25 21:01:06,645 [INFO] PluginManager:220 - loadIPPluginJar : add opamp
2024-05-25 21:01:06,697 [INFO] IPUIPlugin:80 - create IPUIPlugin
2024-05-25 21:01:06,698 [INFO] PluginManager:220 - loadIPPluginJar : add openamp
2024-05-25 21:01:06,735 [INFO] IPUIPlugin:80 - create IPUIPlugin
2024-05-25 21:01:06,735 [INFO] PluginManager:220 - loadIPPluginJar : add pdm2pcm
2024-05-25 21:01:06,747 [INFO] IPUIPlugin:80 - create IPUIPlugin
2024-05-25 21:01:06,749 [INFO] PluginManager:220 - loadIPPluginJar : add plateformsettings
2024-05-25 21:01:06,768 [INFO] IPUIPlugin:80 - create IPUIPlugin
2024-05-25 21:01:06,768 [INFO] PluginManager:220 - loadIPPluginJar : add quadspi
2024-05-25 21:01:06,778 [INFO] IPUIPlugin:80 - create IPUIPlugin
2024-05-25 21:01:06,779 [INFO] PluginManager:220 - loadIPPluginJar : add resmgrutility
2024-05-25 21:01:06,822 [INFO] IPUIPlugin:80 - create IPUIPlugin
2024-05-25 21:01:06,822 [INFO] PluginManager:220 - loadIPPluginJar : add sai
2024-05-25 21:01:06,854 [INFO] IPUIPlugin:80 - create IPUIPlugin
2024-05-25 21:01:06,854 [INFO] PluginManager:220 - loadIPPluginJar : add spi
2024-05-25 21:01:06,917 [INFO] IPUIPlugin:80 - create IPUIPlugin
2024-05-25 21:01:06,917 [INFO] PluginManager:220 - loadIPPluginJar : add stm32_wpan
2024-05-25 21:01:06,938 [INFO] IPUIPlugin:80 - create IPUIPlugin
2024-05-25 21:01:06,938 [INFO] PluginManager:220 - loadIPPluginJar : add tim
2024-05-25 21:01:06,991 [INFO] IPUIPlugin:80 - create IPUIPlugin
2024-05-25 21:01:06,991 [INFO] PluginManager:220 - loadIPPluginJar : add touchsensing
2024-05-25 21:01:07,012 [INFO] IPUIPlugin:80 - create IPUIPlugin
2024-05-25 21:01:07,012 [INFO] PluginManager:220 - loadIPPluginJar : add tracer_emb
2024-05-25 21:01:07,033 [INFO] IPUIPlugin:80 - create IPUIPlugin
2024-05-25 21:01:07,033 [INFO] PluginManager:220 - loadIPPluginJar : add ts
2024-05-25 21:01:07,052 [INFO] IPUIPlugin:80 - create IPUIPlugin
2024-05-25 21:01:07,052 [INFO] PluginManager:220 - loadIPPluginJar : add tsc
2024-05-25 21:01:07,072 [INFO] IPUIPlugin:80 - create IPUIPlugin
2024-05-25 21:01:07,072 [INFO] PluginManager:220 - loadIPPluginJar : add ucpd
2024-05-25 21:01:07,110 [INFO] IPUIPlugin:80 - create IPUIPlugin
2024-05-25 21:01:07,110 [INFO] PluginManager:220 - loadIPPluginJar : add usart
2024-05-25 21:01:07,149 [INFO] IPUIPlugin:80 - create IPUIPlugin
2024-05-25 21:01:07,149 [INFO] PluginManager:220 - loadIPPluginJar : add usbx
2024-05-25 21:01:07,281 [INFO] CADModel:165 - CPN selected for project level
2024-05-25 21:01:07,282 [INFO] CADModel:114 - Register for checkConnection events
2024-05-25 21:01:07,282 [FATAL] Updater:308 - Updater called before beeing initialized
2024-05-25 21:01:07,282 [ERROR] CADModel:125 - Updater not yet initialized, retry later 
2024-05-25 21:01:07,401 [INFO] CADModel:165 - CPN selected for project level
2024-05-25 21:01:07,401 [INFO] CADModel:114 - Register for checkConnection events
2024-05-25 21:01:07,401 [FATAL] Updater:308 - Updater called before beeing initialized
2024-05-25 21:01:07,401 [ERROR] CADModel:125 - Updater not yet initialized, retry later 
2024-05-25 21:01:07,404 [FATAL] Updater:308 - Updater called before beeing initialized
2024-05-25 21:01:07,505 [FATAL] Updater:308 - Updater called before beeing initialized
2024-05-25 21:01:07,514 [INFO] DbMcusAds:53 - JSON generation date=Thu May 16 11:22:00 CEST 2024 (1715851320852)
2024-05-25 21:01:07,514 [FATAL] Updater:308 - Updater called before beeing initialized
2024-05-25 21:01:07,551 [WARN] DetailPanel:346 - Failed to get advertising image, set to default
2024-05-25 21:01:07,648 [FATAL] Updater:308 - Updater called before beeing initialized
2024-05-25 21:01:07,650 [FATAL] Updater:308 - Updater called before beeing initialized
2024-05-25 21:01:07,650 [FATAL] Updater:308 - Updater called before beeing initialized
2024-05-25 21:01:07,650 [WARN] DetailPanel:346 - Failed to get advertising image, set to default
2024-05-25 21:01:07,651 [FATAL] Updater:308 - Updater called before beeing initialized
2024-05-25 21:01:07,707 [ERROR] Updater:1120 - MainUpdater not yet initialized. External WinMGr cannot be set.
2024-05-25 21:01:07,717 [INFO] Updater:1056 - Updater Version found : 6.11.1
2024-05-25 21:01:07,732 [INFO] ApplicationProperties:184 - Using Application install path: C:\ST\STM32CubeIDE_1.15.0\STM32CubeIDE\plugins\com.st.stm32cube.common.mx_6.11.1.202404110753
2024-05-25 21:01:07,949 [INFO] ThirdPartyUpdaterWithRetryManager:70 - Updater plugin not ready yet. [2/15]
2024-05-25 21:01:08,152 [INFO] MainUpdater:2873 - connection check result : 10
2024-05-25 21:01:08,152 [INFO] MainUpdater:3567 - Updater definition file requires update
2024-05-25 21:01:08,153 [INFO] MainUpdater:290 - Updater Check For Update Now.
2024-05-25 21:01:08,153 [INFO] MicroXplorer:498 - Change Database Version : DB.6.0.111
2024-05-25 21:01:08,171 [INFO] McuFinderGlobals:63 - Set McuFinder mode to 2 (CubeIDE integrated)
2024-05-25 21:01:08,180 [INFO] UserAuth:415 - Internet connection configuration mode: 1
2024-05-25 21:01:08,199 [INFO] JxBrowserEngine:152 - Initiate JxBrowser Engine with user profile folder
2024-05-25 21:01:08,526 [INFO] ServerAccessManage:473 - Download File updaters.zip
2024-05-25 21:01:08,647 [INFO] FileExtend:240 - Unzip File : updaters.zip
2024-05-25 21:01:08,647 [INFO] FileExtend:255 - Standard Zip Deflate
2024-05-25 21:01:09,207 [INFO] ServerAccessManage:473 - Download File PacksControlFlags.xml
2024-05-25 21:01:09,318 [INFO] ServerAccessManage:473 - Download File cubemx.pidx
2024-05-25 21:01:09,493 [INFO] LoadServerUpdatesThread:375 - End of LoadServerUpdate Thread
2024-05-25 21:01:09,676 [INFO] CheckServerUpdateThread:120 - End of CheckServer Thread
2024-05-25 21:01:11,152 [WARN] PackLoader:240 - Cannot read IP mode file for STMicroelectronics.FP-SNS-MOTENVWB1.1.4.0
2024-05-25 21:01:11,172 [WARN] PackLoader:240 - Cannot read IP mode file for STMicroelectronics.X-CUBE-SMBUS.2.1.0
2024-05-25 21:01:11,186 [WARN] PackLoader:240 - Cannot read IP mode file for STMicroelectronics.X-CUBE-TOUCHGFX.4.23.2
2024-05-25 21:01:11,233 [WARN] PackLoader:240 - Cannot read IP mode file for STMicroelectronics.X-CUBE-AZRTOS-F7.1.1.0
2024-05-25 21:01:11,252 [WARN] PackLoader:240 - Cannot read IP mode file for STMicroelectronics.FP-SNS-FLIGHT1.5.0.2
2024-05-25 21:01:11,271 [WARN] PackLoader:240 - Cannot read IP mode file for STMicroelectronics.X-CUBE-DISPLAY.3.0.0
2024-05-25 21:01:11,298 [WARN] PackLoader:240 - Cannot read IP mode file for STMicroelectronics.X-CUBE-BLE1.7.0.0
2024-05-25 21:01:11,314 [WARN] PackLoader:240 - Cannot read IP mode file for emotas.I-CUBE-CANOPEN.1.3.0
2024-05-25 21:01:11,333 [WARN] PackLoader:240 - Cannot read IP mode file for STMicroelectronics.X-CUBE-BLEMGR.3.1.0
2024-05-25 21:01:11,350 [WARN] PackLoader:240 - Cannot read IP mode file for STMicroelectronics.FP-SNS-SMARTAG2.1.2.0
2024-05-25 21:01:11,370 [INFO] LogOutputStream:77 - [STDOUT_REDIRECT] 1 : Invalid condition id : UX_CORESTACK_Condition cause : null
2024-05-25 21:01:11,370 [INFO] LogOutputStream:77 - [STDOUT_REDIRECT] 1 : Invalid condition id : UX_CORESTACK_Condition cause : null
2024-05-25 21:01:11,371 [INFO] LogOutputStream:77 - [STDOUT_REDIRECT] 1 : Invalid condition id : UX_CORESTACK_Condition cause : null
2024-05-25 21:01:11,372 [INFO] LogOutputStream:77 - [STDOUT_REDIRECT] 1 : Invalid condition id : UX_CORESTACK_Condition cause : null
2024-05-25 21:01:11,373 [INFO] LogOutputStream:77 - [STDOUT_REDIRECT] 1 : Invalid condition id : UX_CORESTACK_Condition cause : null
2024-05-25 21:01:11,377 [WARN] PackLoader:240 - Cannot read IP mode file for STMicroelectronics.X-CUBE-AZRTOS-WL.2.0.0
2024-05-25 21:01:11,392 [WARN] PackLoader:240 - Cannot read IP mode file for STMicroelectronics.FP-SNS-MOTENV1.5.0.0
2024-05-25 21:01:11,408 [WARN] PackLoader:240 - Cannot read IP mode file for WES.I-CUBE-Cesium.1.3.0
2024-05-25 21:01:11,420 [WARN] PackLoader:240 - Cannot read IP mode file for STMicroelectronics.X-CUBE-BLE2.3.3.0
2024-05-25 21:01:11,434 [WARN] PackLoader:240 - Cannot read IP mode file for STMicroelectronics.X-CUBE-TCPP.4.1.0
2024-05-25 21:01:11,449 [WARN] PackLoader:240 - Cannot read IP mode file for STMicroelectronics.X-CUBE-ALGOBUILD.1.3.0
2024-05-25 21:01:11,482 [WARN] PackLoader:240 - Cannot read IP mode file for STMicroelectronics.X-CUBE-AZRTOS-G0.1.1.0
2024-05-25 21:01:11,506 [WARN] PackLoader:240 - Cannot read IP mode file for STMicroelectronics.X-CUBE-SAFEA1.1.2.2
2024-05-25 21:01:11,522 [WARN] PackLoader:240 - Cannot read IP mode file for STMicroelectronics.X-CUBE-NFC4.3.0.0
2024-05-25 21:01:11,536 [WARN] PackLoader:240 - Cannot read IP mode file for wolfSSL.I-CUBE-wolfSSL.5.7.0
2024-05-25 21:01:11,548 [WARN] PackLoader:240 - Cannot read IP mode file for STMicroelectronics.FP-ATR-SIGFOX1.3.2.0
2024-05-25 21:01:11,564 [WARN] PackLoader:240 - Cannot read IP mode file for STMicroelectronics.X-CUBE-EEPRMA1.5.1.0
2024-05-25 21:01:11,583 [WARN] PackLoader:240 - Cannot read IP mode file for ITTIA_DB.I-CUBE-ITTIADB.8.9.0
2024-05-25 21:01:11,629 [WARN] PackLoader:240 - Cannot read IP mode file for SEGGER.I-CUBE-embOS.1.3.1
2024-05-25 21:01:11,692 [WARN] PackLoader:240 - Cannot read IP mode file for STMicroelectronics.X-CUBE-ALGOBUILD.1.4.0
2024-05-25 21:01:11,707 [WARN] PackLoader:240 - Cannot read IP mode file for STMicroelectronics.X-CUBE-GNSS1.6.0.0
2024-05-25 21:01:11,738 [WARN] PackLoader:240 - Cannot read IP mode file for STMicroelectronics.X-CUBE-AZRTOS-F4.1.1.0
2024-05-25 21:01:11,755 [WARN] PackLoader:240 - Cannot read IP mode file for STMicroelectronics.X-CUBE-FREERTOS.1.2.0
2024-05-25 21:01:11,786 [WARN] PackLoader:240 - Cannot read IP mode file for STMicroelectronics.X-CUBE-AZRTOS-L5.2.0.0
2024-05-25 21:01:11,804 [WARN] PackLoader:240 - Cannot read IP mode file for STMicroelectronics.X-CUBE-NFC6.3.1.0
2024-05-25 21:01:11,822 [WARN] PackLoader:240 - Cannot read IP mode file for STMicroelectronics.X-CUBE-AI.9.0.0
2024-05-25 21:01:11,839 [WARN] PackLoader:240 - Cannot read IP mode file for STMicroelectronics.X-CUBE-NFC7.1.0.1
2024-05-25 21:01:11,856 [WARN] PackLoader:240 - Cannot read IP mode file for STMicroelectronics.X-CUBE-EEPRMA1.4.1.0
2024-05-25 21:01:11,996 [WARN] ConditionMgr:438 - getConditionDescription Invalid condition id : LAN8742 Phy interface Condition cause : null
2024-05-25 21:01:11,997 [WARN] PackLoader:240 - Cannot read IP mode file for STMicroelectronics.X-CUBE-AZRTOS-L4.2.0.0
2024-05-25 21:01:11,998 [WARN] ConditionMgr:1039 - genDependencies : Invalid condition id : LAN8742 Phy interface Condition cause : null
2024-05-25 21:01:11,998 [WARN] ConditionMgr:1039 - genDependencies : Invalid condition id : LAN8742 Phy interface Condition cause : null
2024-05-25 21:01:11,998 [WARN] ConditionMgr:1039 - genDependencies : Invalid condition id : LAN8742 Phy interface Condition cause : null
2024-05-25 21:01:12,014 [WARN] PackLoader:240 - Cannot read IP mode file for STMicroelectronics.X-CUBE-SFXS2LP1.4.0.0
2024-05-25 21:01:12,038 [WARN] ConditionMgr:438 - getConditionDescription Invalid condition id : UX DEVICE CLASS RTOS Condition cause : null
2024-05-25 21:01:12,038 [WARN] ConditionMgr:438 - getConditionDescription Invalid condition id : UX DEVICE CLASS RTOS Condition cause : null
2024-05-25 21:01:12,040 [WARN] PackLoader:240 - Cannot read IP mode file for STMicroelectronics.X-CUBE-AZRTOS-WB.2.0.0
2024-05-25 21:01:12,041 [WARN] ConditionMgr:1039 - genDependencies : Invalid condition id : UX DEVICE CLASS RTOS Condition cause : null
2024-05-25 21:01:12,041 [WARN] ConditionMgr:1039 - genDependencies : Invalid condition id : UX DEVICE CLASS RTOS Condition cause : null
2024-05-25 21:01:12,041 [WARN] ConditionMgr:1039 - genDependencies : Invalid condition id : UX DEVICE CLASS RTOS Condition cause : null
2024-05-25 21:01:12,041 [WARN] ConditionMgr:1039 - genDependencies : Invalid condition id : UX DEVICE CLASS RTOS Condition cause : null
2024-05-25 21:01:12,041 [WARN] ConditionMgr:1039 - genDependencies : Invalid condition id : UX DEVICE CLASS RTOS Condition cause : null
2024-05-25 21:01:12,060 [WARN] PackLoader:240 - Cannot read IP mode file for STMicroelectronics.X-CUBE-SUBG2.5.0.0
2024-05-25 21:01:12,087 [WARN] PackLoader:240 - Cannot read IP mode file for STMicroelectronics.X-CUBE-AZRTOS-G4.2.0.0
2024-05-25 21:01:12,100 [WARN] PackLoader:240 - Cannot read IP mode file for STMicroelectronics.X-CUBE-ISPU.2.0.0
2024-05-25 21:01:12,110 [WARN] PackLoader:240 - Cannot read IP mode file for STMicroelectronics.X-CUBE-ALS.1.0.2
2024-05-25 21:01:12,153 [WARN] PackLoader:240 - Cannot read IP mode file for STMicroelectronics.X-CUBE-MEMS1.10.0.0
2024-05-25 21:01:12,244 [WARN] PackLoader:240 - Cannot read IP mode file for STMicroelectronics.X-CUBE-FREERTOS.1.1.0
2024-05-25 21:01:12,257 [WARN] PackLoader:240 - Cannot read IP mode file for portGmbH.I-Cube-SoM-uGOAL.1.1.0
2024-05-25 21:01:12,268 [WARN] PackLoader:240 - Cannot read IP mode file for STMicroelectronics.X-CUBE-ALS.1.0.1
2024-05-25 21:01:12,294 [WARN] PackLoader:240 - Cannot read IP mode file for STMicroelectronics.X-CUBE-AZRTOS-H7RS.1.0.0
2024-05-25 21:01:12,306 [WARN] PackLoader:240 - Cannot read IP mode file for STMicroelectronics.FP-ATR-ASTRA1.2.0.0
2024-05-25 21:01:12,330 [WARN] PackLoader:240 - Cannot read IP mode file for STMicroelectronics.X-CUBE-TOF1.3.4.1
2024-05-25 21:01:12,371 [WARN] PackLoader:240 - Cannot read IP mode file for STMicroelectronics.X-CUBE-AZRTOS-H7.3.2.0
2024-05-25 21:01:12,395 [WARN] PackLoader:240 - Cannot read IP mode file for Infineon.AIROC-Wi-Fi-Bluetooth-STM32.1.6.0
2024-05-25 21:01:12,398 [INFO] ThirdParty:978 - Integrity check success = true
2024-05-25 21:01:12,399 [INFO] IntegrityCheckThread:100 - exiting critical section [integrity check]
2024-05-25 21:01:12,399 [INFO] IntegrityCheckThread:103 - End integrity checks thread
2024-05-25 21:01:13,564 [INFO] WebApp:161 - Instantiating new browser for Auth
2024-05-25 21:01:14,111 [INFO] WebApp:779 - Register for checkConnection events
2024-05-25 21:01:14,111 [INFO] WebApp:414 - Apply proxy settings
2024-05-25 21:01:14,111 [INFO] WebApp:499 - Chromium requires no authentication
2024-05-25 21:01:14,125 [INFO] WebApp:442 - Direct internet connection detected
2024-05-25 21:01:14,276 [INFO] WebApp:192 - Starting web application
2024-05-25 21:01:14,277 [INFO] WebApp:544 - Web application path used C:\ST\STM32CubeIDE_1.15.0\STM32CubeIDE\plugins\com.st.stm32cube.common.mx_6.11.1.202404110753\db\plugins\mcufinder\reactClient1\index.html
2024-05-25 21:43:46,293 [ERROR] LogOutputStream:75 - [STDERR_REDIRECT] 
2024-05-25 23:43:34,337 [INFO] Activator:176 - 


2024-05-25 23:43:34,340 [INFO] Activator:177 - !SESSION log4j initialized
2024-05-25 23:43:39,486 [INFO] LogOutputStream:77 - [STDOUT_REDIRECT] 
2024-05-25 23:43:42,481 [INFO] ApplicationProperties:184 - Using Application install path: C:\ST\STM32CubeIDE_1.15.0\STM32CubeIDE\plugins\com.st.stm32cube.common.mx_6.11.1.202404110753
2024-05-25 23:43:42,498 [INFO] DbMcusXml:78 - Set database path to: C:\ST\STM32CubeIDE_1.15.0\STM32CubeIDE\plugins\com.st.stm32cube.common.mx_6.11.1.202404110753\\db\/mcu/
2024-05-25 23:43:42,498 [INFO] ApiDb:274 - Set plugin database path to: C:\ST\STM32CubeIDE_1.15.0\STM32CubeIDE\plugins\com.st.stm32cube.common.mx_6.11.1.202404110753\\db\/plugins/boardmanager/
2024-05-25 23:43:42,499 [WARN] ApiDb:259 - Overriding images path with different value:  => C:\ST\STM32CubeIDE_1.15.0\STM32CubeIDE\plugins\com.st.stm32cube.common.mx_6.11.1.202404110753\\db\/plugins/mcufinder/images/
2024-05-25 23:43:42,513 [INFO] ApiDb:250 - Set database path to: C:\Users\chris\.stmcufinder\plugins\mcufinder//mcu/
2024-05-25 23:43:42,514 [INFO] DbMcusAds:125 - Set database path to: C:\Users\chris\.stmcufinder\plugins\mcufinder//mcu/
2024-05-25 23:43:42,516 [INFO] CrossReferenceDbSqlite:203 - Set database path to: C:\Users\chris\.stmcufinder\plugins\mcufinder//mcu/cs/
2024-05-25 23:43:42,627 [INFO] RulesReader:64 - Compatibility file has been processed (297 Rules)
2024-05-25 23:43:42,712 [INFO] DbMcusXml:78 - Set database path to: C:\ST\STM32CubeIDE_1.15.0\STM32CubeIDE\plugins\com.st.stm32cube.common.mx_6.11.1.202404110753\\db\/mcu/
2024-05-25 23:43:42,712 [INFO] ApiDb:274 - Set plugin database path to: C:\ST\STM32CubeIDE_1.15.0\STM32CubeIDE\plugins\com.st.stm32cube.common.mx_6.11.1.202404110753\\db\/plugins/boardmanager/
2024-05-25 23:43:42,712 [INFO] ApiDb:261 - Set plugin images path to: C:\ST\STM32CubeIDE_1.15.0\STM32CubeIDE\plugins\com.st.stm32cube.common.mx_6.11.1.202404110753\\db\/plugins/mcufinder/images/
2024-05-25 23:43:42,712 [WARN] DbFile:41 - Overriding database path with different value: C:\Users\chris\.stmcufinder\plugins\mcufinder/ => C:\Users\chris\.stmcufinder\plugins\mcufinder
2024-05-25 23:43:42,713 [INFO] ApiDb:250 - Set database path to: C:\Users\chris\.stmcufinder\plugins\mcufinder//mcu/
2024-05-25 23:43:42,713 [WARN] DbFile:41 - Overriding database path with different value: C:\Users\chris\.stmcufinder\plugins\mcufinder/ => C:\Users\chris\.stmcufinder\plugins\mcufinder
2024-05-25 23:43:42,713 [INFO] DbMcusAds:125 - Set database path to: C:\Users\chris\.stmcufinder\plugins\mcufinder//mcu/
2024-05-25 23:43:42,713 [WARN] DbFile:41 - Overriding database path with different value: C:\Users\chris\.stmcufinder\plugins\mcufinder/ => C:\Users\chris\.stmcufinder\plugins\mcufinder
2024-05-25 23:43:42,713 [WARN] DbFile:41 - Overriding database path with different value: C:\Users\chris\.stmcufinder\plugins\mcufinder/ => C:\Users\chris\.stmcufinder\plugins\mcufinder
2024-05-25 23:43:42,713 [INFO] CrossReferenceDbSqlite:203 - Set database path to: C:\Users\chris\.stmcufinder\plugins\mcufinder//mcu/cs/
2024-05-25 23:43:42,786 [INFO] MainPanel:264 - HeapMemory: 268435456
2024-05-25 23:43:42,876 [INFO] DbMcusXml:78 - Set database path to: C:\ST\STM32CubeIDE_1.15.0\STM32CubeIDE\plugins\com.st.stm32cube.common.mx_6.11.1.202404110753\\db\/mcu/
2024-05-25 23:43:42,876 [INFO] ApiDb:274 - Set plugin database path to: C:\ST\STM32CubeIDE_1.15.0\STM32CubeIDE\plugins\com.st.stm32cube.common.mx_6.11.1.202404110753\\db\/plugins/boardmanager/
2024-05-25 23:43:42,876 [INFO] ApiDb:261 - Set plugin images path to: C:\ST\STM32CubeIDE_1.15.0\STM32CubeIDE\plugins\com.st.stm32cube.common.mx_6.11.1.202404110753\\db\/plugins/mcufinder/images/
2024-05-25 23:43:42,877 [WARN] DbFile:41 - Overriding database path with different value: C:\Users\chris\.stmcufinder\plugins\mcufinder/ => C:\Users\chris\.stmcufinder\plugins\mcufinder
2024-05-25 23:43:42,877 [INFO] ApiDb:250 - Set database path to: C:\Users\chris\.stmcufinder\plugins\mcufinder//mcu/
2024-05-25 23:43:42,877 [WARN] DbFile:41 - Overriding database path with different value: C:\Users\chris\.stmcufinder\plugins\mcufinder/ => C:\Users\chris\.stmcufinder\plugins\mcufinder
2024-05-25 23:43:42,877 [INFO] DbMcusAds:125 - Set database path to: C:\Users\chris\.stmcufinder\plugins\mcufinder//mcu/
2024-05-25 23:43:42,877 [WARN] DbFile:41 - Overriding database path with different value: C:\Users\chris\.stmcufinder\plugins\mcufinder/ => C:\Users\chris\.stmcufinder\plugins\mcufinder
2024-05-25 23:43:42,877 [WARN] DbFile:41 - Overriding database path with different value: C:\Users\chris\.stmcufinder\plugins\mcufinder/ => C:\Users\chris\.stmcufinder\plugins\mcufinder
2024-05-25 23:43:42,877 [INFO] CrossReferenceDbSqlite:203 - Set database path to: C:\Users\chris\.stmcufinder\plugins\mcufinder//mcu/cs/
2024-05-25 23:43:42,894 [INFO] ApplicationProperties:184 - Using Application install path: C:\ST\STM32CubeIDE_1.15.0\STM32CubeIDE\plugins\com.st.stm32cube.common.mx_6.11.1.202404110753
2024-05-25 23:43:42,896 [INFO] PluginManage:196 - Search for loadable plugins [exclusion list=, ]
2024-05-25 23:43:42,897 [INFO] PluginManage:310 - Check plugin analytics
2024-05-25 23:43:43,074 [INFO] AnalyticsPlugin:253 - Accepted Software Licenses: STM32CubeMX.6.11.0,STM32CubeMX.6.11.1,STM32CubeMX.6.9.2,STM32CubeMX.6.2.0
2024-05-25 23:43:43,074 [INFO] AnalyticsPlugin:255 - Accepted CMSIS Pack Licenses: STMicroelectronics.X-CUBE-EEPRMA1.4.1.0
2024-05-25 23:43:43,074 [INFO] AnalyticsPlugin:257 - Accepted Firmware Licenses: FW.F4.1.27.0,FW.F4.1.28.0
2024-05-25 23:43:43,077 [INFO] PluginManage:359 - Loaded plugin analytics (category:tool,tabindex:-1)
2024-05-25 23:43:43,078 [INFO] PluginManage:310 - Check plugin cadmodel
2024-05-25 23:43:43,122 [INFO] CADModel:105 - Init CAD model plugin
2024-05-25 23:43:43,123 [INFO] PluginManage:359 - Loaded plugin cadmodel (category:power,tabindex:5)
2024-05-25 23:43:43,123 [INFO] PluginManage:310 - Check plugin clock
2024-05-25 23:43:43,143 [INFO] PluginManage:359 - Loaded plugin clock (category:base,tabindex:2)
2024-05-25 23:43:43,143 [INFO] PluginManage:310 - Check plugin ddr
2024-05-25 23:43:43,145 [INFO] PluginManage:359 - Loaded plugin ddr (category:tool,tabindex:6)
2024-05-25 23:43:43,145 [INFO] PluginManage:310 - Check plugin filemanager
2024-05-25 23:43:43,296 [INFO] PluginManage:359 - Loaded plugin filemanager (category:base,tabindex:10)
2024-05-25 23:43:43,296 [INFO] PluginManage:310 - Check plugin ipmanager
2024-05-25 23:43:43,303 [INFO] PluginManage:359 - Loaded plugin ipmanager (category:base,tabindex:5)
2024-05-25 23:43:43,303 [INFO] PluginManage:310 - Check plugin lpbam
2024-05-25 23:43:43,320 [INFO] PluginManage:359 - Loaded plugin lpbam (category:base,tabindex:0)
2024-05-25 23:43:43,320 [INFO] PluginManage:310 - Check plugin memorymap
2024-05-25 23:43:43,342 [INFO] PluginManage:359 - Loaded plugin memorymap (category:base,tabindex:4)
2024-05-25 23:43:43,342 [INFO] PluginManage:310 - Check plugin pinoutandconfiguration
2024-05-25 23:43:43,358 [INFO] PluginManage:359 - Loaded plugin pinoutandconfiguration (category:base,tabindex:1)
2024-05-25 23:43:43,358 [INFO] PluginManage:310 - Check plugin pinoutconfig
2024-05-25 23:43:43,461 [WARN] SupportedApi:132 - Cannot load RTOS API schema: s4s-elt-must-match.1: The content of 'definitions' must match (annotation?, (simpleType | complexType)?, (unique | key | keyref)*)). A problem was found starting at: attribute.
2024-05-25 23:43:43,630 [INFO] PluginManage:359 - Loaded plugin pinoutconfig (category:base,tabindex:0)
2024-05-25 23:43:43,630 [INFO] PluginManage:310 - Check plugin power
2024-05-25 23:43:43,650 [INFO] PluginManage:359 - Loaded plugin power (category:power,tabindex:4)
2024-05-25 23:43:43,650 [INFO] PluginManage:310 - Check plugin projectmanager
2024-05-25 23:43:43,666 [INFO] PluginManage:359 - Loaded plugin projectmanager (category:projectmanager,tabindex:3)
2024-05-25 23:43:43,666 [INFO] PluginManage:310 - Check plugin thirdparty
2024-05-25 23:43:43,927 [INFO] PluginManage:359 - Loaded plugin thirdparty (category:base,tabindex:-1)
2024-05-25 23:43:43,927 [INFO] PluginManage:310 - Check plugin tools
2024-05-25 23:43:43,927 [WARN] IntegrityCheckThread:84 - waiting for thirdparty lock release [integrity check]
2024-05-25 23:43:43,927 [INFO] IntegrityCheckThread:86 - entering critical section [integrity check]
2024-05-25 23:43:43,927 [INFO] ThirdPartyUpdaterWithRetryManager:70 - Updater plugin not ready yet. [1/15]
2024-05-25 23:43:43,958 [INFO] PluginManage:359 - Loaded plugin tools (category:base,tabindex:7)
2024-05-25 23:43:43,958 [INFO] PluginManage:310 - Check plugin tutovideos
2024-05-25 23:43:44,149 [INFO] PluginManage:359 - Loaded plugin tutovideos (category:base,tabindex:-1)
2024-05-25 23:43:44,149 [INFO] PluginManage:310 - Check plugin updater
2024-05-25 23:43:44,159 [INFO] PluginManage:359 - Loaded plugin updater (category:base,tabindex:12)
2024-05-25 23:43:44,159 [INFO] PluginManage:310 - Check plugin userauth
2024-05-25 23:43:44,165 [INFO] UserAuth:114 - Init User Auth plugin
2024-05-25 23:43:44,165 [INFO] PluginManage:359 - Loaded plugin userauth (category:base,tabindex:14)
2024-05-25 23:43:44,165 [INFO] PluginManage:283 - PluginManage : Loaded plugins [17]
2024-05-25 23:43:44,374 [INFO] PinOutPanel:1561 - setPackage(No Configuration,No Configuration)
2024-05-25 23:43:44,450 [INFO] CADModel:165 - CPN selected for project level
2024-05-25 23:43:44,451 [INFO] CADModel:114 - Register for checkConnection events
2024-05-25 23:43:44,481 [INFO] IPUIPlugin:80 - create IPUIPlugin
2024-05-25 23:43:44,481 [INFO] PluginManager:220 - loadIPPluginJar : add adc
2024-05-25 23:43:44,516 [INFO] IPUIPlugin:80 - create IPUIPlugin
2024-05-25 23:43:44,516 [INFO] PluginManager:220 - loadIPPluginJar : add aes
2024-05-25 23:43:44,563 [INFO] IPUIPlugin:80 - create IPUIPlugin
2024-05-25 23:43:44,563 [INFO] PluginManager:220 - loadIPPluginJar : add can
2024-05-25 23:43:44,589 [INFO] IPUIPlugin:80 - create IPUIPlugin
2024-05-25 23:43:44,589 [INFO] PluginManager:220 - loadIPPluginJar : add comp
2024-05-25 23:43:44,626 [INFO] IPUIPlugin:80 - create IPUIPlugin
2024-05-25 23:43:44,626 [INFO] PluginManager:220 - loadIPPluginJar : add cryp
2024-05-25 23:43:44,663 [INFO] IPUIPlugin:80 - create IPUIPlugin
2024-05-25 23:43:44,663 [INFO] PluginManager:220 - loadIPPluginJar : add dfsdm
2024-05-25 23:43:44,678 [INFO] IPUIPlugin:80 - create IPUIPlugin
2024-05-25 23:43:44,678 [INFO] PluginManager:220 - loadIPPluginJar : add dma
2024-05-25 23:43:44,723 [INFO] IPUIPlugin:80 - create IPUIPlugin
2024-05-25 23:43:44,723 [INFO] PluginManager:220 - loadIPPluginJar : add dma3
2024-05-25 23:43:44,774 [INFO] IPUIPlugin:80 - create IPUIPlugin
2024-05-25 23:43:44,774 [INFO] PluginManager:220 - loadIPPluginJar : add extmemmanager
2024-05-25 23:43:44,797 [INFO] IPUIPlugin:80 - create IPUIPlugin
2024-05-25 23:43:44,797 [INFO] PluginManager:220 - loadIPPluginJar : add fatfs
2024-05-25 23:43:44,849 [INFO] IPUIPlugin:80 - create IPUIPlugin
2024-05-25 23:43:44,849 [INFO] PluginManager:220 - loadIPPluginJar : add fmc
2024-05-25 23:43:44,863 [INFO] IPUIPlugin:80 - create IPUIPlugin
2024-05-25 23:43:44,864 [INFO] PluginManager:220 - loadIPPluginJar : add freertos
2024-05-25 23:43:44,885 [INFO] IPUIPlugin:80 - create IPUIPlugin
2024-05-25 23:43:44,885 [INFO] PluginManager:220 - loadIPPluginJar : add genericplugin
2024-05-25 23:43:44,972 [INFO] IPUIPlugin:80 - create IPUIPlugin
2024-05-25 23:43:44,973 [INFO] PluginManager:220 - loadIPPluginJar : add gfxmmu
2024-05-25 23:43:45,094 [INFO] IPUIPlugin:80 - create IPUIPlugin
2024-05-25 23:43:45,094 [INFO] PluginManager:220 - loadIPPluginJar : add gic
2024-05-25 23:43:45,106 [INFO] IPUIPlugin:80 - create IPUIPlugin
2024-05-25 23:43:45,106 [INFO] PluginManager:220 - loadIPPluginJar : add gpio
2024-05-25 23:43:45,191 [INFO] IPUIPlugin:80 - create IPUIPlugin
2024-05-25 23:43:45,191 [INFO] PluginManager:220 - loadIPPluginJar : add gtzc
2024-05-25 23:43:45,220 [INFO] IPUIPlugin:80 - create IPUIPlugin
2024-05-25 23:43:45,220 [INFO] PluginManager:220 - loadIPPluginJar : add hash
2024-05-25 23:43:45,268 [INFO] IPUIPlugin:80 - create IPUIPlugin
2024-05-25 23:43:45,268 [INFO] PluginManager:220 - loadIPPluginJar : add i2c
2024-05-25 23:43:45,304 [INFO] IPUIPlugin:80 - create IPUIPlugin
2024-05-25 23:43:45,304 [INFO] PluginManager:220 - loadIPPluginJar : add i2s
2024-05-25 23:43:45,342 [INFO] IPUIPlugin:80 - create IPUIPlugin
2024-05-25 23:43:45,342 [INFO] PluginManager:220 - loadIPPluginJar : add i3c
2024-05-25 23:43:45,440 [INFO] IPUIPlugin:80 - create IPUIPlugin
2024-05-25 23:43:45,440 [INFO] PluginManager:220 - loadIPPluginJar : add ipddr
2024-05-25 23:43:45,526 [INFO] IPUIPlugin:80 - create IPUIPlugin
2024-05-25 23:43:45,526 [INFO] PluginManager:220 - loadIPPluginJar : add linkedlist
2024-05-25 23:43:45,558 [INFO] IPUIPlugin:80 - create IPUIPlugin
2024-05-25 23:43:45,558 [INFO] PluginManager:220 - loadIPPluginJar : add lorawan
2024-05-25 23:43:45,592 [INFO] IPUIPlugin:80 - create IPUIPlugin
2024-05-25 23:43:45,592 [INFO] PluginManager:220 - loadIPPluginJar : add ltdc
2024-05-25 23:43:45,605 [INFO] IPUIPlugin:80 - create IPUIPlugin
2024-05-25 23:43:45,605 [INFO] PluginManager:220 - loadIPPluginJar : add mdma
2024-05-25 23:43:45,615 [INFO] IPUIPlugin:80 - create IPUIPlugin
2024-05-25 23:43:45,615 [INFO] PluginManager:220 - loadIPPluginJar : add nvic
2024-05-25 23:43:45,648 [INFO] IPUIPlugin:80 - create IPUIPlugin
2024-05-25 23:43:45,649 [INFO] PluginManager:220 - loadIPPluginJar : add opamp
2024-05-25 23:43:45,710 [INFO] IPUIPlugin:80 - create IPUIPlugin
2024-05-25 23:43:45,710 [INFO] PluginManager:220 - loadIPPluginJar : add openamp
2024-05-25 23:43:45,748 [INFO] IPUIPlugin:80 - create IPUIPlugin
2024-05-25 23:43:45,748 [INFO] PluginManager:220 - loadIPPluginJar : add pdm2pcm
2024-05-25 23:43:45,760 [INFO] IPUIPlugin:80 - create IPUIPlugin
2024-05-25 23:43:45,762 [INFO] PluginManager:220 - loadIPPluginJar : add plateformsettings
2024-05-25 23:43:45,783 [INFO] IPUIPlugin:80 - create IPUIPlugin
2024-05-25 23:43:45,783 [INFO] PluginManager:220 - loadIPPluginJar : add quadspi
2024-05-25 23:43:45,793 [INFO] IPUIPlugin:80 - create IPUIPlugin
2024-05-25 23:43:45,793 [INFO] PluginManager:220 - loadIPPluginJar : add resmgrutility
2024-05-25 23:43:45,837 [INFO] IPUIPlugin:80 - create IPUIPlugin
2024-05-25 23:43:45,837 [INFO] PluginManager:220 - loadIPPluginJar : add sai
2024-05-25 23:43:45,871 [INFO] IPUIPlugin:80 - create IPUIPlugin
2024-05-25 23:43:45,871 [INFO] PluginManager:220 - loadIPPluginJar : add spi
2024-05-25 23:43:45,937 [INFO] IPUIPlugin:80 - create IPUIPlugin
2024-05-25 23:43:45,937 [INFO] PluginManager:220 - loadIPPluginJar : add stm32_wpan
2024-05-25 23:43:45,958 [INFO] IPUIPlugin:80 - create IPUIPlugin
2024-05-25 23:43:45,958 [INFO] PluginManager:220 - loadIPPluginJar : add tim
2024-05-25 23:43:46,016 [INFO] IPUIPlugin:80 - create IPUIPlugin
2024-05-25 23:43:46,016 [INFO] PluginManager:220 - loadIPPluginJar : add touchsensing
2024-05-25 23:43:46,038 [INFO] IPUIPlugin:80 - create IPUIPlugin
2024-05-25 23:43:46,038 [INFO] PluginManager:220 - loadIPPluginJar : add tracer_emb
2024-05-25 23:43:46,060 [INFO] IPUIPlugin:80 - create IPUIPlugin
2024-05-25 23:43:46,060 [INFO] PluginManager:220 - loadIPPluginJar : add ts
2024-05-25 23:43:46,080 [INFO] IPUIPlugin:80 - create IPUIPlugin
2024-05-25 23:43:46,080 [INFO] PluginManager:220 - loadIPPluginJar : add tsc
2024-05-25 23:43:46,100 [INFO] IPUIPlugin:80 - create IPUIPlugin
2024-05-25 23:43:46,100 [INFO] PluginManager:220 - loadIPPluginJar : add ucpd
2024-05-25 23:43:46,142 [INFO] IPUIPlugin:80 - create IPUIPlugin
2024-05-25 23:43:46,142 [INFO] PluginManager:220 - loadIPPluginJar : add usart
2024-05-25 23:43:46,184 [INFO] IPUIPlugin:80 - create IPUIPlugin
2024-05-25 23:43:46,184 [INFO] PluginManager:220 - loadIPPluginJar : add usbx
2024-05-25 23:43:46,310 [INFO] CADModel:165 - CPN selected for project level
2024-05-25 23:43:46,310 [INFO] CADModel:114 - Register for checkConnection events
2024-05-25 23:43:46,311 [FATAL] Updater:308 - Updater called before beeing initialized
2024-05-25 23:43:46,311 [ERROR] CADModel:125 - Updater not yet initialized, retry later 
2024-05-25 23:43:46,443 [INFO] CADModel:165 - CPN selected for project level
2024-05-25 23:43:46,443 [INFO] CADModel:114 - Register for checkConnection events
2024-05-25 23:43:46,443 [FATAL] Updater:308 - Updater called before beeing initialized
2024-05-25 23:43:46,443 [ERROR] CADModel:125 - Updater not yet initialized, retry later 
2024-05-25 23:43:46,446 [FATAL] Updater:308 - Updater called before beeing initialized
2024-05-25 23:43:46,559 [FATAL] Updater:308 - Updater called before beeing initialized
2024-05-25 23:43:46,568 [INFO] DbMcusAds:53 - JSON generation date=Thu May 16 11:22:00 CEST 2024 (1715851320852)
2024-05-25 23:43:46,568 [FATAL] Updater:308 - Updater called before beeing initialized
2024-05-25 23:43:46,606 [WARN] DetailPanel:346 - Failed to get advertising image, set to default
2024-05-25 23:43:46,720 [FATAL] Updater:308 - Updater called before beeing initialized
2024-05-25 23:43:46,722 [FATAL] Updater:308 - Updater called before beeing initialized
2024-05-25 23:43:46,722 [FATAL] Updater:308 - Updater called before beeing initialized
2024-05-25 23:43:46,722 [WARN] DetailPanel:346 - Failed to get advertising image, set to default
2024-05-25 23:43:46,722 [FATAL] Updater:308 - Updater called before beeing initialized
2024-05-25 23:43:46,782 [ERROR] Updater:1120 - MainUpdater not yet initialized. External WinMGr cannot be set.
2024-05-25 23:43:46,792 [INFO] Updater:1056 - Updater Version found : 6.11.1
2024-05-25 23:43:46,812 [INFO] ApplicationProperties:184 - Using Application install path: C:\ST\STM32CubeIDE_1.15.0\STM32CubeIDE\plugins\com.st.stm32cube.common.mx_6.11.1.202404110753
2024-05-25 23:43:46,931 [INFO] ThirdPartyUpdaterWithRetryManager:70 - Updater plugin not ready yet. [2/15]
2024-05-25 23:43:47,253 [INFO] MainUpdater:2873 - connection check result : 10
2024-05-25 23:43:47,254 [INFO] MainUpdater:290 - Updater Check For Update Now.
2024-05-25 23:43:47,254 [INFO] MicroXplorer:498 - Change Database Version : DB.6.0.111
2024-05-25 23:43:47,270 [INFO] McuFinderGlobals:63 - Set McuFinder mode to 2 (CubeIDE integrated)
2024-05-25 23:43:47,282 [INFO] UserAuth:415 - Internet connection configuration mode: 1
2024-05-25 23:43:47,311 [INFO] JxBrowserEngine:152 - Initiate JxBrowser Engine with user profile folder
2024-05-25 23:43:47,466 [INFO] CheckServerUpdateThread:120 - End of CheckServer Thread
2024-05-25 23:43:50,118 [WARN] PackLoader:240 - Cannot read IP mode file for STMicroelectronics.FP-SNS-MOTENVWB1.1.4.0
2024-05-25 23:43:50,139 [WARN] PackLoader:240 - Cannot read IP mode file for STMicroelectronics.X-CUBE-SMBUS.2.1.0
2024-05-25 23:43:50,153 [WARN] PackLoader:240 - Cannot read IP mode file for STMicroelectronics.X-CUBE-TOUCHGFX.4.23.2
2024-05-25 23:43:50,202 [WARN] PackLoader:240 - Cannot read IP mode file for STMicroelectronics.X-CUBE-AZRTOS-F7.1.1.0
2024-05-25 23:43:50,227 [WARN] PackLoader:240 - Cannot read IP mode file for STMicroelectronics.FP-SNS-FLIGHT1.5.0.2
2024-05-25 23:43:50,244 [WARN] PackLoader:240 - Cannot read IP mode file for STMicroelectronics.X-CUBE-DISPLAY.3.0.0
2024-05-25 23:43:50,267 [WARN] PackLoader:240 - Cannot read IP mode file for STMicroelectronics.X-CUBE-BLE1.7.0.0
2024-05-25 23:43:50,284 [WARN] PackLoader:240 - Cannot read IP mode file for emotas.I-CUBE-CANOPEN.1.3.0
2024-05-25 23:43:50,305 [WARN] PackLoader:240 - Cannot read IP mode file for STMicroelectronics.X-CUBE-BLEMGR.3.1.0
2024-05-25 23:43:50,324 [WARN] PackLoader:240 - Cannot read IP mode file for STMicroelectronics.FP-SNS-SMARTAG2.1.2.0
2024-05-25 23:43:50,347 [INFO] LogOutputStream:77 - [STDOUT_REDIRECT] 1 : Invalid condition id : UX_CORESTACK_Condition cause : null
2024-05-25 23:43:50,348 [INFO] LogOutputStream:77 - [STDOUT_REDIRECT] 1 : Invalid condition id : UX_CORESTACK_Condition cause : null
2024-05-25 23:43:50,349 [INFO] LogOutputStream:77 - [STDOUT_REDIRECT] 1 : Invalid condition id : UX_CORESTACK_Condition cause : null
2024-05-25 23:43:50,350 [INFO] LogOutputStream:77 - [STDOUT_REDIRECT] 1 : Invalid condition id : UX_CORESTACK_Condition cause : null
2024-05-25 23:43:50,351 [INFO] LogOutputStream:77 - [STDOUT_REDIRECT] 1 : Invalid condition id : UX_CORESTACK_Condition cause : null
2024-05-25 23:43:50,356 [WARN] PackLoader:240 - Cannot read IP mode file for STMicroelectronics.X-CUBE-AZRTOS-WL.2.0.0
2024-05-25 23:43:50,372 [WARN] PackLoader:240 - Cannot read IP mode file for STMicroelectronics.FP-SNS-MOTENV1.5.0.0
2024-05-25 23:43:50,389 [WARN] PackLoader:240 - Cannot read IP mode file for WES.I-CUBE-Cesium.1.3.0
2024-05-25 23:43:50,402 [WARN] PackLoader:240 - Cannot read IP mode file for STMicroelectronics.X-CUBE-BLE2.3.3.0
2024-05-25 23:43:50,417 [WARN] PackLoader:240 - Cannot read IP mode file for STMicroelectronics.X-CUBE-TCPP.4.1.0
2024-05-25 23:43:50,435 [WARN] PackLoader:240 - Cannot read IP mode file for STMicroelectronics.X-CUBE-ALGOBUILD.1.3.0
2024-05-25 23:43:50,466 [WARN] PackLoader:240 - Cannot read IP mode file for STMicroelectronics.X-CUBE-AZRTOS-G0.1.1.0
2024-05-25 23:43:50,484 [WARN] PackLoader:240 - Cannot read IP mode file for STMicroelectronics.X-CUBE-SAFEA1.1.2.2
2024-05-25 23:43:50,500 [WARN] PackLoader:240 - Cannot read IP mode file for STMicroelectronics.X-CUBE-NFC4.3.0.0
2024-05-25 23:43:50,514 [WARN] PackLoader:240 - Cannot read IP mode file for wolfSSL.I-CUBE-wolfSSL.5.7.0
2024-05-25 23:43:50,532 [WARN] PackLoader:240 - Cannot read IP mode file for STMicroelectronics.FP-ATR-SIGFOX1.3.2.0
2024-05-25 23:43:50,550 [WARN] PackLoader:240 - Cannot read IP mode file for STMicroelectronics.X-CUBE-EEPRMA1.5.1.0
2024-05-25 23:43:50,575 [WARN] PackLoader:240 - Cannot read IP mode file for ITTIA_DB.I-CUBE-ITTIADB.8.9.0
2024-05-25 23:43:50,655 [WARN] PackLoader:240 - Cannot read IP mode file for SEGGER.I-CUBE-embOS.1.3.1
2024-05-25 23:43:50,704 [WARN] PackLoader:240 - Cannot read IP mode file for STMicroelectronics.X-CUBE-ALGOBUILD.1.4.0
2024-05-25 23:43:50,719 [WARN] PackLoader:240 - Cannot read IP mode file for STMicroelectronics.X-CUBE-GNSS1.6.0.0
2024-05-25 23:43:50,747 [WARN] PackLoader:240 - Cannot read IP mode file for STMicroelectronics.X-CUBE-AZRTOS-F4.1.1.0
2024-05-25 23:43:50,762 [WARN] PackLoader:240 - Cannot read IP mode file for STMicroelectronics.X-CUBE-FREERTOS.1.2.0
2024-05-25 23:43:50,787 [WARN] PackLoader:240 - Cannot read IP mode file for STMicroelectronics.X-CUBE-AZRTOS-L5.2.0.0
2024-05-25 23:43:50,805 [WARN] PackLoader:240 - Cannot read IP mode file for STMicroelectronics.X-CUBE-NFC6.3.1.0
2024-05-25 23:43:50,819 [WARN] PackLoader:240 - Cannot read IP mode file for STMicroelectronics.X-CUBE-AI.9.0.0
2024-05-25 23:43:50,831 [WARN] PackLoader:240 - Cannot read IP mode file for STMicroelectronics.X-CUBE-NFC7.1.0.1
2024-05-25 23:43:50,845 [WARN] PackLoader:240 - Cannot read IP mode file for STMicroelectronics.X-CUBE-EEPRMA1.4.1.0
2024-05-25 23:43:50,967 [WARN] ConditionMgr:438 - getConditionDescription Invalid condition id : LAN8742 Phy interface Condition cause : null
2024-05-25 23:43:50,968 [WARN] PackLoader:240 - Cannot read IP mode file for STMicroelectronics.X-CUBE-AZRTOS-L4.2.0.0
2024-05-25 23:43:50,969 [WARN] ConditionMgr:1039 - genDependencies : Invalid condition id : LAN8742 Phy interface Condition cause : null
2024-05-25 23:43:50,969 [WARN] ConditionMgr:1039 - genDependencies : Invalid condition id : LAN8742 Phy interface Condition cause : null
2024-05-25 23:43:50,969 [WARN] ConditionMgr:1039 - genDependencies : Invalid condition id : LAN8742 Phy interface Condition cause : null
2024-05-25 23:43:50,984 [WARN] PackLoader:240 - Cannot read IP mode file for STMicroelectronics.X-CUBE-SFXS2LP1.4.0.0
2024-05-25 23:43:51,014 [WARN] ConditionMgr:438 - getConditionDescription Invalid condition id : UX DEVICE CLASS RTOS Condition cause : null
2024-05-25 23:43:51,014 [WARN] ConditionMgr:438 - getConditionDescription Invalid condition id : UX DEVICE CLASS RTOS Condition cause : null
2024-05-25 23:43:51,016 [WARN] PackLoader:240 - Cannot read IP mode file for STMicroelectronics.X-CUBE-AZRTOS-WB.2.0.0
2024-05-25 23:43:51,017 [WARN] ConditionMgr:1039 - genDependencies : Invalid condition id : UX DEVICE CLASS RTOS Condition cause : null
2024-05-25 23:43:51,017 [WARN] ConditionMgr:1039 - genDependencies : Invalid condition id : UX DEVICE CLASS RTOS Condition cause : null
2024-05-25 23:43:51,017 [WARN] ConditionMgr:1039 - genDependencies : Invalid condition id : UX DEVICE CLASS RTOS Condition cause : null
2024-05-25 23:43:51,017 [WARN] ConditionMgr:1039 - genDependencies : Invalid condition id : UX DEVICE CLASS RTOS Condition cause : null
2024-05-25 23:43:51,017 [WARN] ConditionMgr:1039 - genDependencies : Invalid condition id : UX DEVICE CLASS RTOS Condition cause : null
2024-05-25 23:43:51,041 [WARN] PackLoader:240 - Cannot read IP mode file for STMicroelectronics.X-CUBE-SUBG2.5.0.0
2024-05-25 23:43:51,068 [WARN] PackLoader:240 - Cannot read IP mode file for STMicroelectronics.X-CUBE-AZRTOS-G4.2.0.0
2024-05-25 23:43:51,081 [WARN] PackLoader:240 - Cannot read IP mode file for STMicroelectronics.X-CUBE-ISPU.2.0.0
2024-05-25 23:43:51,094 [WARN] PackLoader:240 - Cannot read IP mode file for STMicroelectronics.X-CUBE-ALS.1.0.2
2024-05-25 23:43:51,137 [WARN] PackLoader:240 - Cannot read IP mode file for STMicroelectronics.X-CUBE-MEMS1.10.0.0
2024-05-25 23:43:51,219 [WARN] PackLoader:240 - Cannot read IP mode file for STMicroelectronics.X-CUBE-FREERTOS.1.1.0
2024-05-25 23:43:51,234 [WARN] PackLoader:240 - Cannot read IP mode file for portGmbH.I-Cube-SoM-uGOAL.1.1.0
2024-05-25 23:43:51,245 [WARN] PackLoader:240 - Cannot read IP mode file for STMicroelectronics.X-CUBE-ALS.1.0.1
2024-05-25 23:43:51,279 [WARN] PackLoader:240 - Cannot read IP mode file for STMicroelectronics.X-CUBE-AZRTOS-H7RS.1.0.0
2024-05-25 23:43:51,298 [WARN] PackLoader:240 - Cannot read IP mode file for STMicroelectronics.FP-ATR-ASTRA1.2.0.0
2024-05-25 23:43:51,325 [WARN] PackLoader:240 - Cannot read IP mode file for STMicroelectronics.X-CUBE-TOF1.3.4.1
2024-05-25 23:43:51,378 [WARN] PackLoader:240 - Cannot read IP mode file for STMicroelectronics.X-CUBE-AZRTOS-H7.3.2.0
2024-05-25 23:43:51,401 [WARN] PackLoader:240 - Cannot read IP mode file for Infineon.AIROC-Wi-Fi-Bluetooth-STM32.1.6.0
2024-05-25 23:43:51,404 [INFO] ThirdParty:978 - Integrity check success = true
2024-05-25 23:43:51,404 [INFO] IntegrityCheckThread:100 - exiting critical section [integrity check]
2024-05-25 23:43:51,404 [INFO] IntegrityCheckThread:103 - End integrity checks thread
2024-05-25 23:43:52,189 [INFO] WebApp:161 - Instantiating new browser for Auth
2024-05-25 23:43:52,735 [INFO] WebApp:779 - Register for checkConnection events
2024-05-25 23:43:52,735 [INFO] WebApp:414 - Apply proxy settings
2024-05-25 23:43:52,735 [INFO] WebApp:499 - Chromium requires no authentication
2024-05-25 23:43:52,742 [INFO] WebApp:442 - Direct internet connection detected
2024-05-25 23:43:52,890 [INFO] WebApp:192 - Starting web application
2024-05-25 23:43:52,891 [INFO] WebApp:544 - Web application path used C:\ST\STM32CubeIDE_1.15.0\STM32CubeIDE\plugins\com.st.stm32cube.common.mx_6.11.1.202404110753\db\plugins\mcufinder\reactClient1\index.html
