2024-12-02 15:45:19,421 [INFO] Activator:176 - 


2024-12-02 15:45:19,424 [INFO] Activator:177 - !SESSION log4j initialized
2024-12-02 15:45:22,084 [INFO] LogOutputStream:77 - [STDOUT_REDIRECT] 
2024-12-02 15:45:24,690 [INFO] ApplicationProperties:184 - Using Application install path: C:\ST\STM32CubeIDE_1.15.0\STM32CubeIDE\plugins\com.st.stm32cube.common.mx_6.12.1.202409122256
2024-12-02 15:45:24,708 [INFO] DbMcusXml:78 - Set database path to: C:\ST\STM32CubeIDE_1.15.0\STM32CubeIDE\plugins\com.st.stm32cube.common.mx_6.12.1.202409122256\\db\/mcu/
2024-12-02 15:45:24,708 [INFO] ApiDb:274 - Set plugin database path to: C:\ST\STM32CubeIDE_1.15.0\STM32CubeIDE\plugins\com.st.stm32cube.common.mx_6.12.1.202409122256\\db\/plugins/boardmanager/
2024-12-02 15:45:24,709 [WARN] ApiDb:259 - Overriding images path with different value:  => C:\ST\STM32CubeIDE_1.15.0\STM32CubeIDE\plugins\com.st.stm32cube.common.mx_6.12.1.202409122256\\db\/plugins/mcufinder/images/
2024-12-02 15:45:24,723 [INFO] ApiDb:250 - Set database path to: C:\Users\chris\.stmcufinder\plugins\mcufinder//mcu/
2024-12-02 15:45:24,724 [INFO] DbMcusAds:125 - Set database path to: C:\Users\chris\.stmcufinder\plugins\mcufinder//mcu/
2024-12-02 15:45:24,727 [INFO] CrossReferenceDbSqlite:203 - Set database path to: C:\Users\chris\.stmcufinder\plugins\mcufinder//mcu/cs/
2024-12-02 15:45:24,838 [INFO] RulesReader:64 - Compatibility file has been processed (297 Rules)
2024-12-02 15:45:24,916 [INFO] DbMcusXml:78 - Set database path to: C:\ST\STM32CubeIDE_1.15.0\STM32CubeIDE\plugins\com.st.stm32cube.common.mx_6.12.1.202409122256\\db\/mcu/
2024-12-02 15:45:24,916 [INFO] ApiDb:274 - Set plugin database path to: C:\ST\STM32CubeIDE_1.15.0\STM32CubeIDE\plugins\com.st.stm32cube.common.mx_6.12.1.202409122256\\db\/plugins/boardmanager/
2024-12-02 15:45:24,917 [INFO] ApiDb:261 - Set plugin images path to: C:\ST\STM32CubeIDE_1.15.0\STM32CubeIDE\plugins\com.st.stm32cube.common.mx_6.12.1.202409122256\\db\/plugins/mcufinder/images/
2024-12-02 15:45:24,917 [WARN] DbFile:41 - Overriding database path with different value: C:\Users\chris\.stmcufinder\plugins\mcufinder/ => C:\Users\chris\.stmcufinder\plugins\mcufinder
2024-12-02 15:45:24,917 [INFO] ApiDb:250 - Set database path to: C:\Users\chris\.stmcufinder\plugins\mcufinder//mcu/
2024-12-02 15:45:24,917 [WARN] DbFile:41 - Overriding database path with different value: C:\Users\chris\.stmcufinder\plugins\mcufinder/ => C:\Users\chris\.stmcufinder\plugins\mcufinder
2024-12-02 15:45:24,917 [INFO] DbMcusAds:125 - Set database path to: C:\Users\chris\.stmcufinder\plugins\mcufinder//mcu/
2024-12-02 15:45:24,917 [WARN] DbFile:41 - Overriding database path with different value: C:\Users\chris\.stmcufinder\plugins\mcufinder/ => C:\Users\chris\.stmcufinder\plugins\mcufinder
2024-12-02 15:45:24,917 [WARN] DbFile:41 - Overriding database path with different value: C:\Users\chris\.stmcufinder\plugins\mcufinder/ => C:\Users\chris\.stmcufinder\plugins\mcufinder
2024-12-02 15:45:24,917 [INFO] CrossReferenceDbSqlite:203 - Set database path to: C:\Users\chris\.stmcufinder\plugins\mcufinder//mcu/cs/
2024-12-02 15:45:24,999 [INFO] MainPanel:268 - HeapMemory: 268435456
2024-12-02 15:45:25,097 [INFO] DbMcusXml:78 - Set database path to: C:\ST\STM32CubeIDE_1.15.0\STM32CubeIDE\plugins\com.st.stm32cube.common.mx_6.12.1.202409122256\\db\/mcu/
2024-12-02 15:45:25,097 [INFO] ApiDb:274 - Set plugin database path to: C:\ST\STM32CubeIDE_1.15.0\STM32CubeIDE\plugins\com.st.stm32cube.common.mx_6.12.1.202409122256\\db\/plugins/boardmanager/
2024-12-02 15:45:25,097 [INFO] ApiDb:261 - Set plugin images path to: C:\ST\STM32CubeIDE_1.15.0\STM32CubeIDE\plugins\com.st.stm32cube.common.mx_6.12.1.202409122256\\db\/plugins/mcufinder/images/
2024-12-02 15:45:25,098 [WARN] DbFile:41 - Overriding database path with different value: C:\Users\chris\.stmcufinder\plugins\mcufinder/ => C:\Users\chris\.stmcufinder\plugins\mcufinder
2024-12-02 15:45:25,098 [INFO] ApiDb:250 - Set database path to: C:\Users\chris\.stmcufinder\plugins\mcufinder//mcu/
2024-12-02 15:45:25,098 [WARN] DbFile:41 - Overriding database path with different value: C:\Users\chris\.stmcufinder\plugins\mcufinder/ => C:\Users\chris\.stmcufinder\plugins\mcufinder
2024-12-02 15:45:25,098 [INFO] DbMcusAds:125 - Set database path to: C:\Users\chris\.stmcufinder\plugins\mcufinder//mcu/
2024-12-02 15:45:25,098 [WARN] DbFile:41 - Overriding database path with different value: C:\Users\chris\.stmcufinder\plugins\mcufinder/ => C:\Users\chris\.stmcufinder\plugins\mcufinder
2024-12-02 15:45:25,098 [WARN] DbFile:41 - Overriding database path with different value: C:\Users\chris\.stmcufinder\plugins\mcufinder/ => C:\Users\chris\.stmcufinder\plugins\mcufinder
2024-12-02 15:45:25,098 [INFO] CrossReferenceDbSqlite:203 - Set database path to: C:\Users\chris\.stmcufinder\plugins\mcufinder//mcu/cs/
2024-12-02 15:45:25,113 [INFO] ApplicationProperties:184 - Using Application install path: C:\ST\STM32CubeIDE_1.15.0\STM32CubeIDE\plugins\com.st.stm32cube.common.mx_6.12.1.202409122256
2024-12-02 15:45:25,115 [INFO] PluginManage:196 - Search for loadable plugins [exclusion list=, ]
2024-12-02 15:45:25,116 [INFO] PluginManage:310 - Check plugin analytics
2024-12-02 15:45:25,277 [INFO] AnalyticsPlugin:253 - Accepted Software Licenses: STM32CubeMX.6.11.0,STM32CubeMX.6.11.1,STM32CubeMX.6.9.2,STM32CubeMX.6.2.0
2024-12-02 15:45:25,277 [INFO] AnalyticsPlugin:255 - Accepted CMSIS Pack Licenses: STMicroelectronics.X-CUBE-EEPRMA1.4.1.0
2024-12-02 15:45:25,278 [INFO] AnalyticsPlugin:257 - Accepted Firmware Licenses: FW.F4.1.27.0,FW.F4.1.28.0
2024-12-02 15:45:25,280 [INFO] PluginManage:359 - Loaded plugin analytics (category:tool,tabindex:-1)
2024-12-02 15:45:25,281 [INFO] PluginManage:310 - Check plugin cadmodel
2024-12-02 15:45:25,300 [INFO] CADModel:105 - Init CAD model plugin
2024-12-02 15:45:25,300 [INFO] PluginManage:359 - Loaded plugin cadmodel (category:power,tabindex:5)
2024-12-02 15:45:25,300 [INFO] PluginManage:310 - Check plugin clock
2024-12-02 15:45:25,322 [INFO] PluginManage:359 - Loaded plugin clock (category:base,tabindex:2)
2024-12-02 15:45:25,323 [INFO] PluginManage:310 - Check plugin ddr
2024-12-02 15:45:25,325 [INFO] PluginManage:359 - Loaded plugin ddr (category:tool,tabindex:6)
2024-12-02 15:45:25,325 [INFO] PluginManage:310 - Check plugin filemanager
2024-12-02 15:45:25,500 [INFO] PluginManage:359 - Loaded plugin filemanager (category:base,tabindex:10)
2024-12-02 15:45:25,501 [INFO] PluginManage:310 - Check plugin ipmanager
2024-12-02 15:45:25,509 [INFO] PluginManage:359 - Loaded plugin ipmanager (category:base,tabindex:5)
2024-12-02 15:45:25,509 [INFO] PluginManage:310 - Check plugin lpbam
2024-12-02 15:45:25,528 [INFO] PluginManage:359 - Loaded plugin lpbam (category:base,tabindex:0)
2024-12-02 15:45:25,528 [INFO] PluginManage:310 - Check plugin memorymap
2024-12-02 15:45:25,551 [INFO] PluginManage:359 - Loaded plugin memorymap (category:base,tabindex:4)
2024-12-02 15:45:25,551 [INFO] PluginManage:310 - Check plugin pinoutandconfiguration
2024-12-02 15:45:25,570 [INFO] PluginManage:359 - Loaded plugin pinoutandconfiguration (category:base,tabindex:1)
2024-12-02 15:45:25,571 [INFO] PluginManage:310 - Check plugin pinoutconfig
2024-12-02 15:45:25,667 [WARN] SupportedApi:132 - Cannot load RTOS API schema: s4s-elt-must-match.1: The content of 'definitions' must match (annotation?, (simpleType | complexType)?, (unique | key | keyref)*)). A problem was found starting at: attribute.
2024-12-02 15:45:25,799 [INFO] PluginManage:359 - Loaded plugin pinoutconfig (category:base,tabindex:0)
2024-12-02 15:45:25,799 [INFO] PluginManage:310 - Check plugin power
2024-12-02 15:45:25,823 [INFO] PluginManage:359 - Loaded plugin power (category:power,tabindex:4)
2024-12-02 15:45:25,824 [INFO] PluginManage:310 - Check plugin projectmanager
2024-12-02 15:45:25,839 [INFO] PluginManage:359 - Loaded plugin projectmanager (category:projectmanager,tabindex:4)
2024-12-02 15:45:25,839 [INFO] PluginManage:310 - Check plugin rif
2024-12-02 15:45:25,857 [INFO] PluginManage:359 - Loaded plugin rif (category:base,tabindex:3)
2024-12-02 15:45:25,857 [INFO] PluginManage:310 - Check plugin thirdparty
2024-12-02 15:45:26,135 [INFO] PluginManage:359 - Loaded plugin thirdparty (category:base,tabindex:-1)
2024-12-02 15:45:26,136 [INFO] PluginManage:310 - Check plugin tools
2024-12-02 15:45:26,136 [WARN] IntegrityCheckThread:84 - waiting for thirdparty lock release [integrity check]
2024-12-02 15:45:26,136 [INFO] IntegrityCheckThread:86 - entering critical section [integrity check]
2024-12-02 15:45:26,137 [INFO] ThirdPartyUpdaterWithRetryManager:70 - Updater plugin not ready yet. [1/15]
2024-12-02 15:45:26,176 [INFO] PluginManage:359 - Loaded plugin tools (category:base,tabindex:7)
2024-12-02 15:45:26,176 [INFO] PluginManage:310 - Check plugin tutovideos
2024-12-02 15:45:26,354 [INFO] PluginManage:359 - Loaded plugin tutovideos (category:base,tabindex:-1)
2024-12-02 15:45:26,355 [INFO] PluginManage:310 - Check plugin updater
2024-12-02 15:45:26,371 [INFO] PluginManage:359 - Loaded plugin updater (category:base,tabindex:12)
2024-12-02 15:45:26,371 [INFO] PluginManage:310 - Check plugin userauth
2024-12-02 15:45:26,377 [INFO] UserAuth:113 - Init User Auth plugin
2024-12-02 15:45:26,377 [INFO] PluginManage:359 - Loaded plugin userauth (category:base,tabindex:14)
2024-12-02 15:45:26,377 [INFO] PluginManage:283 - PluginManage : Loaded plugins [18]
2024-12-02 15:45:26,567 [INFO] PinOutPanel:1561 - setPackage(No Configuration,No Configuration)
2024-12-02 15:45:26,651 [INFO] CADModel:165 - CPN selected for project level
2024-12-02 15:45:26,651 [INFO] CADModel:114 - Register for checkConnection events
2024-12-02 15:45:26,678 [INFO] IPUIPlugin:80 - create IPUIPlugin
2024-12-02 15:45:26,678 [INFO] PluginManager:220 - loadIPPluginJar : add adc
2024-12-02 15:45:26,718 [INFO] IPUIPlugin:80 - create IPUIPlugin
2024-12-02 15:45:26,718 [INFO] PluginManager:220 - loadIPPluginJar : add aes
2024-12-02 15:45:26,762 [INFO] IPUIPlugin:80 - create IPUIPlugin
2024-12-02 15:45:26,762 [INFO] PluginManager:220 - loadIPPluginJar : add can
2024-12-02 15:45:26,788 [INFO] IPUIPlugin:80 - create IPUIPlugin
2024-12-02 15:45:26,789 [INFO] PluginManager:220 - loadIPPluginJar : add comp
2024-12-02 15:45:26,826 [INFO] IPUIPlugin:80 - create IPUIPlugin
2024-12-02 15:45:26,827 [INFO] PluginManager:220 - loadIPPluginJar : add cryp
2024-12-02 15:45:26,839 [INFO] IPUIPlugin:80 - create IPUIPlugin
2024-12-02 15:45:26,839 [INFO] PluginManager:220 - loadIPPluginJar : add ddr_ctrl_phy
2024-12-02 15:45:26,873 [INFO] IPUIPlugin:80 - create IPUIPlugin
2024-12-02 15:45:26,873 [INFO] PluginManager:220 - loadIPPluginJar : add dfsdm
2024-12-02 15:45:26,887 [INFO] IPUIPlugin:80 - create IPUIPlugin
2024-12-02 15:45:26,888 [INFO] PluginManager:220 - loadIPPluginJar : add dma
2024-12-02 15:45:26,935 [INFO] IPUIPlugin:80 - create IPUIPlugin
2024-12-02 15:45:26,936 [INFO] PluginManager:220 - loadIPPluginJar : add dma3
2024-12-02 15:45:26,986 [INFO] IPUIPlugin:80 - create IPUIPlugin
2024-12-02 15:45:26,986 [INFO] PluginManager:220 - loadIPPluginJar : add extmemmanager
2024-12-02 15:45:27,009 [INFO] IPUIPlugin:80 - create IPUIPlugin
2024-12-02 15:45:27,009 [INFO] PluginManager:220 - loadIPPluginJar : add fatfs
2024-12-02 15:45:27,060 [INFO] IPUIPlugin:80 - create IPUIPlugin
2024-12-02 15:45:27,060 [INFO] PluginManager:220 - loadIPPluginJar : add fmc
2024-12-02 15:45:27,075 [INFO] IPUIPlugin:80 - create IPUIPlugin
2024-12-02 15:45:27,075 [INFO] PluginManager:220 - loadIPPluginJar : add freertos
2024-12-02 15:45:27,096 [INFO] IPUIPlugin:80 - create IPUIPlugin
2024-12-02 15:45:27,096 [INFO] PluginManager:220 - loadIPPluginJar : add genericplugin
2024-12-02 15:45:27,193 [INFO] IPUIPlugin:80 - create IPUIPlugin
2024-12-02 15:45:27,193 [INFO] PluginManager:220 - loadIPPluginJar : add gfxmmu
2024-12-02 15:45:27,327 [INFO] IPUIPlugin:80 - create IPUIPlugin
2024-12-02 15:45:27,327 [INFO] PluginManager:220 - loadIPPluginJar : add gic
2024-12-02 15:45:27,340 [INFO] IPUIPlugin:80 - create IPUIPlugin
2024-12-02 15:45:27,340 [INFO] PluginManager:220 - loadIPPluginJar : add gpio
2024-12-02 15:45:27,438 [INFO] IPUIPlugin:80 - create IPUIPlugin
2024-12-02 15:45:27,438 [INFO] PluginManager:220 - loadIPPluginJar : add gtzc
2024-12-02 15:45:27,472 [INFO] IPUIPlugin:80 - create IPUIPlugin
2024-12-02 15:45:27,472 [INFO] PluginManager:220 - loadIPPluginJar : add hash
2024-12-02 15:45:27,527 [INFO] IPUIPlugin:80 - create IPUIPlugin
2024-12-02 15:45:27,527 [INFO] PluginManager:220 - loadIPPluginJar : add i2c
2024-12-02 15:45:27,568 [INFO] IPUIPlugin:80 - create IPUIPlugin
2024-12-02 15:45:27,568 [INFO] PluginManager:220 - loadIPPluginJar : add i2s
2024-12-02 15:45:27,612 [INFO] IPUIPlugin:80 - create IPUIPlugin
2024-12-02 15:45:27,612 [INFO] PluginManager:220 - loadIPPluginJar : add i3c
2024-12-02 15:45:27,726 [INFO] IPUIPlugin:80 - create IPUIPlugin
2024-12-02 15:45:27,726 [INFO] PluginManager:220 - loadIPPluginJar : add ipddr
2024-12-02 15:45:27,830 [INFO] IPUIPlugin:80 - create IPUIPlugin
2024-12-02 15:45:27,830 [INFO] PluginManager:220 - loadIPPluginJar : add linkedlist
2024-12-02 15:45:27,869 [INFO] IPUIPlugin:80 - create IPUIPlugin
2024-12-02 15:45:27,869 [INFO] PluginManager:220 - loadIPPluginJar : add lorawan
2024-12-02 15:45:27,911 [INFO] IPUIPlugin:80 - create IPUIPlugin
2024-12-02 15:45:27,911 [INFO] PluginManager:220 - loadIPPluginJar : add ltdc
2024-12-02 15:45:27,926 [INFO] IPUIPlugin:80 - create IPUIPlugin
2024-12-02 15:45:27,926 [INFO] PluginManager:220 - loadIPPluginJar : add mdma
2024-12-02 15:45:27,939 [INFO] IPUIPlugin:80 - create IPUIPlugin
2024-12-02 15:45:27,939 [INFO] PluginManager:220 - loadIPPluginJar : add nvic
2024-12-02 15:45:27,982 [INFO] IPUIPlugin:80 - create IPUIPlugin
2024-12-02 15:45:27,982 [INFO] PluginManager:220 - loadIPPluginJar : add opamp
2024-12-02 15:45:28,048 [INFO] IPUIPlugin:80 - create IPUIPlugin
2024-12-02 15:45:28,048 [INFO] PluginManager:220 - loadIPPluginJar : add openamp
2024-12-02 15:45:28,094 [INFO] IPUIPlugin:80 - create IPUIPlugin
2024-12-02 15:45:28,094 [INFO] PluginManager:220 - loadIPPluginJar : add pdm2pcm
2024-12-02 15:45:28,109 [INFO] IPUIPlugin:80 - create IPUIPlugin
2024-12-02 15:45:28,111 [INFO] PluginManager:220 - loadIPPluginJar : add plateformsettings
2024-12-02 15:45:28,134 [INFO] IPUIPlugin:80 - create IPUIPlugin
2024-12-02 15:45:28,134 [INFO] PluginManager:220 - loadIPPluginJar : add quadspi
2024-12-02 15:45:28,161 [INFO] IPUIPlugin:80 - create IPUIPlugin
2024-12-02 15:45:28,162 [INFO] PluginManager:220 - loadIPPluginJar : add radio
2024-12-02 15:45:28,175 [INFO] IPUIPlugin:80 - create IPUIPlugin
2024-12-02 15:45:28,175 [INFO] PluginManager:220 - loadIPPluginJar : add resmgrutility
2024-12-02 15:45:28,225 [INFO] IPUIPlugin:80 - create IPUIPlugin
2024-12-02 15:45:28,226 [INFO] PluginManager:220 - loadIPPluginJar : add sai
2024-12-02 15:45:28,266 [INFO] IPUIPlugin:80 - create IPUIPlugin
2024-12-02 15:45:28,266 [INFO] PluginManager:220 - loadIPPluginJar : add spi
2024-12-02 15:45:28,342 [INFO] IPUIPlugin:80 - create IPUIPlugin
2024-12-02 15:45:28,342 [INFO] PluginManager:220 - loadIPPluginJar : add stm32_wpan
2024-12-02 15:45:28,368 [INFO] IPUIPlugin:80 - create IPUIPlugin
2024-12-02 15:45:28,368 [INFO] PluginManager:220 - loadIPPluginJar : add tim
2024-12-02 15:45:28,437 [INFO] IPUIPlugin:80 - create IPUIPlugin
2024-12-02 15:45:28,437 [INFO] PluginManager:220 - loadIPPluginJar : add touchsensing
2024-12-02 15:45:28,464 [INFO] IPUIPlugin:80 - create IPUIPlugin
2024-12-02 15:45:28,464 [INFO] PluginManager:220 - loadIPPluginJar : add tracer_emb
2024-12-02 15:45:28,489 [INFO] IPUIPlugin:80 - create IPUIPlugin
2024-12-02 15:45:28,490 [INFO] PluginManager:220 - loadIPPluginJar : add ts
2024-12-02 15:45:28,514 [INFO] IPUIPlugin:80 - create IPUIPlugin
2024-12-02 15:45:28,515 [INFO] PluginManager:220 - loadIPPluginJar : add tsc
2024-12-02 15:45:28,538 [INFO] IPUIPlugin:80 - create IPUIPlugin
2024-12-02 15:45:28,538 [INFO] PluginManager:220 - loadIPPluginJar : add ucpd
2024-12-02 15:45:28,586 [INFO] IPUIPlugin:80 - create IPUIPlugin
2024-12-02 15:45:28,586 [INFO] PluginManager:220 - loadIPPluginJar : add usart
2024-12-02 15:45:28,633 [INFO] IPUIPlugin:80 - create IPUIPlugin
2024-12-02 15:45:28,633 [INFO] PluginManager:220 - loadIPPluginJar : add usbx
2024-12-02 15:45:28,758 [INFO] CADModel:165 - CPN selected for project level
2024-12-02 15:45:28,758 [INFO] CADModel:114 - Register for checkConnection events
2024-12-02 15:45:28,758 [FATAL] Updater:334 - Updater called before beeing initialized
2024-12-02 15:45:28,758 [ERROR] CADModel:125 - Updater not yet initialized, retry later 
2024-12-02 15:45:28,875 [INFO] CADModel:165 - CPN selected for project level
2024-12-02 15:45:28,875 [INFO] CADModel:114 - Register for checkConnection events
2024-12-02 15:45:28,875 [FATAL] Updater:334 - Updater called before beeing initialized
2024-12-02 15:45:28,875 [ERROR] CADModel:125 - Updater not yet initialized, retry later 
2024-12-02 15:45:28,878 [FATAL] Updater:334 - Updater called before beeing initialized
2024-12-02 15:45:28,977 [FATAL] Updater:334 - Updater called before beeing initialized
2024-12-02 15:45:28,987 [INFO] DbMcusAds:53 - JSON generation date=Thu Sep 30 08:55:09 CEST 2021 (1632984909247)
2024-12-02 15:45:28,987 [FATAL] Updater:334 - Updater called before beeing initialized
2024-12-02 15:45:29,024 [WARN] DetailPanel:346 - Failed to get advertising image, set to default
2024-12-02 15:45:29,106 [FATAL] Updater:334 - Updater called before beeing initialized
2024-12-02 15:45:29,107 [FATAL] Updater:334 - Updater called before beeing initialized
2024-12-02 15:45:29,107 [FATAL] Updater:334 - Updater called before beeing initialized
2024-12-02 15:45:29,108 [WARN] DetailPanel:346 - Failed to get advertising image, set to default
2024-12-02 15:45:29,108 [FATAL] Updater:334 - Updater called before beeing initialized
2024-12-02 15:45:29,138 [INFO] ThirdPartyUpdaterWithRetryManager:70 - Updater plugin not ready yet. [2/15]
2024-12-02 15:45:29,166 [ERROR] Updater:1164 - MainUpdater not yet initialized. External WinMGr cannot be set.
2024-12-02 15:45:29,178 [INFO] Updater:1100 - Updater Version found : 6.12.1
2024-12-02 15:45:29,196 [INFO] ApplicationProperties:184 - Using Application install path: C:\ST\STM32CubeIDE_1.15.0\STM32CubeIDE\plugins\com.st.stm32cube.common.mx_6.12.1.202409122256
2024-12-02 15:45:29,621 [INFO] MainUpdater:2873 - connection check result : 10
2024-12-02 15:45:29,621 [INFO] MainUpdater:290 - Updater Check For Update Now.
2024-12-02 15:45:29,622 [INFO] MicroXplorer:498 - Change Database Version : DB.6.0.121
2024-12-02 15:45:29,640 [INFO] McuFinderGlobals:63 - Set McuFinder mode to 2 (CubeIDE integrated)
2024-12-02 15:45:29,648 [INFO] UserAuth:417 - Internet connection configuration mode: 1
2024-12-02 15:45:29,678 [INFO] JxBrowserEngine:152 - Initiate JxBrowser Engine with user profile folder
2024-12-02 15:45:29,876 [INFO] CheckServerUpdateThread:120 - End of CheckServer Thread
2024-12-02 15:45:32,369 [WARN] PackLoader:240 - Cannot read IP mode file for STMicroelectronics.FP-SNS-MOTENVWB1.1.4.0
2024-12-02 15:45:32,385 [WARN] PackLoader:240 - Cannot read IP mode file for STMicroelectronics.FP-ATR-ASTRA1.2.0.1
2024-12-02 15:45:32,401 [WARN] PackLoader:240 - Cannot read IP mode file for STMicroelectronics.X-CUBE-SMBUS.2.1.0
2024-12-02 15:45:32,419 [WARN] PackLoader:240 - Cannot read IP mode file for STMicroelectronics.X-CUBE-WB05N.1.1.0
2024-12-02 15:45:32,435 [WARN] PackLoader:240 - Cannot read IP mode file for STMicroelectronics.X-CUBE-TOUCHGFX.4.23.2
2024-12-02 15:45:32,478 [WARN] PackLoader:240 - Cannot read IP mode file for STMicroelectronics.X-CUBE-AZRTOS-F7.1.1.0
2024-12-02 15:45:32,565 [WARN] PackLoader:240 - Cannot read IP mode file for STMicroelectronics.X-CUBE-MEMS1.11.0.0
2024-12-02 15:45:32,711 [WARN] PackLoader:240 - Cannot read IP mode file for STMicroelectronics.FP-SNS-FLIGHT1.5.0.2
2024-12-02 15:45:32,729 [WARN] PackLoader:240 - Cannot read IP mode file for STMicroelectronics.X-CUBE-DISPLAY.3.0.0
2024-12-02 15:45:32,750 [WARN] PackLoader:240 - Cannot read IP mode file for STMicroelectronics.X-CUBE-BLE1.7.0.0
2024-12-02 15:45:32,769 [WARN] PackLoader:240 - Cannot read IP mode file for STMicroelectronics.X-CUBE-NFC10.1.0.0
2024-12-02 15:45:32,790 [WARN] PackLoader:240 - Cannot read IP mode file for emotas.I-CUBE-CANOPEN.1.3.0
2024-12-02 15:45:32,814 [WARN] PackLoader:240 - Cannot read IP mode file for STMicroelectronics.X-CUBE-BLEMGR.3.1.0
2024-12-02 15:45:32,833 [WARN] PackLoader:240 - Cannot read IP mode file for STMicroelectronics.FP-SNS-SMARTAG2.1.2.0
2024-12-02 15:45:32,871 [INFO] LogOutputStream:77 - [STDOUT_REDIRECT] 1 : Invalid condition id : UX_CORESTACK_Condition cause : null
2024-12-02 15:45:32,872 [INFO] LogOutputStream:77 - [STDOUT_REDIRECT] 1 : Invalid condition id : UX_CORESTACK_Condition cause : null
2024-12-02 15:45:32,875 [INFO] LogOutputStream:77 - [STDOUT_REDIRECT] 1 : Invalid condition id : UX_CORESTACK_Condition cause : null
2024-12-02 15:45:32,876 [INFO] LogOutputStream:77 - [STDOUT_REDIRECT] 1 : Invalid condition id : UX_CORESTACK_Condition cause : null
2024-12-02 15:45:32,877 [INFO] LogOutputStream:77 - [STDOUT_REDIRECT] 1 : Invalid condition id : UX_CORESTACK_Condition cause : null
2024-12-02 15:45:32,880 [WARN] PackLoader:240 - Cannot read IP mode file for STMicroelectronics.X-CUBE-AZRTOS-WL.2.0.0
2024-12-02 15:45:32,905 [WARN] PackLoader:240 - Cannot read IP mode file for STMicroelectronics.FP-SNS-MOTENV1.5.0.0
2024-12-02 15:45:32,922 [WARN] PackLoader:240 - Cannot read IP mode file for wolfSSL.I-CUBE-wolfMQTT.1.19.0
2024-12-02 15:45:32,942 [WARN] PackLoader:240 - Cannot read IP mode file for WES.I-CUBE-Cesium.1.3.0
2024-12-02 15:45:32,958 [WARN] PackLoader:240 - Cannot read IP mode file for STMicroelectronics.X-CUBE-BLE2.3.3.0
2024-12-02 15:45:32,976 [WARN] PackLoader:240 - Cannot read IP mode file for STMicroelectronics.X-CUBE-NFC9.1.0.0
2024-12-02 15:45:32,993 [WARN] PackLoader:240 - Cannot read IP mode file for STMicroelectronics.X-CUBE-TCPP.4.1.0
2024-12-02 15:45:33,009 [WARN] PackLoader:240 - Cannot read IP mode file for STMicroelectronics.X-CUBE-ALGOBUILD.1.3.0
2024-12-02 15:45:33,038 [WARN] PackLoader:240 - Cannot read IP mode file for STMicroelectronics.X-CUBE-AZRTOS-G0.1.1.0
2024-12-02 15:45:33,056 [WARN] PackLoader:240 - Cannot read IP mode file for STMicroelectronics.X-CUBE-SAFEA1.1.2.2
2024-12-02 15:45:33,073 [WARN] PackLoader:240 - Cannot read IP mode file for STMicroelectronics.X-CUBE-NFC4.3.0.0
2024-12-02 15:45:33,086 [WARN] PackLoader:240 - Cannot read IP mode file for wolfSSL.I-CUBE-wolfMQTT.1.18.0
2024-12-02 15:45:33,107 [WARN] PackLoader:240 - Cannot read IP mode file for EmbeddedOffice.I-CUBE-FS-RTOS.1.0.1
2024-12-02 15:45:33,107 [ERROR] ConditionMgr:805 - Attr not supported : Dmpu
2024-12-02 15:45:33,108 [ERROR] ConditionMgr:805 - Attr not supported : Dmpu
2024-12-02 15:45:33,108 [ERROR] ConditionMgr:805 - Attr not supported : Dmpu
2024-12-02 15:45:33,108 [ERROR] ConditionMgr:805 - Attr not supported : Dmpu
2024-12-02 15:45:33,108 [ERROR] ConditionMgr:805 - Attr not supported : Dmpu
2024-12-02 15:45:33,108 [ERROR] ConditionMgr:805 - Attr not supported : Dmpu
2024-12-02 15:45:33,108 [ERROR] ConditionMgr:805 - Attr not supported : Dmpu
2024-12-02 15:45:33,108 [ERROR] ConditionMgr:805 - Attr not supported : Dmpu
2024-12-02 15:45:33,108 [ERROR] ConditionMgr:805 - Attr not supported : Dmpu
2024-12-02 15:45:33,108 [ERROR] ConditionMgr:805 - Attr not supported : Dmpu
2024-12-02 15:45:33,108 [ERROR] ConditionMgr:805 - Attr not supported : Dmpu
2024-12-02 15:45:33,108 [ERROR] ConditionMgr:805 - Attr not supported : Dmpu
2024-12-02 15:45:33,108 [ERROR] ConditionMgr:805 - Attr not supported : Dmpu
2024-12-02 15:45:33,108 [ERROR] ConditionMgr:805 - Attr not supported : Dmpu
2024-12-02 15:45:33,108 [ERROR] ConditionMgr:805 - Attr not supported : Dmpu
2024-12-02 15:45:33,109 [ERROR] ConditionMgr:805 - Attr not supported : Dmpu
2024-12-02 15:45:33,109 [ERROR] ConditionMgr:805 - Attr not supported : Dmpu
2024-12-02 15:45:33,109 [ERROR] ConditionMgr:805 - Attr not supported : Dmpu
2024-12-02 15:45:33,109 [ERROR] ConditionMgr:805 - Attr not supported : Dmpu
2024-12-02 15:45:33,109 [ERROR] ConditionMgr:805 - Attr not supported : Dmpu
2024-12-02 15:45:33,109 [ERROR] ConditionMgr:805 - Attr not supported : Dmpu
2024-12-02 15:45:33,109 [ERROR] ConditionMgr:805 - Attr not supported : Dmpu
2024-12-02 15:45:33,109 [ERROR] ConditionMgr:805 - Attr not supported : Dmpu
2024-12-02 15:45:33,109 [ERROR] ConditionMgr:805 - Attr not supported : Dmpu
2024-12-02 15:45:33,109 [ERROR] ConditionMgr:805 - Attr not supported : Dmpu
2024-12-02 15:45:33,109 [ERROR] ConditionMgr:805 - Attr not supported : Dmpu
2024-12-02 15:45:33,109 [ERROR] ConditionMgr:805 - Attr not supported : Dmpu
2024-12-02 15:45:33,109 [ERROR] ConditionMgr:805 - Attr not supported : Dmpu
2024-12-02 15:45:33,109 [ERROR] ConditionMgr:805 - Attr not supported : Dmpu
2024-12-02 15:45:33,109 [ERROR] ConditionMgr:805 - Attr not supported : Dmpu
2024-12-02 15:45:33,109 [ERROR] ConditionMgr:805 - Attr not supported : Dmpu
2024-12-02 15:45:33,110 [ERROR] ConditionMgr:805 - Attr not supported : Dmpu
2024-12-02 15:45:33,110 [ERROR] ConditionMgr:805 - Attr not supported : Dmpu
2024-12-02 15:45:33,110 [ERROR] ConditionMgr:805 - Attr not supported : Dmpu
2024-12-02 15:45:33,110 [ERROR] ConditionMgr:805 - Attr not supported : Dmpu
2024-12-02 15:45:33,110 [ERROR] ConditionMgr:805 - Attr not supported : Dmpu
2024-12-02 15:45:33,110 [ERROR] ConditionMgr:805 - Attr not supported : Dmpu
2024-12-02 15:45:33,110 [ERROR] ConditionMgr:805 - Attr not supported : Dmpu
2024-12-02 15:45:33,110 [ERROR] ConditionMgr:805 - Attr not supported : Dmpu
2024-12-02 15:45:33,110 [ERROR] ConditionMgr:805 - Attr not supported : Dmpu
2024-12-02 15:45:33,110 [ERROR] ConditionMgr:805 - Attr not supported : Dmpu
2024-12-02 15:45:33,110 [ERROR] ConditionMgr:805 - Attr not supported : Dmpu
2024-12-02 15:45:33,110 [ERROR] ConditionMgr:805 - Attr not supported : Dmpu
2024-12-02 15:45:33,110 [ERROR] ConditionMgr:805 - Attr not supported : Dmpu
2024-12-02 15:45:33,110 [ERROR] ConditionMgr:805 - Attr not supported : Dmpu
2024-12-02 15:45:33,111 [ERROR] ConditionMgr:805 - Attr not supported : Dmpu
2024-12-02 15:45:33,111 [ERROR] ConditionMgr:805 - Attr not supported : Dmpu
2024-12-02 15:45:33,111 [ERROR] ConditionMgr:805 - Attr not supported : Dmpu
2024-12-02 15:45:33,111 [ERROR] ConditionMgr:805 - Attr not supported : Dmpu
2024-12-02 15:45:33,111 [ERROR] ConditionMgr:805 - Attr not supported : Dmpu
2024-12-02 15:45:33,111 [ERROR] ConditionMgr:805 - Attr not supported : Dmpu
2024-12-02 15:45:33,111 [ERROR] ConditionMgr:805 - Attr not supported : Dmpu
2024-12-02 15:45:33,111 [ERROR] ConditionMgr:805 - Attr not supported : Dmpu
2024-12-02 15:45:33,111 [ERROR] ConditionMgr:805 - Attr not supported : Dmpu
2024-12-02 15:45:33,111 [ERROR] ConditionMgr:805 - Attr not supported : Dmpu
2024-12-02 15:45:33,111 [ERROR] ConditionMgr:805 - Attr not supported : Dmpu
2024-12-02 15:45:33,111 [ERROR] ConditionMgr:805 - Attr not supported : Dmpu
2024-12-02 15:45:33,111 [ERROR] ConditionMgr:805 - Attr not supported : Dmpu
2024-12-02 15:45:33,111 [ERROR] ConditionMgr:805 - Attr not supported : Dmpu
2024-12-02 15:45:33,111 [ERROR] ConditionMgr:805 - Attr not supported : Dmpu
2024-12-02 15:45:33,112 [ERROR] ConditionMgr:805 - Attr not supported : Dmpu
2024-12-02 15:45:33,112 [ERROR] ConditionMgr:805 - Attr not supported : Dmpu
2024-12-02 15:45:33,112 [ERROR] ConditionMgr:805 - Attr not supported : Dmpu
2024-12-02 15:45:33,112 [ERROR] ConditionMgr:805 - Attr not supported : Dmpu
2024-12-02 15:45:33,128 [WARN] PackLoader:240 - Cannot read IP mode file for RealThread.X-CUBE-RT-Thread_Nano.4.1.1
2024-12-02 15:45:33,140 [WARN] PackLoader:240 - Cannot read IP mode file for wolfSSL.I-CUBE-wolfSSL.5.7.0
2024-12-02 15:45:33,155 [WARN] PackLoader:240 - Cannot read IP mode file for STMicroelectronics.FP-ATR-SIGFOX1.3.2.0
2024-12-02 15:45:33,170 [WARN] ConditionMgr:438 - getConditionDescription Invalid condition id : Cortex-A Device cause : null
2024-12-02 15:45:33,195 [WARN] ConditionMgr:1039 - genDependencies : Invalid condition id : Cortex-A Device cause : null
2024-12-02 15:45:33,195 [WARN] ConditionMgr:1039 - genDependencies : Invalid condition id : Cortex-A Device cause : null
2024-12-02 15:45:33,196 [WARN] ConditionMgr:1039 - genDependencies : Invalid condition id : Cortex-A Device cause : null
2024-12-02 15:45:33,213 [WARN] PackLoader:240 - Cannot read IP mode file for STMicroelectronics.X-CUBE-EEPRMA1.5.1.0
2024-12-02 15:45:33,231 [WARN] PackLoader:240 - Cannot read IP mode file for ITTIA_DB.I-CUBE-ITTIADB.8.9.0
2024-12-02 15:45:33,269 [WARN] PackLoader:240 - Cannot read IP mode file for SEGGER.I-CUBE-embOS.1.3.1
2024-12-02 15:45:33,314 [WARN] PackLoader:240 - Cannot read IP mode file for STMicroelectronics.X-CUBE-ALGOBUILD.1.4.0
2024-12-02 15:45:33,331 [WARN] PackLoader:240 - Cannot read IP mode file for STMicroelectronics.X-CUBE-AI.9.1.0
2024-12-02 15:45:33,348 [WARN] PackLoader:240 - Cannot read IP mode file for STMicroelectronics.X-CUBE-GNSS1.6.0.0
2024-12-02 15:45:33,378 [WARN] PackLoader:240 - Cannot read IP mode file for STMicroelectronics.X-CUBE-AZRTOS-F4.1.1.0
2024-12-02 15:45:33,396 [WARN] PackLoader:240 - Cannot read IP mode file for STMicroelectronics.X-CUBE-ISPU.2.1.0
2024-12-02 15:45:33,412 [WARN] PackLoader:240 - Cannot read IP mode file for STMicroelectronics.X-CUBE-FREERTOS.1.2.0
2024-12-02 15:45:33,440 [WARN] PackLoader:240 - Cannot read IP mode file for STMicroelectronics.X-CUBE-AZRTOS-L5.2.0.0
2024-12-02 15:45:33,463 [WARN] PackLoader:240 - Cannot read IP mode file for STMicroelectronics.X-CUBE-NFC6.3.1.0
2024-12-02 15:45:33,480 [WARN] PackLoader:240 - Cannot read IP mode file for STMicroelectronics.X-CUBE-DPower.1.2.0
2024-12-02 15:45:33,495 [WARN] PackLoader:240 - Cannot read IP mode file for STMicroelectronics.X-CUBE-AI.9.0.0
2024-12-02 15:45:33,511 [WARN] PackLoader:240 - Cannot read IP mode file for STMicroelectronics.X-CUBE-NFC7.1.0.1
2024-12-02 15:45:33,527 [WARN] PackLoader:240 - Cannot read IP mode file for wolfSSL.I-CUBE-wolfTPM.3.2.0
2024-12-02 15:45:33,545 [WARN] PackLoader:240 - Cannot read IP mode file for STMicroelectronics.X-CUBE-EEPRMA1.4.1.0
2024-12-02 15:45:33,665 [WARN] ConditionMgr:438 - getConditionDescription Invalid condition id : LAN8742 Phy interface Condition cause : null
2024-12-02 15:45:33,665 [WARN] PackLoader:240 - Cannot read IP mode file for STMicroelectronics.X-CUBE-AZRTOS-L4.2.0.0
2024-12-02 15:45:33,666 [WARN] ConditionMgr:1039 - genDependencies : Invalid condition id : LAN8742 Phy interface Condition cause : null
2024-12-02 15:45:33,667 [WARN] ConditionMgr:1039 - genDependencies : Invalid condition id : LAN8742 Phy interface Condition cause : null
2024-12-02 15:45:33,667 [WARN] ConditionMgr:1039 - genDependencies : Invalid condition id : LAN8742 Phy interface Condition cause : null
2024-12-02 15:45:33,685 [WARN] PackLoader:240 - Cannot read IP mode file for STMicroelectronics.X-CUBE-SFXS2LP1.4.0.0
2024-12-02 15:45:33,715 [WARN] PackLoader:240 - Cannot read IP mode file for STMicroelectronics.X-CUBE-AZRTOS-H7.3.3.0
2024-12-02 15:45:33,735 [WARN] PackLoader:240 - Cannot read IP mode file for STMicroelectronics.X-CUBE-IPS.3.0.0
2024-12-02 15:45:33,759 [WARN] ConditionMgr:438 - getConditionDescription Invalid condition id : UX DEVICE CLASS RTOS Condition cause : null
2024-12-02 15:45:33,760 [WARN] ConditionMgr:438 - getConditionDescription Invalid condition id : UX DEVICE CLASS RTOS Condition cause : null
2024-12-02 15:45:33,761 [WARN] PackLoader:240 - Cannot read IP mode file for STMicroelectronics.X-CUBE-AZRTOS-WB.2.0.0
2024-12-02 15:45:33,762 [WARN] ConditionMgr:1039 - genDependencies : Invalid condition id : UX DEVICE CLASS RTOS Condition cause : null
2024-12-02 15:45:33,762 [WARN] ConditionMgr:1039 - genDependencies : Invalid condition id : UX DEVICE CLASS RTOS Condition cause : null
2024-12-02 15:45:33,762 [WARN] ConditionMgr:1039 - genDependencies : Invalid condition id : UX DEVICE CLASS RTOS Condition cause : null
2024-12-02 15:45:33,762 [WARN] ConditionMgr:1039 - genDependencies : Invalid condition id : UX DEVICE CLASS RTOS Condition cause : null
2024-12-02 15:45:33,762 [WARN] ConditionMgr:1039 - genDependencies : Invalid condition id : UX DEVICE CLASS RTOS Condition cause : null
2024-12-02 15:45:33,778 [WARN] PackLoader:240 - Cannot read IP mode file for STMicroelectronics.X-CUBE-GNSS1.7.0.0
2024-12-02 15:45:33,797 [WARN] PackLoader:240 - Cannot read IP mode file for STMicroelectronics.FP-SNS-STBOX1.2.0.0
2024-12-02 15:45:33,817 [WARN] PackLoader:240 - Cannot read IP mode file for STMicroelectronics.X-CUBE-SUBG2.5.0.0
2024-12-02 15:45:33,846 [WARN] PackLoader:240 - Cannot read IP mode file for STMicroelectronics.X-CUBE-AZRTOS-G4.2.0.0
2024-12-02 15:45:33,862 [WARN] PackLoader:240 - Cannot read IP mode file for STMicroelectronics.X-CUBE-ISPU.2.0.0
2024-12-02 15:45:33,878 [WARN] PackLoader:240 - Cannot read IP mode file for STMicroelectronics.X-CUBE-ALS.1.0.2
2024-12-02 15:45:33,931 [WARN] PackLoader:240 - Cannot read IP mode file for STMicroelectronics.X-CUBE-MEMS1.10.0.0
2024-12-02 15:45:34,032 [WARN] PackLoader:240 - Cannot read IP mode file for STMicroelectronics.X-CUBE-FREERTOS.1.1.0
2024-12-02 15:45:34,045 [WARN] PackLoader:240 - Cannot read IP mode file for STMicroelectronics.X-CUBE-TOUCHGFX.4.24.0
2024-12-02 15:45:34,062 [WARN] PackLoader:240 - Cannot read IP mode file for STMicroelectronics.X-CUBE-TOUCHGFX.4.24.1
2024-12-02 15:45:34,077 [WARN] PackLoader:240 - Cannot read IP mode file for portGmbH.I-Cube-SoM-uGOAL.1.1.0
2024-12-02 15:45:34,091 [WARN] PackLoader:240 - Cannot read IP mode file for STMicroelectronics.X-CUBE-ALS.1.0.1
2024-12-02 15:45:34,119 [WARN] PackLoader:240 - Cannot read IP mode file for STMicroelectronics.X-CUBE-AZRTOS-H7RS.1.0.0
2024-12-02 15:45:34,134 [WARN] PackLoader:240 - Cannot read IP mode file for STMicroelectronics.FP-ATR-ASTRA1.2.0.0
2024-12-02 15:45:34,152 [WARN] PackLoader:240 - Cannot read IP mode file for STMicroelectronics.X-CUBE-TOF1.3.4.2
2024-12-02 15:45:34,177 [WARN] PackLoader:240 - Cannot read IP mode file for STMicroelectronics.X-CUBE-TOF1.3.4.1
2024-12-02 15:45:34,213 [WARN] PackLoader:240 - Cannot read IP mode file for STMicroelectronics.X-CUBE-AZRTOS-H7.3.2.0
2024-12-02 15:45:34,242 [WARN] PackLoader:240 - Cannot read IP mode file for Infineon.AIROC-Wi-Fi-Bluetooth-STM32.1.6.0
2024-12-02 15:45:34,256 [WARN] PackLoader:240 - Cannot read IP mode file for wolfSSL.I-CUBE-wolfSSH.1.4.17
2024-12-02 15:45:34,257 [INFO] ThirdParty:978 - Integrity check success = true
2024-12-02 15:45:34,257 [INFO] IntegrityCheckThread:100 - exiting critical section [integrity check]
2024-12-02 15:45:34,257 [INFO] IntegrityCheckThread:103 - End integrity checks thread
2024-12-02 15:45:35,912 [INFO] WebApp:167 - Instantiating new browser for Auth
2024-12-02 15:45:36,704 [INFO] WebApp:448 - Apply proxy settings
2024-12-02 15:45:36,705 [INFO] WebApp:533 - Chromium requires no authentication
2024-12-02 15:45:36,723 [INFO] WebApp:476 - Direct internet connection detected
2024-12-02 15:45:36,762 [INFO] WebApp:869 - Register for checkConnection events
2024-12-02 15:45:36,762 [INFO] WebApp:448 - Apply proxy settings
2024-12-02 15:45:36,762 [INFO] WebApp:533 - Chromium requires no authentication
2024-12-02 15:45:36,762 [INFO] WebApp:476 - Direct internet connection detected
2024-12-02 15:45:36,950 [INFO] WebApp:220 - Starting web application
2024-12-02 15:45:36,950 [INFO] WebApp:578 - Web application path used C:\ST\STM32CubeIDE_1.15.0\STM32CubeIDE\plugins\com.st.stm32cube.common.mx_6.12.1.202409122256\db\plugins\mcufinder\reactClient1\index.html
2024-12-02 15:45:36,982 [INFO] WebApp:186 - Connection restablished
2024-12-02 15:45:37,159 [INFO] UserAuth:417 - Internet connection configuration mode: 1
2024-12-02 15:47:19,532 [ERROR] LogOutputStream:75 - [STDERR_REDIRECT] 
2024-12-02 15:47:27,331 [INFO] Activator:176 - 


2024-12-02 15:47:27,333 [INFO] Activator:177 - !SESSION log4j initialized
2024-12-02 15:47:30,094 [INFO] LogOutputStream:77 - [STDOUT_REDIRECT] 
2024-12-02 15:47:32,196 [INFO] ApplicationProperties:184 - Using Application install path: C:\ST\STM32CubeIDE_1.15.0\STM32CubeIDE\plugins\com.st.stm32cube.common.mx_6.12.1.202409122256
2024-12-02 15:47:32,214 [INFO] DbMcusXml:78 - Set database path to: C:\ST\STM32CubeIDE_1.15.0\STM32CubeIDE\plugins\com.st.stm32cube.common.mx_6.12.1.202409122256\\db\/mcu/
2024-12-02 15:47:32,214 [INFO] ApiDb:274 - Set plugin database path to: C:\ST\STM32CubeIDE_1.15.0\STM32CubeIDE\plugins\com.st.stm32cube.common.mx_6.12.1.202409122256\\db\/plugins/boardmanager/
2024-12-02 15:47:32,215 [WARN] ApiDb:259 - Overriding images path with different value:  => C:\ST\STM32CubeIDE_1.15.0\STM32CubeIDE\plugins\com.st.stm32cube.common.mx_6.12.1.202409122256\\db\/plugins/mcufinder/images/
2024-12-02 15:47:32,220 [INFO] ApiDb:250 - Set database path to: C:\Users\chris\.stmcufinder\plugins\mcufinder//mcu/
2024-12-02 15:47:32,222 [INFO] DbMcusAds:125 - Set database path to: C:\Users\chris\.stmcufinder\plugins\mcufinder//mcu/
2024-12-02 15:47:32,224 [INFO] CrossReferenceDbSqlite:203 - Set database path to: C:\Users\chris\.stmcufinder\plugins\mcufinder//mcu/cs/
2024-12-02 15:47:32,323 [INFO] RulesReader:64 - Compatibility file has been processed (297 Rules)
2024-12-02 15:47:32,390 [INFO] DbMcusXml:78 - Set database path to: C:\ST\STM32CubeIDE_1.15.0\STM32CubeIDE\plugins\com.st.stm32cube.common.mx_6.12.1.202409122256\\db\/mcu/
2024-12-02 15:47:32,390 [INFO] ApiDb:274 - Set plugin database path to: C:\ST\STM32CubeIDE_1.15.0\STM32CubeIDE\plugins\com.st.stm32cube.common.mx_6.12.1.202409122256\\db\/plugins/boardmanager/
2024-12-02 15:47:32,391 [INFO] ApiDb:261 - Set plugin images path to: C:\ST\STM32CubeIDE_1.15.0\STM32CubeIDE\plugins\com.st.stm32cube.common.mx_6.12.1.202409122256\\db\/plugins/mcufinder/images/
2024-12-02 15:47:32,391 [WARN] DbFile:41 - Overriding database path with different value: C:\Users\chris\.stmcufinder\plugins\mcufinder/ => C:\Users\chris\.stmcufinder\plugins\mcufinder
2024-12-02 15:47:32,391 [INFO] ApiDb:250 - Set database path to: C:\Users\chris\.stmcufinder\plugins\mcufinder//mcu/
2024-12-02 15:47:32,391 [WARN] DbFile:41 - Overriding database path with different value: C:\Users\chris\.stmcufinder\plugins\mcufinder/ => C:\Users\chris\.stmcufinder\plugins\mcufinder
2024-12-02 15:47:32,391 [INFO] DbMcusAds:125 - Set database path to: C:\Users\chris\.stmcufinder\plugins\mcufinder//mcu/
2024-12-02 15:47:32,391 [WARN] DbFile:41 - Overriding database path with different value: C:\Users\chris\.stmcufinder\plugins\mcufinder/ => C:\Users\chris\.stmcufinder\plugins\mcufinder
2024-12-02 15:47:32,391 [WARN] DbFile:41 - Overriding database path with different value: C:\Users\chris\.stmcufinder\plugins\mcufinder/ => C:\Users\chris\.stmcufinder\plugins\mcufinder
2024-12-02 15:47:32,391 [INFO] CrossReferenceDbSqlite:203 - Set database path to: C:\Users\chris\.stmcufinder\plugins\mcufinder//mcu/cs/
2024-12-02 15:47:32,457 [INFO] MainPanel:268 - HeapMemory: 268435456
2024-12-02 15:47:32,525 [INFO] DbMcusXml:78 - Set database path to: C:\ST\STM32CubeIDE_1.15.0\STM32CubeIDE\plugins\com.st.stm32cube.common.mx_6.12.1.202409122256\\db\/mcu/
2024-12-02 15:47:32,525 [INFO] ApiDb:274 - Set plugin database path to: C:\ST\STM32CubeIDE_1.15.0\STM32CubeIDE\plugins\com.st.stm32cube.common.mx_6.12.1.202409122256\\db\/plugins/boardmanager/
2024-12-02 15:47:32,525 [INFO] ApiDb:261 - Set plugin images path to: C:\ST\STM32CubeIDE_1.15.0\STM32CubeIDE\plugins\com.st.stm32cube.common.mx_6.12.1.202409122256\\db\/plugins/mcufinder/images/
2024-12-02 15:47:32,526 [WARN] DbFile:41 - Overriding database path with different value: C:\Users\chris\.stmcufinder\plugins\mcufinder/ => C:\Users\chris\.stmcufinder\plugins\mcufinder
2024-12-02 15:47:32,526 [INFO] ApiDb:250 - Set database path to: C:\Users\chris\.stmcufinder\plugins\mcufinder//mcu/
2024-12-02 15:47:32,526 [WARN] DbFile:41 - Overriding database path with different value: C:\Users\chris\.stmcufinder\plugins\mcufinder/ => C:\Users\chris\.stmcufinder\plugins\mcufinder
2024-12-02 15:47:32,526 [INFO] DbMcusAds:125 - Set database path to: C:\Users\chris\.stmcufinder\plugins\mcufinder//mcu/
2024-12-02 15:47:32,526 [WARN] DbFile:41 - Overriding database path with different value: C:\Users\chris\.stmcufinder\plugins\mcufinder/ => C:\Users\chris\.stmcufinder\plugins\mcufinder
2024-12-02 15:47:32,526 [WARN] DbFile:41 - Overriding database path with different value: C:\Users\chris\.stmcufinder\plugins\mcufinder/ => C:\Users\chris\.stmcufinder\plugins\mcufinder
2024-12-02 15:47:32,526 [INFO] CrossReferenceDbSqlite:203 - Set database path to: C:\Users\chris\.stmcufinder\plugins\mcufinder//mcu/cs/
2024-12-02 15:47:32,541 [INFO] ApplicationProperties:184 - Using Application install path: C:\ST\STM32CubeIDE_1.15.0\STM32CubeIDE\plugins\com.st.stm32cube.common.mx_6.12.1.202409122256
2024-12-02 15:47:32,542 [INFO] PluginManage:196 - Search for loadable plugins [exclusion list=, ]
2024-12-02 15:47:32,543 [INFO] PluginManage:310 - Check plugin analytics
2024-12-02 15:47:32,705 [INFO] AnalyticsPlugin:253 - Accepted Software Licenses: STM32CubeMX.6.11.0,STM32CubeMX.6.11.1,STM32CubeMX.6.9.2,STM32CubeMX.6.2.0
2024-12-02 15:47:32,706 [INFO] AnalyticsPlugin:255 - Accepted CMSIS Pack Licenses: STMicroelectronics.X-CUBE-EEPRMA1.4.1.0
2024-12-02 15:47:32,706 [INFO] AnalyticsPlugin:257 - Accepted Firmware Licenses: FW.F4.1.27.0,FW.F4.1.28.0
2024-12-02 15:47:32,708 [INFO] PluginManage:359 - Loaded plugin analytics (category:tool,tabindex:-1)
2024-12-02 15:47:32,708 [INFO] PluginManage:310 - Check plugin cadmodel
2024-12-02 15:47:32,712 [INFO] CADModel:105 - Init CAD model plugin
2024-12-02 15:47:32,712 [INFO] PluginManage:359 - Loaded plugin cadmodel (category:power,tabindex:5)
2024-12-02 15:47:32,712 [INFO] PluginManage:310 - Check plugin clock
2024-12-02 15:47:32,719 [INFO] PluginManage:359 - Loaded plugin clock (category:base,tabindex:2)
2024-12-02 15:47:32,719 [INFO] PluginManage:310 - Check plugin ddr
2024-12-02 15:47:32,720 [INFO] PluginManage:359 - Loaded plugin ddr (category:tool,tabindex:6)
2024-12-02 15:47:32,721 [INFO] PluginManage:310 - Check plugin filemanager
2024-12-02 15:47:32,878 [INFO] PluginManage:359 - Loaded plugin filemanager (category:base,tabindex:10)
2024-12-02 15:47:32,878 [INFO] PluginManage:310 - Check plugin ipmanager
2024-12-02 15:47:32,884 [INFO] PluginManage:359 - Loaded plugin ipmanager (category:base,tabindex:5)
2024-12-02 15:47:32,884 [INFO] PluginManage:310 - Check plugin lpbam
2024-12-02 15:47:32,891 [INFO] PluginManage:359 - Loaded plugin lpbam (category:base,tabindex:0)
2024-12-02 15:47:32,891 [INFO] PluginManage:310 - Check plugin memorymap
2024-12-02 15:47:32,900 [INFO] PluginManage:359 - Loaded plugin memorymap (category:base,tabindex:4)
2024-12-02 15:47:32,901 [INFO] PluginManage:310 - Check plugin pinoutandconfiguration
2024-12-02 15:47:32,907 [INFO] PluginManage:359 - Loaded plugin pinoutandconfiguration (category:base,tabindex:1)
2024-12-02 15:47:32,907 [INFO] PluginManage:310 - Check plugin pinoutconfig
2024-12-02 15:47:32,982 [WARN] SupportedApi:132 - Cannot load RTOS API schema: s4s-elt-must-match.1: The content of 'definitions' must match (annotation?, (simpleType | complexType)?, (unique | key | keyref)*)). A problem was found starting at: attribute.
2024-12-02 15:47:33,104 [INFO] PluginManage:359 - Loaded plugin pinoutconfig (category:base,tabindex:0)
2024-12-02 15:47:33,104 [INFO] PluginManage:310 - Check plugin power
2024-12-02 15:47:33,112 [INFO] PluginManage:359 - Loaded plugin power (category:power,tabindex:4)
2024-12-02 15:47:33,113 [INFO] PluginManage:310 - Check plugin projectmanager
2024-12-02 15:47:33,128 [INFO] PluginManage:359 - Loaded plugin projectmanager (category:projectmanager,tabindex:4)
2024-12-02 15:47:33,129 [INFO] PluginManage:310 - Check plugin rif
2024-12-02 15:47:33,133 [INFO] PluginManage:359 - Loaded plugin rif (category:base,tabindex:3)
2024-12-02 15:47:33,134 [INFO] PluginManage:310 - Check plugin thirdparty
2024-12-02 15:47:33,241 [INFO] PluginManage:359 - Loaded plugin thirdparty (category:base,tabindex:-1)
2024-12-02 15:47:33,241 [INFO] PluginManage:310 - Check plugin tools
2024-12-02 15:47:33,241 [WARN] IntegrityCheckThread:84 - waiting for thirdparty lock release [integrity check]
2024-12-02 15:47:33,242 [INFO] IntegrityCheckThread:86 - entering critical section [integrity check]
2024-12-02 15:47:33,242 [INFO] ThirdPartyUpdaterWithRetryManager:70 - Updater plugin not ready yet. [1/15]
2024-12-02 15:47:33,244 [INFO] PluginManage:359 - Loaded plugin tools (category:base,tabindex:7)
2024-12-02 15:47:33,244 [INFO] PluginManage:310 - Check plugin tutovideos
2024-12-02 15:47:33,403 [INFO] PluginManage:359 - Loaded plugin tutovideos (category:base,tabindex:-1)
2024-12-02 15:47:33,404 [INFO] PluginManage:310 - Check plugin updater
2024-12-02 15:47:33,419 [INFO] PluginManage:359 - Loaded plugin updater (category:base,tabindex:12)
2024-12-02 15:47:33,419 [INFO] PluginManage:310 - Check plugin userauth
2024-12-02 15:47:33,424 [INFO] UserAuth:113 - Init User Auth plugin
2024-12-02 15:47:33,424 [INFO] PluginManage:359 - Loaded plugin userauth (category:base,tabindex:14)
2024-12-02 15:47:33,424 [INFO] PluginManage:283 - PluginManage : Loaded plugins [18]
2024-12-02 15:47:33,606 [INFO] PinOutPanel:1561 - setPackage(No Configuration,No Configuration)
2024-12-02 15:47:33,678 [INFO] CADModel:165 - CPN selected for project level
2024-12-02 15:47:33,678 [INFO] CADModel:114 - Register for checkConnection events
2024-12-02 15:47:33,691 [INFO] IPUIPlugin:80 - create IPUIPlugin
2024-12-02 15:47:33,691 [INFO] PluginManager:220 - loadIPPluginJar : add adc
2024-12-02 15:47:33,693 [INFO] IPUIPlugin:80 - create IPUIPlugin
2024-12-02 15:47:33,693 [INFO] PluginManager:220 - loadIPPluginJar : add aes
2024-12-02 15:47:33,695 [INFO] IPUIPlugin:80 - create IPUIPlugin
2024-12-02 15:47:33,695 [INFO] PluginManager:220 - loadIPPluginJar : add can
2024-12-02 15:47:33,697 [INFO] IPUIPlugin:80 - create IPUIPlugin
2024-12-02 15:47:33,697 [INFO] PluginManager:220 - loadIPPluginJar : add comp
2024-12-02 15:47:33,699 [INFO] IPUIPlugin:80 - create IPUIPlugin
2024-12-02 15:47:33,699 [INFO] PluginManager:220 - loadIPPluginJar : add cryp
2024-12-02 15:47:33,700 [INFO] IPUIPlugin:80 - create IPUIPlugin
2024-12-02 15:47:33,700 [INFO] PluginManager:220 - loadIPPluginJar : add ddr_ctrl_phy
2024-12-02 15:47:33,702 [INFO] IPUIPlugin:80 - create IPUIPlugin
2024-12-02 15:47:33,702 [INFO] PluginManager:220 - loadIPPluginJar : add dfsdm
2024-12-02 15:47:33,706 [INFO] IPUIPlugin:80 - create IPUIPlugin
2024-12-02 15:47:33,707 [INFO] PluginManager:220 - loadIPPluginJar : add dma
2024-12-02 15:47:33,709 [INFO] IPUIPlugin:80 - create IPUIPlugin
2024-12-02 15:47:33,709 [INFO] PluginManager:220 - loadIPPluginJar : add dma3
2024-12-02 15:47:33,711 [INFO] IPUIPlugin:80 - create IPUIPlugin
2024-12-02 15:47:33,711 [INFO] PluginManager:220 - loadIPPluginJar : add extmemmanager
2024-12-02 15:47:33,712 [INFO] IPUIPlugin:80 - create IPUIPlugin
2024-12-02 15:47:33,712 [INFO] PluginManager:220 - loadIPPluginJar : add fatfs
2024-12-02 15:47:33,716 [INFO] IPUIPlugin:80 - create IPUIPlugin
2024-12-02 15:47:33,716 [INFO] PluginManager:220 - loadIPPluginJar : add fmc
2024-12-02 15:47:33,720 [INFO] IPUIPlugin:80 - create IPUIPlugin
2024-12-02 15:47:33,720 [INFO] PluginManager:220 - loadIPPluginJar : add freertos
2024-12-02 15:47:33,721 [INFO] IPUIPlugin:80 - create IPUIPlugin
2024-12-02 15:47:33,721 [INFO] PluginManager:220 - loadIPPluginJar : add genericplugin
2024-12-02 15:47:33,723 [INFO] IPUIPlugin:80 - create IPUIPlugin
2024-12-02 15:47:33,723 [INFO] PluginManager:220 - loadIPPluginJar : add gfxmmu
2024-12-02 15:47:33,727 [INFO] IPUIPlugin:80 - create IPUIPlugin
2024-12-02 15:47:33,727 [INFO] PluginManager:220 - loadIPPluginJar : add gic
2024-12-02 15:47:33,730 [INFO] IPUIPlugin:80 - create IPUIPlugin
2024-12-02 15:47:33,730 [INFO] PluginManager:220 - loadIPPluginJar : add gpio
2024-12-02 15:47:33,732 [INFO] IPUIPlugin:80 - create IPUIPlugin
2024-12-02 15:47:33,732 [INFO] PluginManager:220 - loadIPPluginJar : add gtzc
2024-12-02 15:47:33,734 [INFO] IPUIPlugin:80 - create IPUIPlugin
2024-12-02 15:47:33,734 [INFO] PluginManager:220 - loadIPPluginJar : add hash
2024-12-02 15:47:33,736 [INFO] IPUIPlugin:80 - create IPUIPlugin
2024-12-02 15:47:33,737 [INFO] PluginManager:220 - loadIPPluginJar : add i2c
2024-12-02 15:47:33,738 [INFO] IPUIPlugin:80 - create IPUIPlugin
2024-12-02 15:47:33,738 [INFO] PluginManager:220 - loadIPPluginJar : add i2s
2024-12-02 15:47:33,740 [INFO] IPUIPlugin:80 - create IPUIPlugin
2024-12-02 15:47:33,741 [INFO] PluginManager:220 - loadIPPluginJar : add i3c
2024-12-02 15:47:33,743 [INFO] IPUIPlugin:80 - create IPUIPlugin
2024-12-02 15:47:33,743 [INFO] PluginManager:220 - loadIPPluginJar : add ipddr
2024-12-02 15:47:33,748 [INFO] IPUIPlugin:80 - create IPUIPlugin
2024-12-02 15:47:33,749 [INFO] PluginManager:220 - loadIPPluginJar : add linkedlist
2024-12-02 15:47:33,751 [INFO] IPUIPlugin:80 - create IPUIPlugin
2024-12-02 15:47:33,751 [INFO] PluginManager:220 - loadIPPluginJar : add lorawan
2024-12-02 15:47:33,752 [INFO] IPUIPlugin:80 - create IPUIPlugin
2024-12-02 15:47:33,752 [INFO] PluginManager:220 - loadIPPluginJar : add ltdc
2024-12-02 15:47:33,756 [INFO] IPUIPlugin:80 - create IPUIPlugin
2024-12-02 15:47:33,756 [INFO] PluginManager:220 - loadIPPluginJar : add mdma
2024-12-02 15:47:33,759 [INFO] IPUIPlugin:80 - create IPUIPlugin
2024-12-02 15:47:33,759 [INFO] PluginManager:220 - loadIPPluginJar : add nvic
2024-12-02 15:47:33,761 [INFO] IPUIPlugin:80 - create IPUIPlugin
2024-12-02 15:47:33,761 [INFO] PluginManager:220 - loadIPPluginJar : add opamp
2024-12-02 15:47:33,763 [INFO] IPUIPlugin:80 - create IPUIPlugin
2024-12-02 15:47:33,763 [INFO] PluginManager:220 - loadIPPluginJar : add openamp
2024-12-02 15:47:33,765 [INFO] IPUIPlugin:80 - create IPUIPlugin
2024-12-02 15:47:33,765 [INFO] PluginManager:220 - loadIPPluginJar : add pdm2pcm
2024-12-02 15:47:33,769 [INFO] IPUIPlugin:80 - create IPUIPlugin
2024-12-02 15:47:33,771 [INFO] PluginManager:220 - loadIPPluginJar : add plateformsettings
2024-12-02 15:47:33,772 [INFO] IPUIPlugin:80 - create IPUIPlugin
2024-12-02 15:47:33,773 [INFO] PluginManager:220 - loadIPPluginJar : add quadspi
2024-12-02 15:47:33,774 [INFO] IPUIPlugin:80 - create IPUIPlugin
2024-12-02 15:47:33,774 [INFO] PluginManager:220 - loadIPPluginJar : add radio
2024-12-02 15:47:33,777 [INFO] IPUIPlugin:80 - create IPUIPlugin
2024-12-02 15:47:33,777 [INFO] PluginManager:220 - loadIPPluginJar : add resmgrutility
2024-12-02 15:47:33,779 [INFO] IPUIPlugin:80 - create IPUIPlugin
2024-12-02 15:47:33,779 [INFO] PluginManager:220 - loadIPPluginJar : add sai
2024-12-02 15:47:33,781 [INFO] IPUIPlugin:80 - create IPUIPlugin
2024-12-02 15:47:33,781 [INFO] PluginManager:220 - loadIPPluginJar : add spi
2024-12-02 15:47:33,784 [INFO] IPUIPlugin:80 - create IPUIPlugin
2024-12-02 15:47:33,784 [INFO] PluginManager:220 - loadIPPluginJar : add stm32_wpan
2024-12-02 15:47:33,786 [INFO] IPUIPlugin:80 - create IPUIPlugin
2024-12-02 15:47:33,786 [INFO] PluginManager:220 - loadIPPluginJar : add tim
2024-12-02 15:47:33,788 [INFO] IPUIPlugin:80 - create IPUIPlugin
2024-12-02 15:47:33,788 [INFO] PluginManager:220 - loadIPPluginJar : add touchsensing
2024-12-02 15:47:33,790 [INFO] IPUIPlugin:80 - create IPUIPlugin
2024-12-02 15:47:33,790 [INFO] PluginManager:220 - loadIPPluginJar : add tracer_emb
2024-12-02 15:47:33,791 [INFO] IPUIPlugin:80 - create IPUIPlugin
2024-12-02 15:47:33,791 [INFO] PluginManager:220 - loadIPPluginJar : add ts
2024-12-02 15:47:33,792 [INFO] IPUIPlugin:80 - create IPUIPlugin
2024-12-02 15:47:33,793 [INFO] PluginManager:220 - loadIPPluginJar : add tsc
2024-12-02 15:47:33,794 [INFO] IPUIPlugin:80 - create IPUIPlugin
2024-12-02 15:47:33,794 [INFO] PluginManager:220 - loadIPPluginJar : add ucpd
2024-12-02 15:47:33,796 [INFO] IPUIPlugin:80 - create IPUIPlugin
2024-12-02 15:47:33,796 [INFO] PluginManager:220 - loadIPPluginJar : add usart
2024-12-02 15:47:33,798 [INFO] IPUIPlugin:80 - create IPUIPlugin
2024-12-02 15:47:33,799 [INFO] PluginManager:220 - loadIPPluginJar : add usbx
2024-12-02 15:47:33,919 [INFO] CADModel:165 - CPN selected for project level
2024-12-02 15:47:33,919 [INFO] CADModel:114 - Register for checkConnection events
2024-12-02 15:47:33,920 [FATAL] Updater:334 - Updater called before beeing initialized
2024-12-02 15:47:33,920 [ERROR] CADModel:125 - Updater not yet initialized, retry later 
2024-12-02 15:47:34,026 [INFO] CADModel:165 - CPN selected for project level
2024-12-02 15:47:34,026 [INFO] CADModel:114 - Register for checkConnection events
2024-12-02 15:47:34,026 [FATAL] Updater:334 - Updater called before beeing initialized
2024-12-02 15:47:34,026 [ERROR] CADModel:125 - Updater not yet initialized, retry later 
2024-12-02 15:47:34,029 [FATAL] Updater:334 - Updater called before beeing initialized
2024-12-02 15:47:34,131 [FATAL] Updater:334 - Updater called before beeing initialized
2024-12-02 15:47:34,135 [INFO] DbMcusAds:53 - JSON generation date=Thu Sep 30 08:55:09 CEST 2021 (1632984909247)
2024-12-02 15:47:34,135 [FATAL] Updater:334 - Updater called before beeing initialized
2024-12-02 15:47:34,168 [WARN] DetailPanel:346 - Failed to get advertising image, set to default
2024-12-02 15:47:34,251 [FATAL] Updater:334 - Updater called before beeing initialized
2024-12-02 15:47:34,253 [FATAL] Updater:334 - Updater called before beeing initialized
2024-12-02 15:47:34,253 [FATAL] Updater:334 - Updater called before beeing initialized
2024-12-02 15:47:34,253 [WARN] DetailPanel:346 - Failed to get advertising image, set to default
2024-12-02 15:47:34,254 [FATAL] Updater:334 - Updater called before beeing initialized
2024-12-02 15:47:34,294 [ERROR] Updater:1164 - MainUpdater not yet initialized. External WinMGr cannot be set.
2024-12-02 15:47:34,296 [INFO] Updater:1100 - Updater Version found : 6.12.1
2024-12-02 15:47:34,311 [INFO] ApplicationProperties:184 - Using Application install path: C:\ST\STM32CubeIDE_1.15.0\STM32CubeIDE\plugins\com.st.stm32cube.common.mx_6.12.1.202409122256
2024-12-02 15:47:34,599 [INFO] MainUpdater:2873 - connection check result : 10
2024-12-02 15:47:34,599 [INFO] MainUpdater:290 - Updater Check For Update Now.
2024-12-02 15:47:34,599 [INFO] MicroXplorer:498 - Change Database Version : DB.6.0.121
2024-12-02 15:47:34,605 [INFO] McuFinderGlobals:63 - Set McuFinder mode to 2 (CubeIDE integrated)
2024-12-02 15:47:34,606 [INFO] UserAuth:417 - Internet connection configuration mode: 1
2024-12-02 15:47:34,623 [INFO] JxBrowserEngine:152 - Initiate JxBrowser Engine with user profile folder
2024-12-02 15:47:34,783 [INFO] CheckServerUpdateThread:120 - End of CheckServer Thread
2024-12-02 15:47:35,194 [INFO] WebApp:167 - Instantiating new browser for Auth
2024-12-02 15:47:35,824 [INFO] WebApp:448 - Apply proxy settings
2024-12-02 15:47:35,824 [INFO] WebApp:533 - Chromium requires no authentication
2024-12-02 15:47:35,831 [INFO] WebApp:476 - Direct internet connection detected
2024-12-02 15:47:35,851 [INFO] WebApp:869 - Register for checkConnection events
2024-12-02 15:47:35,852 [INFO] WebApp:448 - Apply proxy settings
2024-12-02 15:47:35,852 [INFO] WebApp:533 - Chromium requires no authentication
2024-12-02 15:47:35,853 [INFO] WebApp:476 - Direct internet connection detected
2024-12-02 15:47:35,988 [INFO] WebApp:220 - Starting web application
2024-12-02 15:47:35,989 [INFO] WebApp:578 - Web application path used C:\ST\STM32CubeIDE_1.15.0\STM32CubeIDE\plugins\com.st.stm32cube.common.mx_6.12.1.202409122256\db\plugins\mcufinder\reactClient1\index.html
2024-12-02 15:47:36,070 [INFO] UserAuth:417 - Internet connection configuration mode: 1
2024-12-02 15:47:36,161 [INFO] WebApp:186 - Connection restablished
2024-12-02 15:47:36,501 [WARN] PackLoader:240 - Cannot read IP mode file for STMicroelectronics.FP-SNS-MOTENVWB1.1.4.0
2024-12-02 15:47:36,520 [WARN] PackLoader:240 - Cannot read IP mode file for STMicroelectronics.FP-ATR-ASTRA1.2.0.1
2024-12-02 15:47:36,531 [WARN] PackLoader:240 - Cannot read IP mode file for STMicroelectronics.X-CUBE-SMBUS.2.1.0
2024-12-02 15:47:36,544 [WARN] PackLoader:240 - Cannot read IP mode file for STMicroelectronics.X-CUBE-WB05N.1.1.0
2024-12-02 15:47:36,555 [WARN] PackLoader:240 - Cannot read IP mode file for STMicroelectronics.X-CUBE-TOUCHGFX.4.23.2
2024-12-02 15:47:36,593 [WARN] PackLoader:240 - Cannot read IP mode file for STMicroelectronics.X-CUBE-AZRTOS-F7.1.1.0
2024-12-02 15:47:36,665 [WARN] PackLoader:240 - Cannot read IP mode file for STMicroelectronics.X-CUBE-MEMS1.11.0.0
2024-12-02 15:47:36,873 [WARN] PackLoader:240 - Cannot read IP mode file for STMicroelectronics.FP-SNS-FLIGHT1.5.0.2
2024-12-02 15:47:36,883 [WARN] PackLoader:240 - Cannot read IP mode file for STMicroelectronics.X-CUBE-DISPLAY.3.0.0
2024-12-02 15:47:36,893 [WARN] PackLoader:240 - Cannot read IP mode file for STMicroelectronics.X-CUBE-BLE1.7.0.0
2024-12-02 15:47:36,902 [WARN] PackLoader:240 - Cannot read IP mode file for STMicroelectronics.X-CUBE-NFC10.1.0.0
2024-12-02 15:47:36,910 [WARN] PackLoader:240 - Cannot read IP mode file for emotas.I-CUBE-CANOPEN.1.3.0
2024-12-02 15:47:36,920 [WARN] PackLoader:240 - Cannot read IP mode file for STMicroelectronics.X-CUBE-BLEMGR.3.1.0
2024-12-02 15:47:36,926 [WARN] PackLoader:240 - Cannot read IP mode file for STMicroelectronics.FP-SNS-SMARTAG2.1.2.0
2024-12-02 15:47:36,934 [INFO] LogOutputStream:77 - [STDOUT_REDIRECT] 1 : Invalid condition id : UX_CORESTACK_Condition cause : null
2024-12-02 15:47:36,935 [INFO] LogOutputStream:77 - [STDOUT_REDIRECT] 1 : Invalid condition id : UX_CORESTACK_Condition cause : null
2024-12-02 15:47:36,936 [INFO] LogOutputStream:77 - [STDOUT_REDIRECT] 1 : Invalid condition id : UX_CORESTACK_Condition cause : null
2024-12-02 15:47:36,937 [INFO] LogOutputStream:77 - [STDOUT_REDIRECT] 1 : Invalid condition id : UX_CORESTACK_Condition cause : null
2024-12-02 15:47:36,938 [INFO] LogOutputStream:77 - [STDOUT_REDIRECT] 1 : Invalid condition id : UX_CORESTACK_Condition cause : null
2024-12-02 15:47:36,941 [WARN] PackLoader:240 - Cannot read IP mode file for STMicroelectronics.X-CUBE-AZRTOS-WL.2.0.0
2024-12-02 15:47:36,946 [WARN] PackLoader:240 - Cannot read IP mode file for STMicroelectronics.FP-SNS-MOTENV1.5.0.0
2024-12-02 15:47:36,952 [WARN] PackLoader:240 - Cannot read IP mode file for wolfSSL.I-CUBE-wolfMQTT.1.19.0
2024-12-02 15:47:36,959 [WARN] PackLoader:240 - Cannot read IP mode file for WES.I-CUBE-Cesium.1.3.0
2024-12-02 15:47:36,964 [WARN] PackLoader:240 - Cannot read IP mode file for STMicroelectronics.X-CUBE-BLE2.3.3.0
2024-12-02 15:47:36,969 [WARN] PackLoader:240 - Cannot read IP mode file for STMicroelectronics.X-CUBE-NFC9.1.0.0
2024-12-02 15:47:36,976 [WARN] PackLoader:240 - Cannot read IP mode file for STMicroelectronics.X-CUBE-TCPP.4.1.0
2024-12-02 15:47:36,982 [WARN] PackLoader:240 - Cannot read IP mode file for STMicroelectronics.X-CUBE-ALGOBUILD.1.3.0
2024-12-02 15:47:36,995 [WARN] PackLoader:240 - Cannot read IP mode file for STMicroelectronics.X-CUBE-AZRTOS-G0.1.1.0
2024-12-02 15:47:37,001 [WARN] PackLoader:240 - Cannot read IP mode file for STMicroelectronics.X-CUBE-SAFEA1.1.2.2
2024-12-02 15:47:37,007 [WARN] PackLoader:240 - Cannot read IP mode file for STMicroelectronics.X-CUBE-NFC4.3.0.0
2024-12-02 15:47:37,010 [WARN] PackLoader:240 - Cannot read IP mode file for wolfSSL.I-CUBE-wolfMQTT.1.18.0
2024-12-02 15:47:37,017 [WARN] PackLoader:240 - Cannot read IP mode file for EmbeddedOffice.I-CUBE-FS-RTOS.1.0.1
2024-12-02 15:47:37,023 [ERROR] ConditionMgr:805 - Attr not supported : Dmpu
2024-12-02 15:47:37,024 [ERROR] ConditionMgr:805 - Attr not supported : Dmpu
2024-12-02 15:47:37,024 [ERROR] ConditionMgr:805 - Attr not supported : Dmpu
2024-12-02 15:47:37,024 [ERROR] ConditionMgr:805 - Attr not supported : Dmpu
2024-12-02 15:47:37,024 [ERROR] ConditionMgr:805 - Attr not supported : Dmpu
2024-12-02 15:47:37,024 [ERROR] ConditionMgr:805 - Attr not supported : Dmpu
2024-12-02 15:47:37,024 [ERROR] ConditionMgr:805 - Attr not supported : Dmpu
2024-12-02 15:47:37,024 [ERROR] ConditionMgr:805 - Attr not supported : Dmpu
2024-12-02 15:47:37,024 [ERROR] ConditionMgr:805 - Attr not supported : Dmpu
2024-12-02 15:47:37,024 [ERROR] ConditionMgr:805 - Attr not supported : Dmpu
2024-12-02 15:47:37,024 [ERROR] ConditionMgr:805 - Attr not supported : Dmpu
2024-12-02 15:47:37,024 [ERROR] ConditionMgr:805 - Attr not supported : Dmpu
2024-12-02 15:47:37,024 [ERROR] ConditionMgr:805 - Attr not supported : Dmpu
2024-12-02 15:47:37,024 [ERROR] ConditionMgr:805 - Attr not supported : Dmpu
2024-12-02 15:47:37,024 [ERROR] ConditionMgr:805 - Attr not supported : Dmpu
2024-12-02 15:47:37,025 [ERROR] ConditionMgr:805 - Attr not supported : Dmpu
2024-12-02 15:47:37,025 [ERROR] ConditionMgr:805 - Attr not supported : Dmpu
2024-12-02 15:47:37,025 [ERROR] ConditionMgr:805 - Attr not supported : Dmpu
2024-12-02 15:47:37,025 [ERROR] ConditionMgr:805 - Attr not supported : Dmpu
2024-12-02 15:47:37,025 [ERROR] ConditionMgr:805 - Attr not supported : Dmpu
2024-12-02 15:47:37,025 [ERROR] ConditionMgr:805 - Attr not supported : Dmpu
2024-12-02 15:47:37,025 [ERROR] ConditionMgr:805 - Attr not supported : Dmpu
2024-12-02 15:47:37,025 [ERROR] ConditionMgr:805 - Attr not supported : Dmpu
2024-12-02 15:47:37,025 [ERROR] ConditionMgr:805 - Attr not supported : Dmpu
2024-12-02 15:47:37,025 [ERROR] ConditionMgr:805 - Attr not supported : Dmpu
2024-12-02 15:47:37,025 [ERROR] ConditionMgr:805 - Attr not supported : Dmpu
2024-12-02 15:47:37,025 [ERROR] ConditionMgr:805 - Attr not supported : Dmpu
2024-12-02 15:47:37,025 [ERROR] ConditionMgr:805 - Attr not supported : Dmpu
2024-12-02 15:47:37,025 [ERROR] ConditionMgr:805 - Attr not supported : Dmpu
2024-12-02 15:47:37,025 [ERROR] ConditionMgr:805 - Attr not supported : Dmpu
2024-12-02 15:47:37,026 [ERROR] ConditionMgr:805 - Attr not supported : Dmpu
2024-12-02 15:47:37,026 [ERROR] ConditionMgr:805 - Attr not supported : Dmpu
2024-12-02 15:47:37,026 [ERROR] ConditionMgr:805 - Attr not supported : Dmpu
2024-12-02 15:47:37,026 [ERROR] ConditionMgr:805 - Attr not supported : Dmpu
2024-12-02 15:47:37,026 [ERROR] ConditionMgr:805 - Attr not supported : Dmpu
2024-12-02 15:47:37,026 [ERROR] ConditionMgr:805 - Attr not supported : Dmpu
2024-12-02 15:47:37,026 [ERROR] ConditionMgr:805 - Attr not supported : Dmpu
2024-12-02 15:47:37,026 [ERROR] ConditionMgr:805 - Attr not supported : Dmpu
2024-12-02 15:47:37,026 [ERROR] ConditionMgr:805 - Attr not supported : Dmpu
2024-12-02 15:47:37,026 [ERROR] ConditionMgr:805 - Attr not supported : Dmpu
2024-12-02 15:47:37,026 [ERROR] ConditionMgr:805 - Attr not supported : Dmpu
2024-12-02 15:47:37,026 [ERROR] ConditionMgr:805 - Attr not supported : Dmpu
2024-12-02 15:47:37,026 [ERROR] ConditionMgr:805 - Attr not supported : Dmpu
2024-12-02 15:47:37,026 [ERROR] ConditionMgr:805 - Attr not supported : Dmpu
2024-12-02 15:47:37,026 [ERROR] ConditionMgr:805 - Attr not supported : Dmpu
2024-12-02 15:47:37,027 [ERROR] ConditionMgr:805 - Attr not supported : Dmpu
2024-12-02 15:47:37,027 [ERROR] ConditionMgr:805 - Attr not supported : Dmpu
2024-12-02 15:47:37,027 [ERROR] ConditionMgr:805 - Attr not supported : Dmpu
2024-12-02 15:47:37,027 [ERROR] ConditionMgr:805 - Attr not supported : Dmpu
2024-12-02 15:47:37,027 [ERROR] ConditionMgr:805 - Attr not supported : Dmpu
2024-12-02 15:47:37,027 [ERROR] ConditionMgr:805 - Attr not supported : Dmpu
2024-12-02 15:47:37,027 [ERROR] ConditionMgr:805 - Attr not supported : Dmpu
2024-12-02 15:47:37,027 [ERROR] ConditionMgr:805 - Attr not supported : Dmpu
2024-12-02 15:47:37,027 [ERROR] ConditionMgr:805 - Attr not supported : Dmpu
2024-12-02 15:47:37,027 [ERROR] ConditionMgr:805 - Attr not supported : Dmpu
2024-12-02 15:47:37,027 [ERROR] ConditionMgr:805 - Attr not supported : Dmpu
2024-12-02 15:47:37,027 [ERROR] ConditionMgr:805 - Attr not supported : Dmpu
2024-12-02 15:47:37,027 [ERROR] ConditionMgr:805 - Attr not supported : Dmpu
2024-12-02 15:47:37,027 [ERROR] ConditionMgr:805 - Attr not supported : Dmpu
2024-12-02 15:47:37,027 [ERROR] ConditionMgr:805 - Attr not supported : Dmpu
2024-12-02 15:47:37,027 [ERROR] ConditionMgr:805 - Attr not supported : Dmpu
2024-12-02 15:47:37,027 [ERROR] ConditionMgr:805 - Attr not supported : Dmpu
2024-12-02 15:47:37,028 [ERROR] ConditionMgr:805 - Attr not supported : Dmpu
2024-12-02 15:47:37,028 [ERROR] ConditionMgr:805 - Attr not supported : Dmpu
2024-12-02 15:47:37,031 [WARN] PackLoader:240 - Cannot read IP mode file for RealThread.X-CUBE-RT-Thread_Nano.4.1.1
2024-12-02 15:47:37,035 [WARN] PackLoader:240 - Cannot read IP mode file for wolfSSL.I-CUBE-wolfSSL.5.7.0
2024-12-02 15:47:37,040 [WARN] PackLoader:240 - Cannot read IP mode file for STMicroelectronics.FP-ATR-SIGFOX1.3.2.0
2024-12-02 15:47:37,044 [WARN] ConditionMgr:438 - getConditionDescription Invalid condition id : Cortex-A Device cause : null
2024-12-02 15:47:37,067 [WARN] ConditionMgr:1039 - genDependencies : Invalid condition id : Cortex-A Device cause : null
2024-12-02 15:47:37,067 [WARN] ConditionMgr:1039 - genDependencies : Invalid condition id : Cortex-A Device cause : null
2024-12-02 15:47:37,067 [WARN] ConditionMgr:1039 - genDependencies : Invalid condition id : Cortex-A Device cause : null
2024-12-02 15:47:37,073 [WARN] PackLoader:240 - Cannot read IP mode file for STMicroelectronics.X-CUBE-EEPRMA1.5.1.0
2024-12-02 15:47:37,080 [WARN] PackLoader:240 - Cannot read IP mode file for ITTIA_DB.I-CUBE-ITTIADB.8.9.0
2024-12-02 15:47:37,107 [WARN] PackLoader:240 - Cannot read IP mode file for SEGGER.I-CUBE-embOS.1.3.1
2024-12-02 15:47:37,150 [WARN] PackLoader:240 - Cannot read IP mode file for STMicroelectronics.X-CUBE-ALGOBUILD.1.4.0
2024-12-02 15:47:37,155 [WARN] PackLoader:240 - Cannot read IP mode file for STMicroelectronics.X-CUBE-AI.9.1.0
2024-12-02 15:47:37,159 [WARN] PackLoader:240 - Cannot read IP mode file for STMicroelectronics.X-CUBE-GNSS1.6.0.0
2024-12-02 15:47:37,172 [WARN] PackLoader:240 - Cannot read IP mode file for STMicroelectronics.X-CUBE-AZRTOS-F4.1.1.0
2024-12-02 15:47:37,177 [WARN] PackLoader:240 - Cannot read IP mode file for STMicroelectronics.X-CUBE-ISPU.2.1.0
2024-12-02 15:47:37,182 [WARN] PackLoader:240 - Cannot read IP mode file for STMicroelectronics.X-CUBE-FREERTOS.1.2.0
2024-12-02 15:47:37,194 [WARN] PackLoader:240 - Cannot read IP mode file for STMicroelectronics.X-CUBE-AZRTOS-L5.2.0.0
2024-12-02 15:47:37,203 [WARN] PackLoader:240 - Cannot read IP mode file for STMicroelectronics.X-CUBE-NFC6.3.1.0
2024-12-02 15:47:37,210 [WARN] PackLoader:240 - Cannot read IP mode file for STMicroelectronics.X-CUBE-DPower.1.2.0
2024-12-02 15:47:37,213 [WARN] PackLoader:240 - Cannot read IP mode file for STMicroelectronics.X-CUBE-AI.9.0.0
2024-12-02 15:47:37,217 [WARN] PackLoader:240 - Cannot read IP mode file for STMicroelectronics.X-CUBE-NFC7.1.0.1
2024-12-02 15:47:37,221 [WARN] PackLoader:240 - Cannot read IP mode file for wolfSSL.I-CUBE-wolfTPM.3.2.0
2024-12-02 15:47:37,226 [WARN] PackLoader:240 - Cannot read IP mode file for STMicroelectronics.X-CUBE-EEPRMA1.4.1.0
2024-12-02 15:47:37,315 [WARN] ConditionMgr:438 - getConditionDescription Invalid condition id : LAN8742 Phy interface Condition cause : null
2024-12-02 15:47:37,316 [WARN] PackLoader:240 - Cannot read IP mode file for STMicroelectronics.X-CUBE-AZRTOS-L4.2.0.0
2024-12-02 15:47:37,316 [WARN] ConditionMgr:1039 - genDependencies : Invalid condition id : LAN8742 Phy interface Condition cause : null
2024-12-02 15:47:37,317 [WARN] ConditionMgr:1039 - genDependencies : Invalid condition id : LAN8742 Phy interface Condition cause : null
2024-12-02 15:47:37,317 [WARN] ConditionMgr:1039 - genDependencies : Invalid condition id : LAN8742 Phy interface Condition cause : null
2024-12-02 15:47:37,324 [WARN] PackLoader:240 - Cannot read IP mode file for STMicroelectronics.X-CUBE-SFXS2LP1.4.0.0
2024-12-02 15:47:37,341 [WARN] PackLoader:240 - Cannot read IP mode file for STMicroelectronics.X-CUBE-AZRTOS-H7.3.3.0
2024-12-02 15:47:37,351 [WARN] PackLoader:240 - Cannot read IP mode file for STMicroelectronics.X-CUBE-IPS.3.0.0
2024-12-02 15:47:37,367 [WARN] ConditionMgr:438 - getConditionDescription Invalid condition id : UX DEVICE CLASS RTOS Condition cause : null
2024-12-02 15:47:37,367 [WARN] ConditionMgr:438 - getConditionDescription Invalid condition id : UX DEVICE CLASS RTOS Condition cause : null
2024-12-02 15:47:37,369 [WARN] PackLoader:240 - Cannot read IP mode file for STMicroelectronics.X-CUBE-AZRTOS-WB.2.0.0
2024-12-02 15:47:37,370 [WARN] ConditionMgr:1039 - genDependencies : Invalid condition id : UX DEVICE CLASS RTOS Condition cause : null
2024-12-02 15:47:37,370 [WARN] ConditionMgr:1039 - genDependencies : Invalid condition id : UX DEVICE CLASS RTOS Condition cause : null
2024-12-02 15:47:37,371 [WARN] ConditionMgr:1039 - genDependencies : Invalid condition id : UX DEVICE CLASS RTOS Condition cause : null
2024-12-02 15:47:37,371 [WARN] ConditionMgr:1039 - genDependencies : Invalid condition id : UX DEVICE CLASS RTOS Condition cause : null
2024-12-02 15:47:37,371 [WARN] ConditionMgr:1039 - genDependencies : Invalid condition id : UX DEVICE CLASS RTOS Condition cause : null
2024-12-02 15:47:37,375 [WARN] PackLoader:240 - Cannot read IP mode file for STMicroelectronics.X-CUBE-GNSS1.7.0.0
2024-12-02 15:47:37,381 [WARN] PackLoader:240 - Cannot read IP mode file for STMicroelectronics.FP-SNS-STBOX1.2.0.0
2024-12-02 15:47:37,391 [WARN] PackLoader:240 - Cannot read IP mode file for STMicroelectronics.X-CUBE-SUBG2.5.0.0
2024-12-02 15:47:37,405 [WARN] PackLoader:240 - Cannot read IP mode file for STMicroelectronics.X-CUBE-AZRTOS-G4.2.0.0
2024-12-02 15:47:37,410 [WARN] PackLoader:240 - Cannot read IP mode file for STMicroelectronics.X-CUBE-ISPU.2.0.0
2024-12-02 15:47:37,414 [WARN] PackLoader:240 - Cannot read IP mode file for STMicroelectronics.X-CUBE-ALS.1.0.2
2024-12-02 15:47:37,448 [WARN] PackLoader:240 - Cannot read IP mode file for STMicroelectronics.X-CUBE-MEMS1.10.0.0
2024-12-02 15:47:37,546 [WARN] PackLoader:240 - Cannot read IP mode file for STMicroelectronics.X-CUBE-FREERTOS.1.1.0
2024-12-02 15:47:37,553 [WARN] PackLoader:240 - Cannot read IP mode file for STMicroelectronics.X-CUBE-TOUCHGFX.4.24.0
2024-12-02 15:47:37,557 [WARN] PackLoader:240 - Cannot read IP mode file for STMicroelectronics.X-CUBE-TOUCHGFX.4.24.1
2024-12-02 15:47:37,561 [WARN] PackLoader:240 - Cannot read IP mode file for portGmbH.I-Cube-SoM-uGOAL.1.1.0
2024-12-02 15:47:37,564 [WARN] PackLoader:240 - Cannot read IP mode file for STMicroelectronics.X-CUBE-ALS.1.0.1
2024-12-02 15:47:37,582 [WARN] PackLoader:240 - Cannot read IP mode file for STMicroelectronics.X-CUBE-AZRTOS-H7RS.1.0.0
2024-12-02 15:47:37,587 [WARN] PackLoader:240 - Cannot read IP mode file for STMicroelectronics.FP-ATR-ASTRA1.2.0.0
2024-12-02 15:47:37,595 [WARN] PackLoader:240 - Cannot read IP mode file for STMicroelectronics.X-CUBE-TOF1.3.4.2
2024-12-02 15:47:37,610 [WARN] PackLoader:240 - Cannot read IP mode file for STMicroelectronics.X-CUBE-TOF1.3.4.1
2024-12-02 15:47:37,630 [WARN] PackLoader:240 - Cannot read IP mode file for STMicroelectronics.X-CUBE-AZRTOS-H7.3.2.0
2024-12-02 15:47:37,643 [WARN] PackLoader:240 - Cannot read IP mode file for Infineon.AIROC-Wi-Fi-Bluetooth-STM32.1.6.0
2024-12-02 15:47:37,652 [WARN] PackLoader:240 - Cannot read IP mode file for wolfSSL.I-CUBE-wolfSSH.1.4.17
2024-12-02 15:47:37,653 [INFO] ThirdParty:978 - Integrity check success = true
2024-12-02 15:47:37,654 [INFO] IntegrityCheckThread:100 - exiting critical section [integrity check]
2024-12-02 15:47:37,654 [INFO] IntegrityCheckThread:103 - End integrity checks thread
2024-12-02 16:26:11,072 [ERROR] LogOutputStream:75 - [STDERR_REDIRECT] 
